sentencepiece_trainer.cc(116) LOG(INFO) Running command: --input=models/en_bpe_2683_vocab.txt --model_prefix=models/en_bpe_2683_vocab --vocab_size=2683 --model_type=bpe
sentencepiece_trainer.cc(49) LOG(INFO) Starts training with : 
TrainerSpec {
  input: models/en_bpe_2683_vocab.txt
  input_format: 
  model_prefix: models/en_bpe_2683_vocab
  model_type: BPE
  vocab_size: 2683
  self_test_sample_size: 0
  character_coverage: 0.9995
  input_sentence_size: 0
  shuffle_input_sentence: 1
  seed_sentencepiece_size: 1000000
  shrinking_factor: 0.75
  max_sentence_length: 4192
  num_threads: 16
  num_sub_iterations: 2
  max_sentencepiece_length: 16
  split_by_unicode_script: 1
  split_by_number: 1
  split_by_whitespace: 1
  treat_whitespace_as_suffix: 0
  hard_vocab_limit: 1
  use_all_vocab: 0
  unk_id: 0
  bos_id: 1
  eos_id: 2
  pad_id: -1
  unk_piece: <unk>
  bos_piece: <s>
  eos_piece: </s>
  pad_piece: <pad>
  unk_surface:  ⁇ 
}
NormalizerSpec {
  name: nmt_nfkc
  add_dummy_prefix: 1
  remove_extra_whitespaces: 1
  escape_whitespaces: 1
  normalization_rule_tsv: 
}

trainer_interface.cc(267) LOG(INFO) Loading corpus: models/en_bpe_2683_vocab.txt
trainer_interface.cc(315) LOG(INFO) Loaded all 1000 sentences
trainer_interface.cc(330) LOG(INFO) Adding meta_piece: <unk>
trainer_interface.cc(330) LOG(INFO) Adding meta_piece: <s>
trainer_interface.cc(330) LOG(INFO) Adding meta_piece: </s>
trainer_interface.cc(335) LOG(INFO) Normalizing sentences...
trainer_interface.cc(384) LOG(INFO) all chars count=111139
trainer_interface.cc(392) LOG(INFO) Done: 99.955% characters are covered.
trainer_interface.cc(402) LOG(INFO) Alphabet size=79
trainer_interface.cc(403) LOG(INFO) Final character coverage=0.99955
trainer_interface.cc(435) LOG(INFO) Done! preprocessed 1000 sentences.
trainer_interface.cc(441) LOG(INFO) Tokenizing input sentences with whitespace: 1000
trainer_interface.cc(451) LOG(INFO) Done! 6769
bpe_model_trainer.cc(166) LOG(INFO) Updating active symbols. max_freq=2617 min_freq=1
bpe_model_trainer.cc(257) LOG(INFO) Added: freq=678 size=20 all=1804 active=1718 piece=ar
bpe_model_trainer.cc(257) LOG(INFO) Added: freq=361 size=40 all=2481 active=2395 piece=om
bpe_model_trainer.cc(257) LOG(INFO) Added: freq=213 size=60 all=3181 active=3095 piece=ro
bpe_model_trainer.cc(257) LOG(INFO) Added: freq=174 size=80 all=3826 active=3740 piece=▁B
bpe_model_trainer.cc(257) LOG(INFO) Added: freq=133 size=100 all=4314 active=4228 piece=▁H
bpe_model_trainer.cc(166) LOG(INFO) Updating active symbols. max_freq=133 min_freq=11
bpe_model_trainer.cc(257) LOG(INFO) Added: freq=105 size=120 all=4782 active=1447 piece=▁E
bpe_model_trainer.cc(257) LOG(INFO) Added: freq=88 size=140 all=5264 active=1929 piece=▁ex
bpe_model_trainer.cc(257) LOG(INFO) Added: freq=77 size=160 all=5675 active=2340 piece=▁were
bpe_model_trainer.cc(257) LOG(INFO) Added: freq=69 size=180 all=6045 active=2710 piece=our
bpe_model_trainer.cc(257) LOG(INFO) Added: freq=62 size=200 all=6398 active=3063 piece=▁19
bpe_model_trainer.cc(166) LOG(INFO) Updating active symbols. max_freq=62 min_freq=10
bpe_model_trainer.cc(257) LOG(INFO) Added: freq=54 size=220 all=6693 active=1286 piece=▁this
bpe_model_trainer.cc(257) LOG(INFO) Added: freq=50 size=240 all=7003 active=1596 piece=ions
bpe_model_trainer.cc(257) LOG(INFO) Added: freq=43 size=260 all=7259 active=1852 piece=ire
bpe_model_trainer.cc(257) LOG(INFO) Added: freq=40 size=280 all=7476 active=2069 piece=reat
bpe_model_trainer.cc(257) LOG(INFO) Added: freq=37 size=300 all=7664 active=2257 piece=ark
bpe_model_trainer.cc(166) LOG(INFO) Updating active symbols. max_freq=37 min_freq=9
bpe_model_trainer.cc(257) LOG(INFO) Added: freq=34 size=320 all=7868 active=1189 piece=00
bpe_model_trainer.cc(257) LOG(INFO) Added: freq=32 size=340 all=8085 active=1406 piece=ors
bpe_model_trainer.cc(257) LOG(INFO) Added: freq=31 size=360 all=8266 active=1587 piece=▁pol
bpe_model_trainer.cc(257) LOG(INFO) Added: freq=29 size=380 all=8520 active=1841 piece=▁acc
bpe_model_trainer.cc(257) LOG(INFO) Added: freq=26 size=400 all=8629 active=1950 piece=ach
bpe_model_trainer.cc(166) LOG(INFO) Updating active symbols. max_freq=26 min_freq=8
bpe_model_trainer.cc(257) LOG(INFO) Added: freq=24 size=420 all=8780 active=1140 piece=ert
bpe_model_trainer.cc(257) LOG(INFO) Added: freq=22 size=440 all=8894 active=1254 piece=▁As
bpe_model_trainer.cc(257) LOG(INFO) Added: freq=21 size=460 all=9025 active=1385 piece=▁est
bpe_model_trainer.cc(257) LOG(INFO) Added: freq=20 size=480 all=9159 active=1519 piece=▁ind
bpe_model_trainer.cc(257) LOG(INFO) Added: freq=19 size=500 all=9259 active=1619 piece=ury
bpe_model_trainer.cc(166) LOG(INFO) Updating active symbols. max_freq=19 min_freq=7
bpe_model_trainer.cc(257) LOG(INFO) Added: freq=18 size=520 all=9356 active=1095 piece=la
bpe_model_trainer.cc(257) LOG(INFO) Added: freq=18 size=540 all=9509 active=1247 piece=▁develop
bpe_model_trainer.cc(257) LOG(INFO) Added: freq=17 size=560 all=9659 active=1397 piece=iter
bpe_model_trainer.cc(257) LOG(INFO) Added: freq=17 size=580 all=9722 active=1460 piece=▁direct
bpe_model_trainer.cc(257) LOG(INFO) Added: freq=16 size=600 all=9824 active=1562 piece=▁par
bpe_model_trainer.cc(166) LOG(INFO) Updating active symbols. max_freq=16 min_freq=6
bpe_model_trainer.cc(257) LOG(INFO) Added: freq=15 size=620 all=9945 active=1116 piece=iew
bpe_model_trainer.cc(257) LOG(INFO) Added: freq=15 size=640 all=10040 active=1211 piece=▁like
bpe_model_trainer.cc(257) LOG(INFO) Added: freq=14 size=660 all=10078 active=1249 piece=uch
bpe_model_trainer.cc(257) LOG(INFO) Added: freq=14 size=680 all=10163 active=1334 piece=▁day
bpe_model_trainer.cc(257) LOG(INFO) Added: freq=14 size=700 all=10217 active=1388 piece=▁polit
bpe_model_trainer.cc(166) LOG(INFO) Updating active symbols. max_freq=14 min_freq=6
bpe_model_trainer.cc(257) LOG(INFO) Added: freq=13 size=720 all=10285 active=1067 piece=ames
bpe_model_trainer.cc(257) LOG(INFO) Added: freq=13 size=740 all=10349 active=1131 piece=▁disc
bpe_model_trainer.cc(257) LOG(INFO) Added: freq=12 size=760 all=10415 active=1197 piece=its
bpe_model_trainer.cc(257) LOG(INFO) Added: freq=12 size=780 all=10501 active=1283 piece=▁see
bpe_model_trainer.cc(257) LOG(INFO) Added: freq=12 size=800 all=10535 active=1317 piece=▁Austral
bpe_model_trainer.cc(166) LOG(INFO) Updating active symbols. max_freq=12 min_freq=5
bpe_model_trainer.cc(257) LOG(INFO) Added: freq=11 size=820 all=10629 active=1092 piece=▁fl
bpe_model_trainer.cc(257) LOG(INFO) Added: freq=11 size=840 all=10703 active=1166 piece=riend
bpe_model_trainer.cc(257) LOG(INFO) Added: freq=11 size=860 all=10714 active=1177 piece=▁several
bpe_model_trainer.cc(257) LOG(INFO) Added: freq=10 size=880 all=10802 active=1265 piece=man
bpe_model_trainer.cc(257) LOG(INFO) Added: freq=10 size=900 all=10893 active=1356 piece=▁Rep
bpe_model_trainer.cc(166) LOG(INFO) Updating active symbols. max_freq=10 min_freq=5
bpe_model_trainer.cc(257) LOG(INFO) Added: freq=10 size=920 all=10935 active=1042 piece=▁head
bpe_model_trainer.cc(257) LOG(INFO) Added: freq=10 size=940 all=10944 active=1051 piece=▁success
bpe_model_trainer.cc(257) LOG(INFO) Added: freq=9 size=960 all=11026 active=1133 piece=ris
bpe_model_trainer.cc(257) LOG(INFO) Added: freq=9 size=980 all=11113 active=1220 piece=▁Acc
bpe_model_trainer.cc(257) LOG(INFO) Added: freq=9 size=1000 all=11156 active=1263 piece=ummer
bpe_model_trainer.cc(166) LOG(INFO) Updating active symbols. max_freq=9 min_freq=5
bpe_model_trainer.cc(257) LOG(INFO) Added: freq=9 size=1020 all=11167 active=1010 piece=▁colon
bpe_model_trainer.cc(257) LOG(INFO) Added: freq=9 size=1040 all=11172 active=1015 piece=▁According
bpe_model_trainer.cc(257) LOG(INFO) Added: freq=8 size=1060 all=11250 active=1093 piece=orn
bpe_model_trainer.cc(257) LOG(INFO) Added: freq=8 size=1080 all=11332 active=1175 piece=lict
bpe_model_trainer.cc(257) LOG(INFO) Added: freq=8 size=1100 all=11387 active=1230 piece=▁ful
bpe_model_trainer.cc(166) LOG(INFO) Updating active symbols. max_freq=8 min_freq=4
bpe_model_trainer.cc(257) LOG(INFO) Added: freq=8 size=1120 all=11426 active=1038 piece=▁cost
bpe_model_trainer.cc(257) LOG(INFO) Added: freq=8 size=1140 all=11451 active=1063 piece=▁least
bpe_model_trainer.cc(257) LOG(INFO) Added: freq=8 size=1160 all=11462 active=1074 piece=▁histor
bpe_model_trainer.cc(257) LOG(INFO) Added: freq=7 size=1180 all=11481 active=1093 piece=bl
bpe_model_trainer.cc(257) LOG(INFO) Added: freq=7 size=1200 all=11582 active=1194 piece=▁--
bpe_model_trainer.cc(166) LOG(INFO) Updating active symbols. max_freq=7 min_freq=4
bpe_model_trainer.cc(257) LOG(INFO) Added: freq=7 size=1220 all=11646 active=1065 piece=iver
bpe_model_trainer.cc(257) LOG(INFO) Added: freq=7 size=1240 all=11685 active=1104 piece=▁pea
bpe_model_trainer.cc(257) LOG(INFO) Added: freq=7 size=1260 all=11727 active=1146 piece=reaty
bpe_model_trainer.cc(257) LOG(INFO) Added: freq=7 size=1280 all=11745 active=1164 piece=▁thir
bpe_model_trainer.cc(257) LOG(INFO) Added: freq=7 size=1300 all=11767 active=1186 piece=▁conqu
bpe_model_trainer.cc(166) LOG(INFO) Updating active symbols. max_freq=7 min_freq=4
bpe_model_trainer.cc(257) LOG(INFO) Added: freq=7 size=1320 all=11786 active=1016 piece=▁become
bpe_model_trainer.cc(257) LOG(INFO) Added: freq=7 size=1340 all=11787 active=1017 piece=▁working
bpe_model_trainer.cc(257) LOG(INFO) Added: freq=6 size=1360 all=11821 active=1051 piece=ave
bpe_model_trainer.cc(257) LOG(INFO) Added: freq=6 size=1380 all=11887 active=1117 piece=ubl
bpe_model_trainer.cc(257) LOG(INFO) Added: freq=6 size=1400 all=11943 active=1173 piece=arch
bpe_model_trainer.cc(166) LOG(INFO) Updating active symbols. max_freq=6 min_freq=4
bpe_model_trainer.cc(257) LOG(INFO) Added: freq=6 size=1420 all=11988 active=1041 piece=▁aff
bpe_model_trainer.cc(257) LOG(INFO) Added: freq=6 size=1440 all=12019 active=1072 piece=iting
bpe_model_trainer.cc(257) LOG(INFO) Added: freq=6 size=1460 all=12052 active=1105 piece=▁conn
bpe_model_trainer.cc(257) LOG(INFO) Added: freq=6 size=1480 all=12072 active=1125 piece=▁sold
bpe_model_trainer.cc(257) LOG(INFO) Added: freq=6 size=1500 all=12102 active=1155 piece=▁front
bpe_model_trainer.cc(166) LOG(INFO) Updating active symbols. max_freq=6 min_freq=3
bpe_model_trainer.cc(257) LOG(INFO) Added: freq=6 size=1520 all=12107 active=1005 piece=▁former
bpe_model_trainer.cc(257) LOG(INFO) Added: freq=6 size=1540 all=12099 active=997 piece=▁distric
bpe_model_trainer.cc(257) LOG(INFO) Added: freq=6 size=1560 all=12091 active=989 piece=▁completely
bpe_model_trainer.cc(257) LOG(INFO) Added: freq=5 size=1580 all=12156 active=1054 piece=arr
bpe_model_trainer.cc(257) LOG(INFO) Added: freq=5 size=1600 all=12231 active=1129 piece=roy
bpe_model_trainer.cc(166) LOG(INFO) Updating active symbols. max_freq=5 min_freq=3
bpe_model_trainer.cc(257) LOG(INFO) Added: freq=5 size=1620 all=12271 active=1039 piece=ails
bpe_model_trainer.cc(257) LOG(INFO) Added: freq=5 size=1640 all=12315 active=1083 piece=reet
bpe_model_trainer.cc(257) LOG(INFO) Added: freq=5 size=1660 all=12350 active=1118 piece=▁You
bpe_model_trainer.cc(257) LOG(INFO) Added: freq=5 size=1680 all=12370 active=1138 piece=▁tum
bpe_model_trainer.cc(257) LOG(INFO) Added: freq=5 size=1700 all=12403 active=1171 piece=onium
bpe_model_trainer.cc(166) LOG(INFO) Updating active symbols. max_freq=5 min_freq=3
bpe_model_trainer.cc(257) LOG(INFO) Added: freq=5 size=1720 all=12419 active=1016 piece=▁exec
bpe_model_trainer.cc(257) LOG(INFO) Added: freq=5 size=1740 all=12439 active=1036 piece=▁want
bpe_model_trainer.cc(257) LOG(INFO) Added: freq=5 size=1760 all=12459 active=1056 piece=▁above
bpe_model_trainer.cc(257) LOG(INFO) Added: freq=5 size=1780 all=12460 active=1057 piece=▁sites
bpe_model_trainer.cc(257) LOG(INFO) Added: freq=5 size=1800 all=12461 active=1058 piece=▁cities
bpe_model_trainer.cc(166) LOG(INFO) Updating active symbols. max_freq=5 min_freq=3
bpe_model_trainer.cc(257) LOG(INFO) Added: freq=5 size=1820 all=12465 active=1005 piece=▁another
bpe_model_trainer.cc(257) LOG(INFO) Added: freq=5 size=1840 all=12458 active=998 piece=▁thought
bpe_model_trainer.cc(257) LOG(INFO) Added: freq=5 size=1860 all=12443 active=983 piece=▁developed
bpe_model_trainer.cc(257) LOG(INFO) Added: freq=4 size=1880 all=12435 active=975 piece=50
bpe_model_trainer.cc(257) LOG(INFO) Added: freq=4 size=1900 all=12499 active=1039 piece=elt
bpe_model_trainer.cc(166) LOG(INFO) Updating active symbols. max_freq=4 min_freq=3
bpe_model_trainer.cc(257) LOG(INFO) Added: freq=4 size=1920 all=12560 active=1059 piece=nic
bpe_model_trainer.cc(257) LOG(INFO) Added: freq=4 size=1940 all=12595 active=1094 piece=▁Sl
bpe_model_trainer.cc(257) LOG(INFO) Added: freq=4 size=1960 all=12627 active=1126 piece=berg
bpe_model_trainer.cc(257) LOG(INFO) Added: freq=4 size=1980 all=12659 active=1158 piece=kish
bpe_model_trainer.cc(257) LOG(INFO) Added: freq=4 size=2000 all=12705 active=1204 piece=wide
bpe_model_trainer.cc(166) LOG(INFO) Updating active symbols. max_freq=4 min_freq=3
bpe_model_trainer.cc(257) LOG(INFO) Added: freq=4 size=2020 all=12733 active=1028 piece=▁Sam
bpe_model_trainer.cc(257) LOG(INFO) Added: freq=4 size=2040 all=12754 active=1049 piece=▁saf
bpe_model_trainer.cc(257) LOG(INFO) Added: freq=4 size=2060 all=12793 active=1088 piece=under
bpe_model_trainer.cc(257) LOG(INFO) Added: freq=4 size=2080 all=12792 active=1087 piece=▁answ
bpe_model_trainer.cc(257) LOG(INFO) Added: freq=4 size=2100 all=12791 active=1086 piece=▁lack
bpe_model_trainer.cc(166) LOG(INFO) Updating active symbols. max_freq=4 min_freq=3
bpe_model_trainer.cc(257) LOG(INFO) Added: freq=4 size=2120 all=12795 active=1004 piece=▁sent
bpe_model_trainer.cc(257) LOG(INFO) Added: freq=4 size=2140 all=12814 active=1023 piece=evirke
bpe_model_trainer.cc(257) LOG(INFO) Added: freq=4 size=2160 all=12822 active=1031 piece=▁espec
bpe_model_trainer.cc(257) LOG(INFO) Added: freq=4 size=2180 all=12821 active=1030 piece=▁mount
bpe_model_trainer.cc(257) LOG(INFO) Added: freq=4 size=2200 all=12821 active=1030 piece=▁wrote
bpe_model_trainer.cc(166) LOG(INFO) Updating active symbols. max_freq=4 min_freq=2
bpe_model_trainer.cc(257) LOG(INFO) Added: freq=4 size=2220 all=12818 active=998 piece=▁commun
bpe_model_trainer.cc(257) LOG(INFO) Added: freq=4 size=2240 all=12817 active=997 piece=▁others
bpe_model_trainer.cc(257) LOG(INFO) Added: freq=4 size=2260 all=12810 active=990 piece=▁actions
bpe_model_trainer.cc(257) LOG(INFO) Added: freq=4 size=2280 all=12803 active=983 piece=▁married
bpe_model_trainer.cc(257) LOG(INFO) Added: freq=4 size=2300 all=12791 active=971 piece=▁Egyptian
bpe_model_trainer.cc(166) LOG(INFO) Updating active symbols. max_freq=4 min_freq=2
bpe_model_trainer.cc(257) LOG(INFO) Added: freq=4 size=2320 all=12781 active=991 piece=▁problems
bpe_model_trainer.cc(257) LOG(INFO) Added: freq=4 size=2340 all=12765 active=975 piece=▁Republican
bpe_model_trainer.cc(257) LOG(INFO) Added: freq=3 size=2360 all=12777 active=987 piece=be
bpe_model_trainer.cc(257) LOG(INFO) Added: freq=3 size=2380 all=12823 active=1033 piece=ats
bpe_model_trainer.cc(257) LOG(INFO) Added: freq=3 size=2400 all=12865 active=1075 piece=ils
bpe_model_trainer.cc(166) LOG(INFO) Updating active symbols. max_freq=3 min_freq=2
bpe_model_trainer.cc(257) LOG(INFO) Added: freq=3 size=2420 all=12917 active=1050 piece=rot
bpe_model_trainer.cc(257) LOG(INFO) Added: freq=3 size=2440 all=12950 active=1083 piece=▁Le
bpe_model_trainer.cc(257) LOG(INFO) Added: freq=3 size=2460 all=12972 active=1105 piece=akia
bpe_model_trainer.cc(257) LOG(INFO) Added: freq=3 size=2480 all=12998 active=1131 piece=ergy
bpe_model_trainer.cc(257) LOG(INFO) Added: freq=3 size=2500 all=13027 active=1160 piece=medi
bpe_model_trainer.cc(166) LOG(INFO) Updating active symbols. max_freq=3 min_freq=2
bpe_model_trainer.cc(257) LOG(INFO) Added: freq=3 size=2520 all=13063 active=1035 piece=uffy
bpe_model_trainer.cc(257) LOG(INFO) Added: freq=3 size=2540 all=13083 active=1055 piece=▁Net
bpe_model_trainer.cc(257) LOG(INFO) Added: freq=3 size=2560 all=13095 active=1067 piece=▁dro
bpe_model_trainer.cc(257) LOG(INFO) Added: freq=3 size=2580 all=13106 active=1078 piece=▁ord
bpe_model_trainer.cc(257) LOG(INFO) Added: freq=3 size=2600 all=13128 active=1100 piece=anded
bpe_model_trainer.cc(166) LOG(INFO) Updating active symbols. max_freq=3 min_freq=2
trainer_interface.cc(507) LOG(INFO) Saving model: models/en_bpe_2683_vocab.model
trainer_interface.cc(531) LOG(INFO) Saving vocabs: models/en_bpe_2683_vocab.vocab
