sentencepiece_trainer.cc(116) LOG(INFO) Running command: --input=models/id_bpe_4689_vocab.txt --model_prefix=models/id_bpe_4689_vocab --vocab_size=4689 --model_type=bpe
sentencepiece_trainer.cc(49) LOG(INFO) Starts training with : 
TrainerSpec {
  input: models/id_bpe_4689_vocab.txt
  input_format: 
  model_prefix: models/id_bpe_4689_vocab
  model_type: BPE
  vocab_size: 4689
  self_test_sample_size: 0
  character_coverage: 0.9995
  input_sentence_size: 0
  shuffle_input_sentence: 1
  seed_sentencepiece_size: 1000000
  shrinking_factor: 0.75
  max_sentence_length: 4192
  num_threads: 16
  num_sub_iterations: 2
  max_sentencepiece_length: 16
  split_by_unicode_script: 1
  split_by_number: 1
  split_by_whitespace: 1
  treat_whitespace_as_suffix: 0
  hard_vocab_limit: 1
  use_all_vocab: 0
  unk_id: 0
  bos_id: 1
  eos_id: 2
  pad_id: -1
  unk_piece: <unk>
  bos_piece: <s>
  eos_piece: </s>
  pad_piece: <pad>
  unk_surface:  ⁇ 
}
NormalizerSpec {
  name: nmt_nfkc
  add_dummy_prefix: 1
  remove_extra_whitespaces: 1
  escape_whitespaces: 1
  normalization_rule_tsv: 
}

trainer_interface.cc(267) LOG(INFO) Loading corpus: models/id_bpe_4689_vocab.txt
trainer_interface.cc(315) LOG(INFO) Loaded all 1000 sentences
trainer_interface.cc(330) LOG(INFO) Adding meta_piece: <unk>
trainer_interface.cc(330) LOG(INFO) Adding meta_piece: <s>
trainer_interface.cc(330) LOG(INFO) Adding meta_piece: </s>
trainer_interface.cc(335) LOG(INFO) Normalizing sentences...
trainer_interface.cc(384) LOG(INFO) all chars count=119747
trainer_interface.cc(392) LOG(INFO) Done: 99.9532% characters are covered.
trainer_interface.cc(402) LOG(INFO) Alphabet size=76
trainer_interface.cc(403) LOG(INFO) Final character coverage=0.999532
trainer_interface.cc(435) LOG(INFO) Done! preprocessed 1000 sentences.
trainer_interface.cc(441) LOG(INFO) Tokenizing input sentences with whitespace: 1000
trainer_interface.cc(451) LOG(INFO) Done! 6260
bpe_model_trainer.cc(166) LOG(INFO) Updating active symbols. max_freq=5120 min_freq=1
bpe_model_trainer.cc(257) LOG(INFO) Added: freq=777 size=20 all=1806 active=1729 piece=ah
bpe_model_trainer.cc(257) LOG(INFO) Added: freq=345 size=40 all=2561 active=2484 piece=ing
bpe_model_trainer.cc(257) LOG(INFO) Added: freq=275 size=60 all=3448 active=3371 piece=ir
bpe_model_trainer.cc(257) LOG(INFO) Added: freq=196 size=80 all=4083 active=4006 piece=ung
bpe_model_trainer.cc(257) LOG(INFO) Added: freq=163 size=100 all=4632 active=4555 piece=ent
bpe_model_trainer.cc(166) LOG(INFO) Updating active symbols. max_freq=161 min_freq=12
bpe_model_trainer.cc(257) LOG(INFO) Added: freq=125 size=120 all=5017 active=1335 piece=ti
bpe_model_trainer.cc(257) LOG(INFO) Added: freq=100 size=140 all=5551 active=1869 piece=anya
bpe_model_trainer.cc(257) LOG(INFO) Added: freq=82 size=160 all=5937 active=2255 piece=ikan
bpe_model_trainer.cc(257) LOG(INFO) Added: freq=70 size=180 all=6241 active=2559 piece=atu
bpe_model_trainer.cc(257) LOG(INFO) Added: freq=65 size=200 all=6520 active=2838 piece=agian
bpe_model_trainer.cc(166) LOG(INFO) Updating active symbols. max_freq=64 min_freq=11
bpe_model_trainer.cc(257) LOG(INFO) Added: freq=58 size=220 all=6810 active=1286 piece=amp
bpe_model_trainer.cc(257) LOG(INFO) Added: freq=52 size=240 all=7136 active=1612 piece=ch
bpe_model_trainer.cc(257) LOG(INFO) Added: freq=47 size=260 all=7322 active=1798 piece=ati
bpe_model_trainer.cc(257) LOG(INFO) Added: freq=43 size=280 all=7530 active=2006 piece=ena
bpe_model_trainer.cc(257) LOG(INFO) Added: freq=40 size=300 all=7771 active=2247 piece=uran
bpe_model_trainer.cc(166) LOG(INFO) Updating active symbols. max_freq=40 min_freq=9
bpe_model_trainer.cc(257) LOG(INFO) Added: freq=36 size=320 all=7932 active=1150 piece=▁(
bpe_model_trainer.cc(257) LOG(INFO) Added: freq=34 size=340 all=8094 active=1312 piece=▁lain
bpe_model_trainer.cc(257) LOG(INFO) Added: freq=31 size=360 all=8218 active=1436 piece=▁201
bpe_model_trainer.cc(257) LOG(INFO) Added: freq=29 size=380 all=8442 active=1660 piece=▁Amer
bpe_model_trainer.cc(257) LOG(INFO) Added: freq=27 size=400 all=8548 active=1766 piece=▁sed
bpe_model_trainer.cc(166) LOG(INFO) Updating active symbols. max_freq=27 min_freq=8
bpe_model_trainer.cc(257) LOG(INFO) Added: freq=26 size=420 all=8663 active=1111 piece=▁sudah
bpe_model_trainer.cc(257) LOG(INFO) Added: freq=24 size=440 all=8820 active=1268 piece=ai
bpe_model_trainer.cc(257) LOG(INFO) Added: freq=23 size=460 all=8940 active=1388 piece=etap
bpe_model_trainer.cc(257) LOG(INFO) Added: freq=22 size=480 all=9062 active=1510 piece=▁uj
bpe_model_trainer.cc(257) LOG(INFO) Added: freq=21 size=500 all=9149 active=1597 piece=▁kes
bpe_model_trainer.cc(166) LOG(INFO) Updating active symbols. max_freq=21 min_freq=7
bpe_model_trainer.cc(257) LOG(INFO) Added: freq=20 size=520 all=9282 active=1123 piece=iter
bpe_model_trainer.cc(257) LOG(INFO) Added: freq=19 size=540 all=9409 active=1250 piece=uka
bpe_model_trainer.cc(257) LOG(INFO) Added: freq=18 size=560 all=9487 active=1328 piece=ard
bpe_model_trainer.cc(257) LOG(INFO) Added: freq=18 size=580 all=9608 active=1449 piece=▁film
bpe_model_trainer.cc(257) LOG(INFO) Added: freq=17 size=600 all=9717 active=1557 piece=imb
bpe_model_trainer.cc(166) LOG(INFO) Updating active symbols. max_freq=17 min_freq=7
bpe_model_trainer.cc(257) LOG(INFO) Added: freq=17 size=620 all=9823 active=1090 piece=▁kedua
bpe_model_trainer.cc(257) LOG(INFO) Added: freq=16 size=640 all=9926 active=1193 piece=asan
bpe_model_trainer.cc(257) LOG(INFO) Added: freq=16 size=660 all=10015 active=1282 piece=▁peny
bpe_model_trainer.cc(257) LOG(INFO) Added: freq=15 size=680 all=10095 active=1362 piece=enuh
bpe_model_trainer.cc(257) LOG(INFO) Added: freq=15 size=700 all=10149 active=1416 piece=janjian
bpe_model_trainer.cc(166) LOG(INFO) Updating active symbols. max_freq=15 min_freq=6
bpe_model_trainer.cc(257) LOG(INFO) Added: freq=14 size=720 all=10284 active=1134 piece=land
bpe_model_trainer.cc(257) LOG(INFO) Added: freq=14 size=740 all=10356 active=1206 piece=▁bahasa
bpe_model_trainer.cc(257) LOG(INFO) Added: freq=13 size=760 all=10417 active=1267 piece=▁Ch
bpe_model_trainer.cc(257) LOG(INFO) Added: freq=13 size=780 all=10502 active=1352 piece=irkan
bpe_model_trainer.cc(257) LOG(INFO) Added: freq=13 size=800 all=10521 active=1371 piece=▁politik
bpe_model_trainer.cc(166) LOG(INFO) Updating active symbols. max_freq=13 min_freq=6
bpe_model_trainer.cc(257) LOG(INFO) Added: freq=12 size=820 all=10627 active=1106 piece=▁em
bpe_model_trainer.cc(257) LOG(INFO) Added: freq=12 size=840 all=10667 active=1146 piece=▁tahu
bpe_model_trainer.cc(257) LOG(INFO) Added: freq=11 size=860 all=10695 active=1174 piece=ne
bpe_model_trainer.cc(257) LOG(INFO) Added: freq=11 size=880 all=10807 active=1286 piece=▁eks
bpe_model_trainer.cc(257) LOG(INFO) Added: freq=11 size=900 all=10847 active=1326 piece=▁tind
bpe_model_trainer.cc(166) LOG(INFO) Updating active symbols. max_freq=11 min_freq=5
bpe_model_trainer.cc(257) LOG(INFO) Added: freq=11 size=920 all=10858 active=1010 piece=▁bersama
bpe_model_trainer.cc(257) LOG(INFO) Added: freq=10 size=940 all=10903 active=1055 piece=eal
bpe_model_trainer.cc(257) LOG(INFO) Added: freq=10 size=960 all=11019 active=1171 piece=erah
bpe_model_trainer.cc(257) LOG(INFO) Added: freq=10 size=980 all=11071 active=1223 piece=▁Para
bpe_model_trainer.cc(257) LOG(INFO) Added: freq=10 size=1000 all=11081 active=1233 piece=erintahan
bpe_model_trainer.cc(166) LOG(INFO) Updating active symbols. max_freq=10 min_freq=5
bpe_model_trainer.cc(257) LOG(INFO) Added: freq=9 size=1020 all=11144 active=1061 piece=ell
bpe_model_trainer.cc(257) LOG(INFO) Added: freq=9 size=1040 all=11245 active=1162 piece=isar
bpe_model_trainer.cc(257) LOG(INFO) Added: freq=9 size=1060 all=11293 active=1210 piece=alkan
bpe_model_trainer.cc(257) LOG(INFO) Added: freq=9 size=1080 all=11322 active=1239 piece=ubahan
bpe_model_trainer.cc(257) LOG(INFO) Added: freq=9 size=1100 all=11336 active=1253 piece=ungkinan
bpe_model_trainer.cc(166) LOG(INFO) Updating active symbols. max_freq=9 min_freq=4
bpe_model_trainer.cc(257) LOG(INFO) Added: freq=8 size=1120 all=11325 active=988 piece=7.
bpe_model_trainer.cc(257) LOG(INFO) Added: freq=8 size=1140 all=11411 active=1074 piece=▁st
bpe_model_trainer.cc(257) LOG(INFO) Added: freq=8 size=1160 all=11460 active=1123 piece=▁kek
bpe_model_trainer.cc(257) LOG(INFO) Added: freq=8 size=1180 all=11515 active=1178 piece=▁Kong
bpe_model_trainer.cc(257) LOG(INFO) Added: freq=8 size=1200 all=11522 active=1185 piece=▁drama
bpe_model_trainer.cc(166) LOG(INFO) Updating active symbols. max_freq=8 min_freq=4
bpe_model_trainer.cc(257) LOG(INFO) Added: freq=8 size=1220 all=11516 active=995 piece=▁ungkap
bpe_model_trainer.cc(257) LOG(INFO) Added: freq=8 size=1240 all=11503 active=982 piece=▁meninggalkan
bpe_model_trainer.cc(257) LOG(INFO) Added: freq=7 size=1260 all=11589 active=1068 piece=rat
bpe_model_trainer.cc(257) LOG(INFO) Added: freq=7 size=1280 all=11642 active=1121 piece=akup
bpe_model_trainer.cc(257) LOG(INFO) Added: freq=7 size=1300 all=11699 active=1178 piece=umah
bpe_model_trainer.cc(166) LOG(INFO) Updating active symbols. max_freq=7 min_freq=4
bpe_model_trainer.cc(257) LOG(INFO) Added: freq=7 size=1320 all=11742 active=1040 piece=▁pat
bpe_model_trainer.cc(257) LOG(INFO) Added: freq=7 size=1340 all=11778 active=1076 piece=▁alat
bpe_model_trainer.cc(257) LOG(INFO) Added: freq=7 size=1360 all=11788 active=1086 piece=▁barat
bpe_model_trainer.cc(257) LOG(INFO) Added: freq=7 size=1380 all=11798 active=1096 piece=▁bangsa
bpe_model_trainer.cc(257) LOG(INFO) Added: freq=7 size=1400 all=11788 active=1086 piece=▁memberi
bpe_model_trainer.cc(166) LOG(INFO) Updating active symbols. max_freq=7 min_freq=4
bpe_model_trainer.cc(257) LOG(INFO) Added: freq=7 size=1420 all=11774 active=987 piece=▁memenangkan
bpe_model_trainer.cc(257) LOG(INFO) Added: freq=6 size=1440 all=11837 active=1050 piece=iko
bpe_model_trainer.cc(257) LOG(INFO) Added: freq=6 size=1460 all=11878 active=1091 piece=asar
bpe_model_trainer.cc(257) LOG(INFO) Added: freq=6 size=1480 all=11920 active=1133 piece=▁Chr
bpe_model_trainer.cc(257) LOG(INFO) Added: freq=6 size=1500 all=11950 active=1163 piece=ayaan
bpe_model_trainer.cc(166) LOG(INFO) Updating active symbols. max_freq=6 min_freq=4
bpe_model_trainer.cc(257) LOG(INFO) Added: freq=6 size=1520 all=11979 active=1027 piece=▁istr
bpe_model_trainer.cc(257) LOG(INFO) Added: freq=6 size=1540 all=12000 active=1048 piece=lahkan
bpe_model_trainer.cc(257) LOG(INFO) Added: freq=6 size=1560 all=12002 active=1050 piece=▁titik
bpe_model_trainer.cc(257) LOG(INFO) Added: freq=6 size=1580 all=12005 active=1053 piece=▁target
bpe_model_trainer.cc(257) LOG(INFO) Added: freq=6 size=1600 all=11998 active=1046 piece=▁pelangg
bpe_model_trainer.cc(166) LOG(INFO) Updating active symbols. max_freq=6 min_freq=3
bpe_model_trainer.cc(257) LOG(INFO) Added: freq=6 size=1620 all=11985 active=986 piece=▁transisi
bpe_model_trainer.cc(257) LOG(INFO) Added: freq=6 size=1640 all=11969 active=970 piece=▁pertandingan
bpe_model_trainer.cc(257) LOG(INFO) Added: freq=5 size=1660 all=12027 active=1028 piece=ean
bpe_model_trainer.cc(257) LOG(INFO) Added: freq=5 size=1680 all=12082 active=1083 piece=uas
bpe_model_trainer.cc(257) LOG(INFO) Added: freq=5 size=1700 all=12116 active=1117 piece=arna
bpe_model_trainer.cc(166) LOG(INFO) Updating active symbols. max_freq=5 min_freq=3
bpe_model_trainer.cc(257) LOG(INFO) Added: freq=5 size=1720 all=12181 active=1062 piece=usat
bpe_model_trainer.cc(257) LOG(INFO) Added: freq=5 size=1740 all=12203 active=1084 piece=▁jam
bpe_model_trainer.cc(257) LOG(INFO) Added: freq=5 size=1760 all=12239 active=1120 piece=lasan
bpe_model_trainer.cc(257) LOG(INFO) Added: freq=5 size=1780 all=12250 active=1131 piece=▁Meks
bpe_model_trainer.cc(257) LOG(INFO) Added: freq=5 size=1800 all=12260 active=1141 piece=▁post
bpe_model_trainer.cc(166) LOG(INFO) Updating active symbols. max_freq=5 min_freq=3
bpe_model_trainer.cc(257) LOG(INFO) Added: freq=5 size=1820 all=12268 active=1008 piece=▁benua
bpe_model_trainer.cc(257) LOG(INFO) Added: freq=5 size=1840 all=12262 active=1002 piece=▁studi
bpe_model_trainer.cc(257) LOG(INFO) Added: freq=5 size=1860 all=12271 active=1011 piece=▁berita
bpe_model_trainer.cc(257) LOG(INFO) Added: freq=5 size=1880 all=12268 active=1008 piece=▁Agustus
bpe_model_trainer.cc(257) LOG(INFO) Added: freq=5 size=1900 all=12253 active=993 piece=▁tanaman
bpe_model_trainer.cc(166) LOG(INFO) Updating active symbols. max_freq=5 min_freq=3
bpe_model_trainer.cc(257) LOG(INFO) Added: freq=5 size=1920 all=12240 active=988 piece=▁semuanya
bpe_model_trainer.cc(257) LOG(INFO) Added: freq=5 size=1940 all=12221 active=969 piece=▁University
bpe_model_trainer.cc(257) LOG(INFO) Added: freq=4 size=1960 all=12230 active=978 piece=ce
bpe_model_trainer.cc(257) LOG(INFO) Added: freq=4 size=1980 all=12289 active=1037 piece=den
bpe_model_trainer.cc(257) LOG(INFO) Added: freq=4 size=2000 all=12355 active=1103 piece=ott
bpe_model_trainer.cc(166) LOG(INFO) Updating active symbols. max_freq=4 min_freq=3
bpe_model_trainer.cc(257) LOG(INFO) Added: freq=4 size=2020 all=12389 active=1030 piece=▁El
bpe_model_trainer.cc(257) LOG(INFO) Added: freq=4 size=2040 all=12423 active=1064 piece=amen
bpe_model_trainer.cc(257) LOG(INFO) Added: freq=4 size=2060 all=12454 active=1095 piece=jual
bpe_model_trainer.cc(257) LOG(INFO) Added: freq=4 size=2080 all=12487 active=1128 piece=▁100
bpe_model_trainer.cc(257) LOG(INFO) Added: freq=4 size=2100 all=12508 active=1149 piece=▁Sam
bpe_model_trainer.cc(166) LOG(INFO) Updating active symbols. max_freq=4 min_freq=3
bpe_model_trainer.cc(257) LOG(INFO) Added: freq=4 size=2120 all=12529 active=1019 piece=▁sal
bpe_model_trainer.cc(257) LOG(INFO) Added: freq=4 size=2140 all=12556 active=1046 piece=igasi
bpe_model_trainer.cc(257) LOG(INFO) Added: freq=4 size=2160 all=12581 active=1071 piece=▁Brit
bpe_model_trainer.cc(257) LOG(INFO) Added: freq=4 size=2180 all=12574 active=1064 piece=▁kuda
bpe_model_trainer.cc(257) LOG(INFO) Added: freq=4 size=2200 all=12585 active=1075 piece=argaan
bpe_model_trainer.cc(166) LOG(INFO) Updating active symbols. max_freq=4 min_freq=3
bpe_model_trainer.cc(257) LOG(INFO) Added: freq=4 size=2220 all=12597 active=1012 piece=▁Great
bpe_model_trainer.cc(257) LOG(INFO) Added: freq=4 size=2240 all=12585 active=1000 piece=▁bekas
bpe_model_trainer.cc(257) LOG(INFO) Added: freq=4 size=2260 all=12578 active=993 piece=▁pecah
bpe_model_trainer.cc(257) LOG(INFO) Added: freq=4 size=2280 all=12582 active=997 piece=ikirkan
bpe_model_trainer.cc(257) LOG(INFO) Added: freq=4 size=2300 all=12584 active=999 piece=▁hancur
bpe_model_trainer.cc(166) LOG(INFO) Updating active symbols. max_freq=4 min_freq=2
bpe_model_trainer.cc(257) LOG(INFO) Added: freq=4 size=2320 all=12577 active=994 piece=▁senang
bpe_model_trainer.cc(257) LOG(INFO) Added: freq=4 size=2340 all=12576 active=993 piece=▁anggota
bpe_model_trainer.cc(257) LOG(INFO) Added: freq=4 size=2360 all=12563 active=980 piece=▁syuting
bpe_model_trainer.cc(257) LOG(INFO) Added: freq=4 size=2380 all=12546 active=963 piece=▁karakter
bpe_model_trainer.cc(257) LOG(INFO) Added: freq=4 size=2400 all=12533 active=950 piece=▁ketentuan
bpe_model_trainer.cc(166) LOG(INFO) Updating active symbols. max_freq=4 min_freq=2
bpe_model_trainer.cc(257) LOG(INFO) Added: freq=4 size=2420 all=12513 active=981 piece=▁pendidikan
bpe_model_trainer.cc(257) LOG(INFO) Added: freq=4 size=2440 all=12494 active=962 piece=▁pemberontakan
bpe_model_trainer.cc(257) LOG(INFO) Added: freq=3 size=2460 all=12539 active=1007 piece=”,
bpe_model_trainer.cc(257) LOG(INFO) Added: freq=3 size=2480 all=12581 active=1049 piece=erg
bpe_model_trainer.cc(257) LOG(INFO) Added: freq=3 size=2500 all=12619 active=1087 piece=omb
bpe_model_trainer.cc(166) LOG(INFO) Updating active symbols. max_freq=3 min_freq=2
bpe_model_trainer.cc(257) LOG(INFO) Added: freq=3 size=2520 all=12656 active=1036 piece=ver
bpe_model_trainer.cc(257) LOG(INFO) Added: freq=3 size=2540 all=12679 active=1059 piece=▁Op
bpe_model_trainer.cc(257) LOG(INFO) Added: freq=3 size=2560 all=12695 active=1075 piece=ance
bpe_model_trainer.cc(257) LOG(INFO) Added: freq=3 size=2580 all=12723 active=1103 piece=guna
bpe_model_trainer.cc(257) LOG(INFO) Added: freq=3 size=2600 all=12743 active=1123 piece=kira
bpe_model_trainer.cc(166) LOG(INFO) Updating active symbols. max_freq=3 min_freq=2
bpe_model_trainer.cc(257) LOG(INFO) Added: freq=3 size=2620 all=12759 active=1017 piece=ukur
bpe_model_trainer.cc(257) LOG(INFO) Added: freq=3 size=2640 all=12778 active=1036 piece=▁Did
bpe_model_trainer.cc(257) LOG(INFO) Added: freq=3 size=2660 all=12801 active=1059 piece=▁Wri
bpe_model_trainer.cc(257) LOG(INFO) Added: freq=3 size=2680 all=12809 active=1067 piece=▁obl
bpe_model_trainer.cc(257) LOG(INFO) Added: freq=3 size=2700 all=12828 active=1086 piece=buhan
bpe_model_trainer.cc(166) LOG(INFO) Updating active symbols. max_freq=3 min_freq=2
bpe_model_trainer.cc(257) LOG(INFO) Added: freq=3 size=2720 all=12851 active=1022 piece=india
bpe_model_trainer.cc(257) LOG(INFO) Added: freq=3 size=2740 all=12864 active=1035 piece=stitu
bpe_model_trainer.cc(257) LOG(INFO) Added: freq=3 size=2760 all=12870 active=1041 piece=▁Kita
bpe_model_trainer.cc(257) LOG(INFO) Added: freq=3 size=2780 all=12866 active=1037 piece=▁daya
bpe_model_trainer.cc(257) LOG(INFO) Added: freq=3 size=2800 all=12862 active=1033 piece=▁rute
bpe_model_trainer.cc(166) LOG(INFO) Updating active symbols. max_freq=3 min_freq=2
bpe_model_trainer.cc(257) LOG(INFO) Added: freq=3 size=2820 all=12864 active=1003 piece=angkat
bpe_model_trainer.cc(257) LOG(INFO) Added: freq=3 size=2840 all=12885 active=1024 piece=ington
bpe_model_trainer.cc(257) LOG(INFO) Added: freq=3 size=2860 all=12883 active=1022 piece=▁Krist
bpe_model_trainer.cc(257) LOG(INFO) Added: freq=3 size=2880 all=12867 active=1006 piece=▁bodoh
bpe_model_trainer.cc(257) LOG(INFO) Added: freq=3 size=2900 all=12854 active=993 piece=▁legal
bpe_model_trainer.cc(166) LOG(INFO) Updating active symbols. max_freq=3 min_freq=2
bpe_model_trainer.cc(257) LOG(INFO) Added: freq=3 size=2920 all=12844 active=991 piece=▁pusat
bpe_model_trainer.cc(257) LOG(INFO) Added: freq=3 size=2940 all=12836 active=983 piece=empatan
bpe_model_trainer.cc(257) LOG(INFO) Added: freq=3 size=2960 all=12845 active=992 piece=▁Balkan
bpe_model_trainer.cc(257) LOG(INFO) Added: freq=3 size=2980 all=12833 active=980 piece=▁aturan
bpe_model_trainer.cc(257) LOG(INFO) Added: freq=3 size=3000 all=12822 active=969 piece=▁menyes
bpe_model_trainer.cc(166) LOG(INFO) Updating active symbols. max_freq=3 min_freq=2
bpe_model_trainer.cc(257) LOG(INFO) Added: freq=3 size=3020 all=12817 active=994 piece=eluruhan
bpe_model_trainer.cc(257) LOG(INFO) Added: freq=3 size=3040 all=12805 active=982 piece=▁didakwa
bpe_model_trainer.cc(257) LOG(INFO) Added: freq=3 size=3060 all=12787 active=964 piece=▁merekam
bpe_model_trainer.cc(257) LOG(INFO) Added: freq=3 size=3080 all=12775 active=952 piece=▁Columbus
bpe_model_trainer.cc(257) LOG(INFO) Added: freq=3 size=3100 all=12756 active=933 piece=▁mengalir
bpe_model_trainer.cc(166) LOG(INFO) Updating active symbols. max_freq=3 min_freq=2
bpe_model_trainer.cc(257) LOG(INFO) Added: freq=3 size=3120 all=12738 active=983 piece=▁terpisah
bpe_model_trainer.cc(257) LOG(INFO) Added: freq=3 size=3140 all=12720 active=965 piece=▁menaikkan
bpe_model_trainer.cc(257) LOG(INFO) Added: freq=3 size=3160 all=12701 active=946 piece=▁kekaisaran
bpe_model_trainer.cc(257) LOG(INFO) Added: freq=3 size=3180 all=12682 active=927 piece=▁berpengaruh
bpe_model_trainer.cc(257) LOG(INFO) Added: freq=3 size=3200 all=12662 active=907 piece=▁Pemerintahan
bpe_model_trainer.cc(166) LOG(INFO) Updating active symbols. max_freq=3 min_freq=2
bpe_model_trainer.cc(257) LOG(INFO) Added: freq=2 size=3220 all=12650 active=989 piece=94
bpe_model_trainer.cc(257) LOG(INFO) Added: freq=2 size=3240 all=12667 active=1006 piece=eou
bpe_model_trainer.cc(257) LOG(INFO) Added: freq=2 size=3260 all=12686 active=1025 piece=ora
bpe_model_trainer.cc(257) LOG(INFO) Added: freq=2 size=3280 all=12703 active=1042 piece=▁33
bpe_model_trainer.cc(257) LOG(INFO) Added: freq=2 size=3300 all=12709 active=1048 piece=ajam
bpe_model_trainer.cc(166) LOG(INFO) Updating active symbols. max_freq=2 min_freq=2
bpe_model_trainer.cc(257) LOG(INFO) Added: freq=2 size=3320 all=12733 active=1024 piece=sig
bpe_model_trainer.cc(257) LOG(INFO) Added: freq=2 size=3340 all=12752 active=1043 piece=arth
bpe_model_trainer.cc(257) LOG(INFO) Added: freq=2 size=3360 all=12770 active=1061 piece=ergi
bpe_model_trainer.cc(257) LOG(INFO) Added: freq=2 size=3380 all=12785 active=1076 piece=nest
bpe_model_trainer.cc(257) LOG(INFO) Added: freq=2 size=3400 all=12803 active=1094 piece=spir
bpe_model_trainer.cc(166) LOG(INFO) Updating active symbols. max_freq=2 min_freq=2
bpe_model_trainer.cc(257) LOG(INFO) Added: freq=2 size=3420 all=12820 active=1016 piece=ins
bpe_model_trainer.cc(257) LOG(INFO) Added: freq=2 size=3440 all=12838 active=1034 piece=stan
bpe_model_trainer.cc(257) LOG(INFO) Added: freq=2 size=3460 all=12854 active=1050 piece=▁185
bpe_model_trainer.cc(257) LOG(INFO) Added: freq=2 size=3480 all=12858 active=1054 piece=▁Jim
bpe_model_trainer.cc(257) LOG(INFO) Added: freq=2 size=3500 all=12861 active=1057 piece=▁bon
bpe_model_trainer.cc(166) LOG(INFO) Updating active symbols. max_freq=2 min_freq=2
bpe_model_trainer.cc(257) LOG(INFO) Added: freq=2 size=3520 all=12880 active=1018 piece=▁$1
bpe_model_trainer.cc(257) LOG(INFO) Added: freq=2 size=3540 all=12892 active=1030 piece=urah
bpe_model_trainer.cc(257) LOG(INFO) Added: freq=2 size=3560 all=12901 active=1039 piece=▁non
bpe_model_trainer.cc(257) LOG(INFO) Added: freq=2 size=3580 all=12905 active=1043 piece=anjir
bpe_model_trainer.cc(257) LOG(INFO) Added: freq=2 size=3600 all=12917 active=1055 piece=enaga
bpe_model_trainer.cc(166) LOG(INFO) Updating active symbols. max_freq=2 min_freq=2
bpe_model_trainer.cc(257) LOG(INFO) Added: freq=2 size=3620 all=12931 active=1013 piece=exit
bpe_model_trainer.cc(257) LOG(INFO) Added: freq=2 size=3640 all=12943 active=1025 piece=agang
bpe_model_trainer.cc(257) LOG(INFO) Added: freq=2 size=3660 all=12953 active=1035 piece=ironm
bpe_model_trainer.cc(257) LOG(INFO) Added: freq=2 size=3680 all=12968 active=1050 piece=otify
bpe_model_trainer.cc(257) LOG(INFO) Added: freq=2 size=3700 all=12978 active=1060 piece=wasta
bpe_model_trainer.cc(166) LOG(INFO) Updating active symbols. max_freq=2 min_freq=2
bpe_model_trainer.cc(257) LOG(INFO) Added: freq=2 size=3720 all=12992 active=1014 piece=korn
bpe_model_trainer.cc(257) LOG(INFO) Added: freq=2 size=3740 all=13004 active=1026 piece=▁tua
bpe_model_trainer.cc(257) LOG(INFO) Added: freq=2 size=3760 all=12995 active=1017 piece=▁Bass
bpe_model_trainer.cc(257) LOG(INFO) Added: freq=2 size=3780 all=12992 active=1014 piece=▁Liao
bpe_model_trainer.cc(257) LOG(INFO) Added: freq=2 size=3800 all=12990 active=1012 piece=▁Slav
bpe_model_trainer.cc(166) LOG(INFO) Updating active symbols. max_freq=2 min_freq=2
bpe_model_trainer.cc(257) LOG(INFO) Added: freq=2 size=3820 all=12997 active=1007 piece=▁Neg
bpe_model_trainer.cc(257) LOG(INFO) Added: freq=2 size=3840 all=12999 active=1009 piece=▁Trix
bpe_model_trainer.cc(257) LOG(INFO) Added: freq=2 size=3860 all=12992 active=1002 piece=▁ekos
bpe_model_trainer.cc(257) LOG(INFO) Added: freq=2 size=3880 all=12988 active=998 piece=▁poin
bpe_model_trainer.cc(257) LOG(INFO) Added: freq=2 size=3900 all=12987 active=997 piece=adatan
bpe_model_trainer.cc(166) LOG(INFO) Updating active symbols. max_freq=2 min_freq=1
bpe_model_trainer.cc(257) LOG(INFO) Added: freq=2 size=3920 all=12998 active=1010 piece=alenta
bpe_model_trainer.cc(257) LOG(INFO) Added: freq=2 size=3940 all=13012 active=1024 piece=epatan
bpe_model_trainer.cc(257) LOG(INFO) Added: freq=2 size=3960 all=13027 active=1039 piece=kemuka
bpe_model_trainer.cc(257) LOG(INFO) Added: freq=2 size=3980 all=13035 active=1047 piece=urance
bpe_model_trainer.cc(257) LOG(INFO) Added: freq=2 size=4000 all=13021 active=1033 piece=▁Angel
bpe_model_trainer.cc(166) LOG(INFO) Updating active symbols. max_freq=2 min_freq=1
bpe_model_trainer.cc(257) LOG(INFO) Added: freq=2 size=4020 all=13005 active=984 piece=▁Klein
bpe_model_trainer.cc(257) LOG(INFO) Added: freq=2 size=4040 all=12992 active=971 piece=▁Santa
bpe_model_trainer.cc(257) LOG(INFO) Added: freq=2 size=4060 all=12979 active=958 piece=▁danau
bpe_model_trainer.cc(257) LOG(INFO) Added: freq=2 size=4080 all=12968 active=947 piece=▁hewan
bpe_model_trainer.cc(257) LOG(INFO) Added: freq=2 size=4100 all=12960 active=939 piece=▁lewat
bpe_model_trainer.cc(166) LOG(INFO) Updating active symbols. max_freq=2 min_freq=1
bpe_model_trainer.cc(257) LOG(INFO) Added: freq=2 size=4120 all=12946 active=987 piece=▁pajak
bpe_model_trainer.cc(257) LOG(INFO) Added: freq=2 size=4140 all=12934 active=975 piece=▁rutin
bpe_model_trainer.cc(257) LOG(INFO) Added: freq=2 size=4160 all=12918 active=959 piece=acebook
bpe_model_trainer.cc(257) LOG(INFO) Added: freq=2 size=4180 all=12928 active=969 piece=cenaean
bpe_model_trainer.cc(257) LOG(INFO) Added: freq=2 size=4200 all=12935 active=976 piece=okteran
bpe_model_trainer.cc(166) LOG(INFO) Updating active symbols. max_freq=2 min_freq=1
bpe_model_trainer.cc(257) LOG(INFO) Added: freq=2 size=4220 all=12938 active=1002 piece=▁Belgia
bpe_model_trainer.cc(257) LOG(INFO) Added: freq=2 size=4240 all=12920 active=984 piece=▁Kansas
bpe_model_trainer.cc(257) LOG(INFO) Added: freq=2 size=4260 all=12901 active=965 piece=▁Thomas
bpe_model_trainer.cc(257) LOG(INFO) Added: freq=2 size=4280 all=12886 active=950 piece=▁cerdas
bpe_model_trainer.cc(257) LOG(INFO) Added: freq=2 size=4300 all=12870 active=934 piece=▁konsep
bpe_model_trainer.cc(166) LOG(INFO) Updating active symbols. max_freq=2 min_freq=1
bpe_model_trainer.cc(257) LOG(INFO) Added: freq=2 size=4320 all=12861 active=991 piece=▁pencal
bpe_model_trainer.cc(257) LOG(INFO) Added: freq=2 size=4340 all=12848 active=978 piece=▁tautan
bpe_model_trainer.cc(257) LOG(INFO) Added: freq=2 size=4360 all=12851 active=981 piece=eriksaan
bpe_model_trainer.cc(257) LOG(INFO) Added: freq=2 size=4380 all=12847 active=977 piece=▁Manusia
bpe_model_trainer.cc(257) LOG(INFO) Added: freq=2 size=4400 all=12831 active=961 piece=▁agresif
bpe_model_trainer.cc(166) LOG(INFO) Updating active symbols. max_freq=2 min_freq=1
bpe_model_trainer.cc(257) LOG(INFO) Added: freq=2 size=4420 all=12814 active=984 piece=▁jalanan
bpe_model_trainer.cc(257) LOG(INFO) Added: freq=2 size=4440 all=12800 active=970 piece=▁menemui
bpe_model_trainer.cc(257) LOG(INFO) Added: freq=2 size=4460 all=12783 active=953 piece=▁purnama
bpe_model_trainer.cc(257) LOG(INFO) Added: freq=2 size=4480 all=12764 active=934 piece=▁tersisa
bpe_model_trainer.cc(257) LOG(INFO) Added: freq=2 size=4500 all=12754 active=924 piece=▁Hispania
bpe_model_trainer.cc(166) LOG(INFO) Updating active symbols. max_freq=2 min_freq=1
bpe_model_trainer.cc(257) LOG(INFO) Added: freq=2 size=4520 all=12736 active=983 piece=▁berpusat
bpe_model_trainer.cc(257) LOG(INFO) Added: freq=2 size=4540 all=12716 active=963 piece=▁karyawan
bpe_model_trainer.cc(257) LOG(INFO) Added: freq=2 size=4560 all=12699 active=946 piece=▁mengutip
bpe_model_trainer.cc(257) LOG(INFO) Added: freq=2 size=4580 all=12681 active=928 piece=▁pinjaman
bpe_model_trainer.cc(257) LOG(INFO) Added: freq=2 size=4600 all=12662 active=909 piece=▁terdapat
bpe_model_trainer.cc(166) LOG(INFO) Updating active symbols. max_freq=2 min_freq=1
trainer_interface.cc(507) LOG(INFO) Saving model: models/id_bpe_4689_vocab.model
trainer_interface.cc(531) LOG(INFO) Saving vocabs: models/id_bpe_4689_vocab.vocab
