sentencepiece_trainer.cc(116) LOG(INFO) Running command: --input=models/id_bpe_9378_vocab.txt --model_prefix=models/id_bpe_9378_vocab --vocab_size=9378 --model_type=bpe
sentencepiece_trainer.cc(49) LOG(INFO) Starts training with : 
TrainerSpec {
  input: models/id_bpe_9378_vocab.txt
  input_format: 
  model_prefix: models/id_bpe_9378_vocab
  model_type: BPE
  vocab_size: 9378
  self_test_sample_size: 0
  character_coverage: 0.9995
  input_sentence_size: 0
  shuffle_input_sentence: 1
  seed_sentencepiece_size: 1000000
  shrinking_factor: 0.75
  max_sentence_length: 4192
  num_threads: 16
  num_sub_iterations: 2
  max_sentencepiece_length: 16
  split_by_unicode_script: 1
  split_by_number: 1
  split_by_whitespace: 1
  treat_whitespace_as_suffix: 0
  hard_vocab_limit: 1
  use_all_vocab: 0
  unk_id: 0
  bos_id: 1
  eos_id: 2
  pad_id: -1
  unk_piece: <unk>
  bos_piece: <s>
  eos_piece: </s>
  pad_piece: <pad>
  unk_surface:  ⁇ 
}
NormalizerSpec {
  name: nmt_nfkc
  add_dummy_prefix: 1
  remove_extra_whitespaces: 1
  escape_whitespaces: 1
  normalization_rule_tsv: 
}

trainer_interface.cc(267) LOG(INFO) Loading corpus: models/id_bpe_9378_vocab.txt
trainer_interface.cc(315) LOG(INFO) Loaded all 1000 sentences
trainer_interface.cc(330) LOG(INFO) Adding meta_piece: <unk>
trainer_interface.cc(330) LOG(INFO) Adding meta_piece: <s>
trainer_interface.cc(330) LOG(INFO) Adding meta_piece: </s>
trainer_interface.cc(335) LOG(INFO) Normalizing sentences...
trainer_interface.cc(384) LOG(INFO) all chars count=119747
trainer_interface.cc(392) LOG(INFO) Done: 99.9532% characters are covered.
trainer_interface.cc(402) LOG(INFO) Alphabet size=76
trainer_interface.cc(403) LOG(INFO) Final character coverage=0.999532
trainer_interface.cc(435) LOG(INFO) Done! preprocessed 1000 sentences.
trainer_interface.cc(441) LOG(INFO) Tokenizing input sentences with whitespace: 1000
trainer_interface.cc(451) LOG(INFO) Done! 6260
bpe_model_trainer.cc(166) LOG(INFO) Updating active symbols. max_freq=5120 min_freq=1
bpe_model_trainer.cc(257) LOG(INFO) Added: freq=777 size=20 all=1806 active=1729 piece=ah
bpe_model_trainer.cc(257) LOG(INFO) Added: freq=345 size=40 all=2561 active=2484 piece=ing
bpe_model_trainer.cc(257) LOG(INFO) Added: freq=275 size=60 all=3448 active=3371 piece=ir
bpe_model_trainer.cc(257) LOG(INFO) Added: freq=196 size=80 all=4083 active=4006 piece=ung
bpe_model_trainer.cc(257) LOG(INFO) Added: freq=163 size=100 all=4632 active=4555 piece=ent
bpe_model_trainer.cc(166) LOG(INFO) Updating active symbols. max_freq=161 min_freq=12
bpe_model_trainer.cc(257) LOG(INFO) Added: freq=125 size=120 all=5017 active=1335 piece=ti
bpe_model_trainer.cc(257) LOG(INFO) Added: freq=100 size=140 all=5551 active=1869 piece=anya
bpe_model_trainer.cc(257) LOG(INFO) Added: freq=82 size=160 all=5937 active=2255 piece=ikan
bpe_model_trainer.cc(257) LOG(INFO) Added: freq=70 size=180 all=6241 active=2559 piece=atu
bpe_model_trainer.cc(257) LOG(INFO) Added: freq=65 size=200 all=6520 active=2838 piece=agian
bpe_model_trainer.cc(166) LOG(INFO) Updating active symbols. max_freq=64 min_freq=11
bpe_model_trainer.cc(257) LOG(INFO) Added: freq=58 size=220 all=6810 active=1286 piece=amp
bpe_model_trainer.cc(257) LOG(INFO) Added: freq=52 size=240 all=7136 active=1612 piece=ch
bpe_model_trainer.cc(257) LOG(INFO) Added: freq=47 size=260 all=7322 active=1798 piece=ati
bpe_model_trainer.cc(257) LOG(INFO) Added: freq=43 size=280 all=7530 active=2006 piece=ena
bpe_model_trainer.cc(257) LOG(INFO) Added: freq=40 size=300 all=7771 active=2247 piece=uran
bpe_model_trainer.cc(166) LOG(INFO) Updating active symbols. max_freq=40 min_freq=9
bpe_model_trainer.cc(257) LOG(INFO) Added: freq=36 size=320 all=7932 active=1150 piece=▁(
bpe_model_trainer.cc(257) LOG(INFO) Added: freq=34 size=340 all=8094 active=1312 piece=▁lain
bpe_model_trainer.cc(257) LOG(INFO) Added: freq=31 size=360 all=8218 active=1436 piece=▁201
bpe_model_trainer.cc(257) LOG(INFO) Added: freq=29 size=380 all=8442 active=1660 piece=▁Amer
bpe_model_trainer.cc(257) LOG(INFO) Added: freq=27 size=400 all=8548 active=1766 piece=▁sed
bpe_model_trainer.cc(166) LOG(INFO) Updating active symbols. max_freq=27 min_freq=8
bpe_model_trainer.cc(257) LOG(INFO) Added: freq=26 size=420 all=8663 active=1111 piece=▁sudah
bpe_model_trainer.cc(257) LOG(INFO) Added: freq=24 size=440 all=8820 active=1268 piece=ai
bpe_model_trainer.cc(257) LOG(INFO) Added: freq=23 size=460 all=8940 active=1388 piece=etap
bpe_model_trainer.cc(257) LOG(INFO) Added: freq=22 size=480 all=9062 active=1510 piece=▁uj
bpe_model_trainer.cc(257) LOG(INFO) Added: freq=21 size=500 all=9149 active=1597 piece=▁kes
bpe_model_trainer.cc(166) LOG(INFO) Updating active symbols. max_freq=21 min_freq=7
bpe_model_trainer.cc(257) LOG(INFO) Added: freq=20 size=520 all=9282 active=1123 piece=iter
bpe_model_trainer.cc(257) LOG(INFO) Added: freq=19 size=540 all=9409 active=1250 piece=uka
bpe_model_trainer.cc(257) LOG(INFO) Added: freq=18 size=560 all=9487 active=1328 piece=ard
bpe_model_trainer.cc(257) LOG(INFO) Added: freq=18 size=580 all=9608 active=1449 piece=▁film
bpe_model_trainer.cc(257) LOG(INFO) Added: freq=17 size=600 all=9717 active=1557 piece=imb
bpe_model_trainer.cc(166) LOG(INFO) Updating active symbols. max_freq=17 min_freq=7
bpe_model_trainer.cc(257) LOG(INFO) Added: freq=17 size=620 all=9823 active=1090 piece=▁kedua
bpe_model_trainer.cc(257) LOG(INFO) Added: freq=16 size=640 all=9926 active=1193 piece=asan
bpe_model_trainer.cc(257) LOG(INFO) Added: freq=16 size=660 all=10015 active=1282 piece=▁peny
bpe_model_trainer.cc(257) LOG(INFO) Added: freq=15 size=680 all=10095 active=1362 piece=enuh
bpe_model_trainer.cc(257) LOG(INFO) Added: freq=15 size=700 all=10149 active=1416 piece=janjian
bpe_model_trainer.cc(166) LOG(INFO) Updating active symbols. max_freq=15 min_freq=6
bpe_model_trainer.cc(257) LOG(INFO) Added: freq=14 size=720 all=10284 active=1134 piece=land
bpe_model_trainer.cc(257) LOG(INFO) Added: freq=14 size=740 all=10356 active=1206 piece=▁bahasa
bpe_model_trainer.cc(257) LOG(INFO) Added: freq=13 size=760 all=10417 active=1267 piece=▁Ch
bpe_model_trainer.cc(257) LOG(INFO) Added: freq=13 size=780 all=10502 active=1352 piece=irkan
bpe_model_trainer.cc(257) LOG(INFO) Added: freq=13 size=800 all=10521 active=1371 piece=▁politik
bpe_model_trainer.cc(166) LOG(INFO) Updating active symbols. max_freq=13 min_freq=6
bpe_model_trainer.cc(257) LOG(INFO) Added: freq=12 size=820 all=10627 active=1106 piece=▁em
bpe_model_trainer.cc(257) LOG(INFO) Added: freq=12 size=840 all=10667 active=1146 piece=▁tahu
bpe_model_trainer.cc(257) LOG(INFO) Added: freq=11 size=860 all=10695 active=1174 piece=ne
bpe_model_trainer.cc(257) LOG(INFO) Added: freq=11 size=880 all=10807 active=1286 piece=▁eks
bpe_model_trainer.cc(257) LOG(INFO) Added: freq=11 size=900 all=10847 active=1326 piece=▁tind
bpe_model_trainer.cc(166) LOG(INFO) Updating active symbols. max_freq=11 min_freq=5
bpe_model_trainer.cc(257) LOG(INFO) Added: freq=11 size=920 all=10858 active=1010 piece=▁bersama
bpe_model_trainer.cc(257) LOG(INFO) Added: freq=10 size=940 all=10903 active=1055 piece=eal
bpe_model_trainer.cc(257) LOG(INFO) Added: freq=10 size=960 all=11019 active=1171 piece=erah
bpe_model_trainer.cc(257) LOG(INFO) Added: freq=10 size=980 all=11071 active=1223 piece=▁Para
bpe_model_trainer.cc(257) LOG(INFO) Added: freq=10 size=1000 all=11081 active=1233 piece=erintahan
bpe_model_trainer.cc(166) LOG(INFO) Updating active symbols. max_freq=10 min_freq=5
bpe_model_trainer.cc(257) LOG(INFO) Added: freq=9 size=1020 all=11144 active=1061 piece=ell
bpe_model_trainer.cc(257) LOG(INFO) Added: freq=9 size=1040 all=11245 active=1162 piece=isar
bpe_model_trainer.cc(257) LOG(INFO) Added: freq=9 size=1060 all=11293 active=1210 piece=alkan
bpe_model_trainer.cc(257) LOG(INFO) Added: freq=9 size=1080 all=11322 active=1239 piece=ubahan
bpe_model_trainer.cc(257) LOG(INFO) Added: freq=9 size=1100 all=11336 active=1253 piece=ungkinan
bpe_model_trainer.cc(166) LOG(INFO) Updating active symbols. max_freq=9 min_freq=4
bpe_model_trainer.cc(257) LOG(INFO) Added: freq=8 size=1120 all=11325 active=988 piece=7.
bpe_model_trainer.cc(257) LOG(INFO) Added: freq=8 size=1140 all=11411 active=1074 piece=▁st
bpe_model_trainer.cc(257) LOG(INFO) Added: freq=8 size=1160 all=11460 active=1123 piece=▁kek
bpe_model_trainer.cc(257) LOG(INFO) Added: freq=8 size=1180 all=11515 active=1178 piece=▁Kong
bpe_model_trainer.cc(257) LOG(INFO) Added: freq=8 size=1200 all=11522 active=1185 piece=▁drama
bpe_model_trainer.cc(166) LOG(INFO) Updating active symbols. max_freq=8 min_freq=4
bpe_model_trainer.cc(257) LOG(INFO) Added: freq=8 size=1220 all=11516 active=995 piece=▁ungkap
bpe_model_trainer.cc(257) LOG(INFO) Added: freq=8 size=1240 all=11503 active=982 piece=▁meninggalkan
bpe_model_trainer.cc(257) LOG(INFO) Added: freq=7 size=1260 all=11589 active=1068 piece=rat
bpe_model_trainer.cc(257) LOG(INFO) Added: freq=7 size=1280 all=11642 active=1121 piece=akup
bpe_model_trainer.cc(257) LOG(INFO) Added: freq=7 size=1300 all=11699 active=1178 piece=umah
bpe_model_trainer.cc(166) LOG(INFO) Updating active symbols. max_freq=7 min_freq=4
bpe_model_trainer.cc(257) LOG(INFO) Added: freq=7 size=1320 all=11742 active=1040 piece=▁pat
bpe_model_trainer.cc(257) LOG(INFO) Added: freq=7 size=1340 all=11778 active=1076 piece=▁alat
bpe_model_trainer.cc(257) LOG(INFO) Added: freq=7 size=1360 all=11788 active=1086 piece=▁barat
bpe_model_trainer.cc(257) LOG(INFO) Added: freq=7 size=1380 all=11798 active=1096 piece=▁bangsa
bpe_model_trainer.cc(257) LOG(INFO) Added: freq=7 size=1400 all=11788 active=1086 piece=▁memberi
bpe_model_trainer.cc(166) LOG(INFO) Updating active symbols. max_freq=7 min_freq=4
bpe_model_trainer.cc(257) LOG(INFO) Added: freq=7 size=1420 all=11774 active=987 piece=▁memenangkan
bpe_model_trainer.cc(257) LOG(INFO) Added: freq=6 size=1440 all=11837 active=1050 piece=iko
bpe_model_trainer.cc(257) LOG(INFO) Added: freq=6 size=1460 all=11878 active=1091 piece=asar
bpe_model_trainer.cc(257) LOG(INFO) Added: freq=6 size=1480 all=11920 active=1133 piece=▁Chr
bpe_model_trainer.cc(257) LOG(INFO) Added: freq=6 size=1500 all=11950 active=1163 piece=ayaan
bpe_model_trainer.cc(166) LOG(INFO) Updating active symbols. max_freq=6 min_freq=4
bpe_model_trainer.cc(257) LOG(INFO) Added: freq=6 size=1520 all=11979 active=1027 piece=▁istr
bpe_model_trainer.cc(257) LOG(INFO) Added: freq=6 size=1540 all=12000 active=1048 piece=lahkan
bpe_model_trainer.cc(257) LOG(INFO) Added: freq=6 size=1560 all=12002 active=1050 piece=▁titik
bpe_model_trainer.cc(257) LOG(INFO) Added: freq=6 size=1580 all=12005 active=1053 piece=▁target
bpe_model_trainer.cc(257) LOG(INFO) Added: freq=6 size=1600 all=11998 active=1046 piece=▁pelangg
bpe_model_trainer.cc(166) LOG(INFO) Updating active symbols. max_freq=6 min_freq=3
bpe_model_trainer.cc(257) LOG(INFO) Added: freq=6 size=1620 all=11985 active=986 piece=▁transisi
bpe_model_trainer.cc(257) LOG(INFO) Added: freq=6 size=1640 all=11969 active=970 piece=▁pertandingan
bpe_model_trainer.cc(257) LOG(INFO) Added: freq=5 size=1660 all=12027 active=1028 piece=ean
bpe_model_trainer.cc(257) LOG(INFO) Added: freq=5 size=1680 all=12082 active=1083 piece=uas
bpe_model_trainer.cc(257) LOG(INFO) Added: freq=5 size=1700 all=12116 active=1117 piece=arna
bpe_model_trainer.cc(166) LOG(INFO) Updating active symbols. max_freq=5 min_freq=3
bpe_model_trainer.cc(257) LOG(INFO) Added: freq=5 size=1720 all=12181 active=1062 piece=usat
bpe_model_trainer.cc(257) LOG(INFO) Added: freq=5 size=1740 all=12203 active=1084 piece=▁jam
bpe_model_trainer.cc(257) LOG(INFO) Added: freq=5 size=1760 all=12239 active=1120 piece=lasan
bpe_model_trainer.cc(257) LOG(INFO) Added: freq=5 size=1780 all=12250 active=1131 piece=▁Meks
bpe_model_trainer.cc(257) LOG(INFO) Added: freq=5 size=1800 all=12260 active=1141 piece=▁post
bpe_model_trainer.cc(166) LOG(INFO) Updating active symbols. max_freq=5 min_freq=3
bpe_model_trainer.cc(257) LOG(INFO) Added: freq=5 size=1820 all=12268 active=1008 piece=▁benua
bpe_model_trainer.cc(257) LOG(INFO) Added: freq=5 size=1840 all=12262 active=1002 piece=▁studi
bpe_model_trainer.cc(257) LOG(INFO) Added: freq=5 size=1860 all=12271 active=1011 piece=▁berita
bpe_model_trainer.cc(257) LOG(INFO) Added: freq=5 size=1880 all=12268 active=1008 piece=▁Agustus
bpe_model_trainer.cc(257) LOG(INFO) Added: freq=5 size=1900 all=12253 active=993 piece=▁tanaman
bpe_model_trainer.cc(166) LOG(INFO) Updating active symbols. max_freq=5 min_freq=3
bpe_model_trainer.cc(257) LOG(INFO) Added: freq=5 size=1920 all=12240 active=988 piece=▁semuanya
bpe_model_trainer.cc(257) LOG(INFO) Added: freq=5 size=1940 all=12221 active=969 piece=▁University
bpe_model_trainer.cc(257) LOG(INFO) Added: freq=4 size=1960 all=12230 active=978 piece=ce
bpe_model_trainer.cc(257) LOG(INFO) Added: freq=4 size=1980 all=12289 active=1037 piece=den
bpe_model_trainer.cc(257) LOG(INFO) Added: freq=4 size=2000 all=12355 active=1103 piece=ott
bpe_model_trainer.cc(166) LOG(INFO) Updating active symbols. max_freq=4 min_freq=3
bpe_model_trainer.cc(257) LOG(INFO) Added: freq=4 size=2020 all=12389 active=1030 piece=▁El
bpe_model_trainer.cc(257) LOG(INFO) Added: freq=4 size=2040 all=12423 active=1064 piece=amen
bpe_model_trainer.cc(257) LOG(INFO) Added: freq=4 size=2060 all=12454 active=1095 piece=jual
bpe_model_trainer.cc(257) LOG(INFO) Added: freq=4 size=2080 all=12487 active=1128 piece=▁100
bpe_model_trainer.cc(257) LOG(INFO) Added: freq=4 size=2100 all=12508 active=1149 piece=▁Sam
bpe_model_trainer.cc(166) LOG(INFO) Updating active symbols. max_freq=4 min_freq=3
bpe_model_trainer.cc(257) LOG(INFO) Added: freq=4 size=2120 all=12529 active=1019 piece=▁sal
bpe_model_trainer.cc(257) LOG(INFO) Added: freq=4 size=2140 all=12556 active=1046 piece=igasi
bpe_model_trainer.cc(257) LOG(INFO) Added: freq=4 size=2160 all=12581 active=1071 piece=▁Brit
bpe_model_trainer.cc(257) LOG(INFO) Added: freq=4 size=2180 all=12574 active=1064 piece=▁kuda
bpe_model_trainer.cc(257) LOG(INFO) Added: freq=4 size=2200 all=12585 active=1075 piece=argaan
bpe_model_trainer.cc(166) LOG(INFO) Updating active symbols. max_freq=4 min_freq=3
bpe_model_trainer.cc(257) LOG(INFO) Added: freq=4 size=2220 all=12597 active=1012 piece=▁Great
bpe_model_trainer.cc(257) LOG(INFO) Added: freq=4 size=2240 all=12585 active=1000 piece=▁bekas
bpe_model_trainer.cc(257) LOG(INFO) Added: freq=4 size=2260 all=12578 active=993 piece=▁pecah
bpe_model_trainer.cc(257) LOG(INFO) Added: freq=4 size=2280 all=12582 active=997 piece=ikirkan
bpe_model_trainer.cc(257) LOG(INFO) Added: freq=4 size=2300 all=12584 active=999 piece=▁hancur
bpe_model_trainer.cc(166) LOG(INFO) Updating active symbols. max_freq=4 min_freq=2
bpe_model_trainer.cc(257) LOG(INFO) Added: freq=4 size=2320 all=12577 active=994 piece=▁senang
bpe_model_trainer.cc(257) LOG(INFO) Added: freq=4 size=2340 all=12576 active=993 piece=▁anggota
bpe_model_trainer.cc(257) LOG(INFO) Added: freq=4 size=2360 all=12563 active=980 piece=▁syuting
bpe_model_trainer.cc(257) LOG(INFO) Added: freq=4 size=2380 all=12546 active=963 piece=▁karakter
bpe_model_trainer.cc(257) LOG(INFO) Added: freq=4 size=2400 all=12533 active=950 piece=▁ketentuan
bpe_model_trainer.cc(166) LOG(INFO) Updating active symbols. max_freq=4 min_freq=2
bpe_model_trainer.cc(257) LOG(INFO) Added: freq=4 size=2420 all=12513 active=981 piece=▁pendidikan
bpe_model_trainer.cc(257) LOG(INFO) Added: freq=4 size=2440 all=12494 active=962 piece=▁pemberontakan
bpe_model_trainer.cc(257) LOG(INFO) Added: freq=3 size=2460 all=12539 active=1007 piece=”,
bpe_model_trainer.cc(257) LOG(INFO) Added: freq=3 size=2480 all=12581 active=1049 piece=erg
bpe_model_trainer.cc(257) LOG(INFO) Added: freq=3 size=2500 all=12619 active=1087 piece=omb
bpe_model_trainer.cc(166) LOG(INFO) Updating active symbols. max_freq=3 min_freq=2
bpe_model_trainer.cc(257) LOG(INFO) Added: freq=3 size=2520 all=12656 active=1036 piece=ver
bpe_model_trainer.cc(257) LOG(INFO) Added: freq=3 size=2540 all=12679 active=1059 piece=▁Op
bpe_model_trainer.cc(257) LOG(INFO) Added: freq=3 size=2560 all=12695 active=1075 piece=ance
bpe_model_trainer.cc(257) LOG(INFO) Added: freq=3 size=2580 all=12723 active=1103 piece=guna
bpe_model_trainer.cc(257) LOG(INFO) Added: freq=3 size=2600 all=12743 active=1123 piece=kira
bpe_model_trainer.cc(166) LOG(INFO) Updating active symbols. max_freq=3 min_freq=2
bpe_model_trainer.cc(257) LOG(INFO) Added: freq=3 size=2620 all=12759 active=1017 piece=ukur
bpe_model_trainer.cc(257) LOG(INFO) Added: freq=3 size=2640 all=12778 active=1036 piece=▁Did
bpe_model_trainer.cc(257) LOG(INFO) Added: freq=3 size=2660 all=12801 active=1059 piece=▁Wri
bpe_model_trainer.cc(257) LOG(INFO) Added: freq=3 size=2680 all=12809 active=1067 piece=▁obl
bpe_model_trainer.cc(257) LOG(INFO) Added: freq=3 size=2700 all=12828 active=1086 piece=buhan
bpe_model_trainer.cc(166) LOG(INFO) Updating active symbols. max_freq=3 min_freq=2
bpe_model_trainer.cc(257) LOG(INFO) Added: freq=3 size=2720 all=12851 active=1022 piece=india
bpe_model_trainer.cc(257) LOG(INFO) Added: freq=3 size=2740 all=12864 active=1035 piece=stitu
bpe_model_trainer.cc(257) LOG(INFO) Added: freq=3 size=2760 all=12870 active=1041 piece=▁Kita
bpe_model_trainer.cc(257) LOG(INFO) Added: freq=3 size=2780 all=12866 active=1037 piece=▁daya
bpe_model_trainer.cc(257) LOG(INFO) Added: freq=3 size=2800 all=12862 active=1033 piece=▁rute
bpe_model_trainer.cc(166) LOG(INFO) Updating active symbols. max_freq=3 min_freq=2
bpe_model_trainer.cc(257) LOG(INFO) Added: freq=3 size=2820 all=12864 active=1003 piece=angkat
bpe_model_trainer.cc(257) LOG(INFO) Added: freq=3 size=2840 all=12885 active=1024 piece=ington
bpe_model_trainer.cc(257) LOG(INFO) Added: freq=3 size=2860 all=12883 active=1022 piece=▁Krist
bpe_model_trainer.cc(257) LOG(INFO) Added: freq=3 size=2880 all=12867 active=1006 piece=▁bodoh
bpe_model_trainer.cc(257) LOG(INFO) Added: freq=3 size=2900 all=12854 active=993 piece=▁legal
bpe_model_trainer.cc(166) LOG(INFO) Updating active symbols. max_freq=3 min_freq=2
bpe_model_trainer.cc(257) LOG(INFO) Added: freq=3 size=2920 all=12844 active=991 piece=▁pusat
bpe_model_trainer.cc(257) LOG(INFO) Added: freq=3 size=2940 all=12836 active=983 piece=empatan
bpe_model_trainer.cc(257) LOG(INFO) Added: freq=3 size=2960 all=12845 active=992 piece=▁Balkan
bpe_model_trainer.cc(257) LOG(INFO) Added: freq=3 size=2980 all=12833 active=980 piece=▁aturan
bpe_model_trainer.cc(257) LOG(INFO) Added: freq=3 size=3000 all=12822 active=969 piece=▁menyes
bpe_model_trainer.cc(166) LOG(INFO) Updating active symbols. max_freq=3 min_freq=2
bpe_model_trainer.cc(257) LOG(INFO) Added: freq=3 size=3020 all=12817 active=994 piece=eluruhan
bpe_model_trainer.cc(257) LOG(INFO) Added: freq=3 size=3040 all=12805 active=982 piece=▁didakwa
bpe_model_trainer.cc(257) LOG(INFO) Added: freq=3 size=3060 all=12787 active=964 piece=▁merekam
bpe_model_trainer.cc(257) LOG(INFO) Added: freq=3 size=3080 all=12775 active=952 piece=▁Columbus
bpe_model_trainer.cc(257) LOG(INFO) Added: freq=3 size=3100 all=12756 active=933 piece=▁mengalir
bpe_model_trainer.cc(166) LOG(INFO) Updating active symbols. max_freq=3 min_freq=2
bpe_model_trainer.cc(257) LOG(INFO) Added: freq=3 size=3120 all=12738 active=983 piece=▁terpisah
bpe_model_trainer.cc(257) LOG(INFO) Added: freq=3 size=3140 all=12720 active=965 piece=▁menaikkan
bpe_model_trainer.cc(257) LOG(INFO) Added: freq=3 size=3160 all=12701 active=946 piece=▁kekaisaran
bpe_model_trainer.cc(257) LOG(INFO) Added: freq=3 size=3180 all=12682 active=927 piece=▁berpengaruh
bpe_model_trainer.cc(257) LOG(INFO) Added: freq=3 size=3200 all=12662 active=907 piece=▁Pemerintahan
bpe_model_trainer.cc(166) LOG(INFO) Updating active symbols. max_freq=3 min_freq=2
bpe_model_trainer.cc(257) LOG(INFO) Added: freq=2 size=3220 all=12650 active=989 piece=94
bpe_model_trainer.cc(257) LOG(INFO) Added: freq=2 size=3240 all=12667 active=1006 piece=eou
bpe_model_trainer.cc(257) LOG(INFO) Added: freq=2 size=3260 all=12686 active=1025 piece=ora
bpe_model_trainer.cc(257) LOG(INFO) Added: freq=2 size=3280 all=12703 active=1042 piece=▁33
bpe_model_trainer.cc(257) LOG(INFO) Added: freq=2 size=3300 all=12709 active=1048 piece=ajam
bpe_model_trainer.cc(166) LOG(INFO) Updating active symbols. max_freq=2 min_freq=2
bpe_model_trainer.cc(257) LOG(INFO) Added: freq=2 size=3320 all=12733 active=1024 piece=sig
bpe_model_trainer.cc(257) LOG(INFO) Added: freq=2 size=3340 all=12752 active=1043 piece=arth
bpe_model_trainer.cc(257) LOG(INFO) Added: freq=2 size=3360 all=12770 active=1061 piece=ergi
bpe_model_trainer.cc(257) LOG(INFO) Added: freq=2 size=3380 all=12785 active=1076 piece=nest
bpe_model_trainer.cc(257) LOG(INFO) Added: freq=2 size=3400 all=12803 active=1094 piece=spir
bpe_model_trainer.cc(166) LOG(INFO) Updating active symbols. max_freq=2 min_freq=2
bpe_model_trainer.cc(257) LOG(INFO) Added: freq=2 size=3420 all=12820 active=1016 piece=ins
bpe_model_trainer.cc(257) LOG(INFO) Added: freq=2 size=3440 all=12838 active=1034 piece=stan
bpe_model_trainer.cc(257) LOG(INFO) Added: freq=2 size=3460 all=12854 active=1050 piece=▁185
bpe_model_trainer.cc(257) LOG(INFO) Added: freq=2 size=3480 all=12858 active=1054 piece=▁Jim
bpe_model_trainer.cc(257) LOG(INFO) Added: freq=2 size=3500 all=12861 active=1057 piece=▁bon
bpe_model_trainer.cc(166) LOG(INFO) Updating active symbols. max_freq=2 min_freq=2
bpe_model_trainer.cc(257) LOG(INFO) Added: freq=2 size=3520 all=12880 active=1018 piece=▁$1
bpe_model_trainer.cc(257) LOG(INFO) Added: freq=2 size=3540 all=12892 active=1030 piece=urah
bpe_model_trainer.cc(257) LOG(INFO) Added: freq=2 size=3560 all=12901 active=1039 piece=▁non
bpe_model_trainer.cc(257) LOG(INFO) Added: freq=2 size=3580 all=12905 active=1043 piece=anjir
bpe_model_trainer.cc(257) LOG(INFO) Added: freq=2 size=3600 all=12917 active=1055 piece=enaga
bpe_model_trainer.cc(166) LOG(INFO) Updating active symbols. max_freq=2 min_freq=2
bpe_model_trainer.cc(257) LOG(INFO) Added: freq=2 size=3620 all=12931 active=1013 piece=exit
bpe_model_trainer.cc(257) LOG(INFO) Added: freq=2 size=3640 all=12943 active=1025 piece=agang
bpe_model_trainer.cc(257) LOG(INFO) Added: freq=2 size=3660 all=12953 active=1035 piece=ironm
bpe_model_trainer.cc(257) LOG(INFO) Added: freq=2 size=3680 all=12968 active=1050 piece=otify
bpe_model_trainer.cc(257) LOG(INFO) Added: freq=2 size=3700 all=12978 active=1060 piece=wasta
bpe_model_trainer.cc(166) LOG(INFO) Updating active symbols. max_freq=2 min_freq=2
bpe_model_trainer.cc(257) LOG(INFO) Added: freq=2 size=3720 all=12992 active=1014 piece=korn
bpe_model_trainer.cc(257) LOG(INFO) Added: freq=2 size=3740 all=13004 active=1026 piece=▁tua
bpe_model_trainer.cc(257) LOG(INFO) Added: freq=2 size=3760 all=12995 active=1017 piece=▁Bass
bpe_model_trainer.cc(257) LOG(INFO) Added: freq=2 size=3780 all=12992 active=1014 piece=▁Liao
bpe_model_trainer.cc(257) LOG(INFO) Added: freq=2 size=3800 all=12990 active=1012 piece=▁Slav
bpe_model_trainer.cc(166) LOG(INFO) Updating active symbols. max_freq=2 min_freq=2
bpe_model_trainer.cc(257) LOG(INFO) Added: freq=2 size=3820 all=12997 active=1007 piece=▁Neg
bpe_model_trainer.cc(257) LOG(INFO) Added: freq=2 size=3840 all=12999 active=1009 piece=▁Trix
bpe_model_trainer.cc(257) LOG(INFO) Added: freq=2 size=3860 all=12992 active=1002 piece=▁ekos
bpe_model_trainer.cc(257) LOG(INFO) Added: freq=2 size=3880 all=12988 active=998 piece=▁poin
bpe_model_trainer.cc(257) LOG(INFO) Added: freq=2 size=3900 all=12987 active=997 piece=adatan
bpe_model_trainer.cc(166) LOG(INFO) Updating active symbols. max_freq=2 min_freq=1
bpe_model_trainer.cc(257) LOG(INFO) Added: freq=2 size=3920 all=12998 active=1010 piece=alenta
bpe_model_trainer.cc(257) LOG(INFO) Added: freq=2 size=3940 all=13012 active=1024 piece=epatan
bpe_model_trainer.cc(257) LOG(INFO) Added: freq=2 size=3960 all=13027 active=1039 piece=kemuka
bpe_model_trainer.cc(257) LOG(INFO) Added: freq=2 size=3980 all=13035 active=1047 piece=urance
bpe_model_trainer.cc(257) LOG(INFO) Added: freq=2 size=4000 all=13021 active=1033 piece=▁Angel
bpe_model_trainer.cc(166) LOG(INFO) Updating active symbols. max_freq=2 min_freq=1
bpe_model_trainer.cc(257) LOG(INFO) Added: freq=2 size=4020 all=13005 active=984 piece=▁Klein
bpe_model_trainer.cc(257) LOG(INFO) Added: freq=2 size=4040 all=12992 active=971 piece=▁Santa
bpe_model_trainer.cc(257) LOG(INFO) Added: freq=2 size=4060 all=12979 active=958 piece=▁danau
bpe_model_trainer.cc(257) LOG(INFO) Added: freq=2 size=4080 all=12968 active=947 piece=▁hewan
bpe_model_trainer.cc(257) LOG(INFO) Added: freq=2 size=4100 all=12960 active=939 piece=▁lewat
bpe_model_trainer.cc(166) LOG(INFO) Updating active symbols. max_freq=2 min_freq=1
bpe_model_trainer.cc(257) LOG(INFO) Added: freq=2 size=4120 all=12946 active=987 piece=▁pajak
bpe_model_trainer.cc(257) LOG(INFO) Added: freq=2 size=4140 all=12934 active=975 piece=▁rutin
bpe_model_trainer.cc(257) LOG(INFO) Added: freq=2 size=4160 all=12918 active=959 piece=acebook
bpe_model_trainer.cc(257) LOG(INFO) Added: freq=2 size=4180 all=12928 active=969 piece=cenaean
bpe_model_trainer.cc(257) LOG(INFO) Added: freq=2 size=4200 all=12935 active=976 piece=okteran
bpe_model_trainer.cc(166) LOG(INFO) Updating active symbols. max_freq=2 min_freq=1
bpe_model_trainer.cc(257) LOG(INFO) Added: freq=2 size=4220 all=12938 active=1002 piece=▁Belgia
bpe_model_trainer.cc(257) LOG(INFO) Added: freq=2 size=4240 all=12920 active=984 piece=▁Kansas
bpe_model_trainer.cc(257) LOG(INFO) Added: freq=2 size=4260 all=12901 active=965 piece=▁Thomas
bpe_model_trainer.cc(257) LOG(INFO) Added: freq=2 size=4280 all=12886 active=950 piece=▁cerdas
bpe_model_trainer.cc(257) LOG(INFO) Added: freq=2 size=4300 all=12870 active=934 piece=▁konsep
bpe_model_trainer.cc(166) LOG(INFO) Updating active symbols. max_freq=2 min_freq=1
bpe_model_trainer.cc(257) LOG(INFO) Added: freq=2 size=4320 all=12861 active=991 piece=▁pencal
bpe_model_trainer.cc(257) LOG(INFO) Added: freq=2 size=4340 all=12848 active=978 piece=▁tautan
bpe_model_trainer.cc(257) LOG(INFO) Added: freq=2 size=4360 all=12851 active=981 piece=eriksaan
bpe_model_trainer.cc(257) LOG(INFO) Added: freq=2 size=4380 all=12847 active=977 piece=▁Manusia
bpe_model_trainer.cc(257) LOG(INFO) Added: freq=2 size=4400 all=12831 active=961 piece=▁agresif
bpe_model_trainer.cc(166) LOG(INFO) Updating active symbols. max_freq=2 min_freq=1
bpe_model_trainer.cc(257) LOG(INFO) Added: freq=2 size=4420 all=12814 active=984 piece=▁jalanan
bpe_model_trainer.cc(257) LOG(INFO) Added: freq=2 size=4440 all=12800 active=970 piece=▁menemui
bpe_model_trainer.cc(257) LOG(INFO) Added: freq=2 size=4460 all=12783 active=953 piece=▁purnama
bpe_model_trainer.cc(257) LOG(INFO) Added: freq=2 size=4480 all=12764 active=934 piece=▁tersisa
bpe_model_trainer.cc(257) LOG(INFO) Added: freq=2 size=4500 all=12754 active=924 piece=▁Hispania
bpe_model_trainer.cc(166) LOG(INFO) Updating active symbols. max_freq=2 min_freq=1
bpe_model_trainer.cc(257) LOG(INFO) Added: freq=2 size=4520 all=12736 active=983 piece=▁berpusat
bpe_model_trainer.cc(257) LOG(INFO) Added: freq=2 size=4540 all=12716 active=963 piece=▁karyawan
bpe_model_trainer.cc(257) LOG(INFO) Added: freq=2 size=4560 all=12699 active=946 piece=▁mengutip
bpe_model_trainer.cc(257) LOG(INFO) Added: freq=2 size=4580 all=12681 active=928 piece=▁pinjaman
bpe_model_trainer.cc(257) LOG(INFO) Added: freq=2 size=4600 all=12662 active=909 piece=▁terdapat
bpe_model_trainer.cc(166) LOG(INFO) Updating active symbols. max_freq=2 min_freq=1
bpe_model_trainer.cc(257) LOG(INFO) Added: freq=2 size=4620 all=12647 active=986 piece=▁administr
bpe_model_trainer.cc(257) LOG(INFO) Added: freq=2 size=4640 all=12630 active=969 piece=▁kekalahan
bpe_model_trainer.cc(257) LOG(INFO) Added: freq=2 size=4660 all=12612 active=951 piece=▁mengklaim
bpe_model_trainer.cc(257) LOG(INFO) Added: freq=2 size=4680 all=12592 active=931 piece=▁terkemuka
bpe_model_trainer.cc(257) LOG(INFO) Added: freq=2 size=4700 all=12573 active=912 piece=▁diharapkan
bpe_model_trainer.cc(166) LOG(INFO) Updating active symbols. max_freq=2 min_freq=1
bpe_model_trainer.cc(257) LOG(INFO) Added: freq=2 size=4720 all=12555 active=983 piece=▁melibatkan
bpe_model_trainer.cc(257) LOG(INFO) Added: freq=2 size=4740 all=12536 active=964 piece=▁sejarahnya
bpe_model_trainer.cc(257) LOG(INFO) Added: freq=2 size=4760 all=12518 active=946 piece=▁klimatologi
bpe_model_trainer.cc(257) LOG(INFO) Added: freq=2 size=4780 all=12499 active=927 piece=▁perkelahian
bpe_model_trainer.cc(257) LOG(INFO) Added: freq=2 size=4800 all=12480 active=908 piece=▁dibudidayakan
bpe_model_trainer.cc(166) LOG(INFO) Updating active symbols. max_freq=2 min_freq=1
bpe_model_trainer.cc(257) LOG(INFO) Added: freq=1 size=4820 all=12464 active=985 piece=eux
bpe_model_trainer.cc(257) LOG(INFO) Added: freq=1 size=4840 all=12468 active=989 piece=eneu
bpe_model_trainer.cc(257) LOG(INFO) Added: freq=1 size=4860 all=12474 active=995 piece=yono
bpe_model_trainer.cc(257) LOG(INFO) Added: freq=1 size=4880 all=12465 active=986 piece=▁RHS
bpe_model_trainer.cc(257) LOG(INFO) Added: freq=1 size=4900 all=12468 active=989 piece=almon
bpe_model_trainer.cc(166) LOG(INFO) Updating active symbols. max_freq=1 min_freq=1
bpe_model_trainer.cc(257) LOG(INFO) Added: freq=1 size=4920 all=12466 active=998 piece=avier
bpe_model_trainer.cc(257) LOG(INFO) Added: freq=1 size=4940 all=12469 active=1001 piece=iskop
bpe_model_trainer.cc(257) LOG(INFO) Added: freq=1 size=4960 all=12474 active=1006 piece=ocket
bpe_model_trainer.cc(257) LOG(INFO) Added: freq=1 size=4980 all=12474 active=1006 piece=ursus
bpe_model_trainer.cc(257) LOG(INFO) Added: freq=1 size=5000 all=12468 active=1000 piece=▁Buen
bpe_model_trainer.cc(166) LOG(INFO) Updating active symbols. max_freq=1 min_freq=1
bpe_model_trainer.cc(257) LOG(INFO) Added: freq=1 size=5020 all=12472 active=1004 piece=chmer
bpe_model_trainer.cc(257) LOG(INFO) Added: freq=1 size=5040 all=12467 active=999 piece=▁Hack
bpe_model_trainer.cc(257) LOG(INFO) Added: freq=1 size=5060 all=12457 active=989 piece=▁RECO
bpe_model_trainer.cc(257) LOG(INFO) Added: freq=1 size=5080 all=12448 active=980 piece=▁cuma
bpe_model_trainer.cc(257) LOG(INFO) Added: freq=1 size=5100 all=12435 active=967 piece=▁roti
bpe_model_trainer.cc(166) LOG(INFO) Updating active symbols. max_freq=1 min_freq=1
bpe_model_trainer.cc(257) LOG(INFO) Added: freq=1 size=5120 all=12426 active=992 piece=▁spek
bpe_model_trainer.cc(257) LOG(INFO) Added: freq=1 size=5140 all=12425 active=991 piece=armuka
bpe_model_trainer.cc(257) LOG(INFO) Added: freq=1 size=5160 all=12425 active=991 piece=enness
bpe_model_trainer.cc(257) LOG(INFO) Added: freq=1 size=5180 all=12430 active=996 piece=integr
bpe_model_trainer.cc(257) LOG(INFO) Added: freq=1 size=5200 all=12434 active=1000 piece=uangzh
bpe_model_trainer.cc(166) LOG(INFO) Updating active symbols. max_freq=1 min_freq=1
bpe_model_trainer.cc(257) LOG(INFO) Added: freq=1 size=5220 all=12429 active=994 piece=▁Oleh
bpe_model_trainer.cc(257) LOG(INFO) Added: freq=1 size=5240 all=12429 active=994 piece=ánchez
bpe_model_trainer.cc(257) LOG(INFO) Added: freq=1 size=5260 all=12413 active=978 piece=▁1950-
bpe_model_trainer.cc(257) LOG(INFO) Added: freq=1 size=5280 all=12394 active=959 piece=▁Balai
bpe_model_trainer.cc(257) LOG(INFO) Added: freq=1 size=5300 all=12382 active=947 piece=▁Frank
bpe_model_trainer.cc(166) LOG(INFO) Updating active symbols. max_freq=1 min_freq=1
bpe_model_trainer.cc(257) LOG(INFO) Added: freq=1 size=5320 all=12380 active=999 piece=▁deda
bpe_model_trainer.cc(257) LOG(INFO) Added: freq=1 size=5340 all=12372 active=991 piece=▁Gerry
bpe_model_trainer.cc(257) LOG(INFO) Added: freq=1 size=5360 all=12361 active=980 piece=▁Korin
bpe_model_trainer.cc(257) LOG(INFO) Added: freq=1 size=5380 all=12348 active=967 piece=▁Pelop
bpe_model_trainer.cc(257) LOG(INFO) Added: freq=1 size=5400 all=12337 active=956 piece=▁Suami
bpe_model_trainer.cc(166) LOG(INFO) Updating active symbols. max_freq=1 min_freq=1
bpe_model_trainer.cc(257) LOG(INFO) Added: freq=1 size=5420 all=12336 active=1000 piece=▁1980
bpe_model_trainer.cc(257) LOG(INFO) Added: freq=1 size=5440 all=12329 active=993 piece=áhorie
bpe_model_trainer.cc(257) LOG(INFO) Added: freq=1 size=5460 all=12314 active=978 piece=▁Walse
bpe_model_trainer.cc(257) LOG(INFO) Added: freq=1 size=5480 all=12302 active=966 piece=▁diyak
bpe_model_trainer.cc(257) LOG(INFO) Added: freq=1 size=5500 all=12290 active=954 piece=▁koboi
bpe_model_trainer.cc(166) LOG(INFO) Updating active symbols. max_freq=1 min_freq=1
bpe_model_trainer.cc(257) LOG(INFO) Added: freq=1 size=5520 all=12287 active=998 piece=▁Andy
bpe_model_trainer.cc(257) LOG(INFO) Added: freq=1 size=5540 all=12278 active=989 piece=▁Engag
bpe_model_trainer.cc(257) LOG(INFO) Added: freq=1 size=5560 all=12265 active=976 piece=▁racun
bpe_model_trainer.cc(257) LOG(INFO) Added: freq=1 size=5580 all=12250 active=961 piece=▁wadah
bpe_model_trainer.cc(257) LOG(INFO) Added: freq=1 size=5600 all=12242 active=953 piece=arnanya
bpe_model_trainer.cc(166) LOG(INFO) Updating active symbols. max_freq=1 min_freq=1
bpe_model_trainer.cc(257) LOG(INFO) Added: freq=1 size=5620 all=12239 active=997 piece=▁kurv
bpe_model_trainer.cc(257) LOG(INFO) Added: freq=1 size=5640 all=12232 active=990 piece=▁kurva
bpe_model_trainer.cc(257) LOG(INFO) Added: freq=1 size=5660 all=12228 active=986 piece=entengi
bpe_model_trainer.cc(257) LOG(INFO) Added: freq=1 size=5680 all=12229 active=987 piece=istilah
bpe_model_trainer.cc(257) LOG(INFO) Added: freq=1 size=5700 all=12228 active=986 piece=prinsip
bpe_model_trainer.cc(166) LOG(INFO) Updating active symbols. max_freq=1 min_freq=1
bpe_model_trainer.cc(257) LOG(INFO) Added: freq=1 size=5720 all=12227 active=1000 piece=▁jemu
bpe_model_trainer.cc(257) LOG(INFO) Added: freq=1 size=5740 all=12217 active=990 piece=onsumen
bpe_model_trainer.cc(257) LOG(INFO) Added: freq=1 size=5760 all=12212 active=985 piece=▁Amarna
bpe_model_trainer.cc(257) LOG(INFO) Added: freq=1 size=5780 all=12196 active=969 piece=▁Fallon
bpe_model_trainer.cc(257) LOG(INFO) Added: freq=1 size=5800 all=12178 active=951 piece=▁Kieraa
bpe_model_trainer.cc(166) LOG(INFO) Updating active symbols. max_freq=1 min_freq=1
bpe_model_trainer.cc(257) LOG(INFO) Added: freq=1 size=5820 all=12176 active=999 piece=▁Jauh
bpe_model_trainer.cc(257) LOG(INFO) Added: freq=1 size=5840 all=12172 active=995 piece=▁dinos
bpe_model_trainer.cc(257) LOG(INFO) Added: freq=1 size=5860 all=12161 active=984 piece=▁Lilles
bpe_model_trainer.cc(257) LOG(INFO) Added: freq=1 size=5880 all=12145 active=968 piece=▁Palmer
bpe_model_trainer.cc(257) LOG(INFO) Added: freq=1 size=5900 all=12130 active=953 piece=▁Sensor
bpe_model_trainer.cc(166) LOG(INFO) Updating active symbols. max_freq=1 min_freq=1
bpe_model_trainer.cc(257) LOG(INFO) Added: freq=1 size=5920 all=12131 active=1002 piece=▁352,
bpe_model_trainer.cc(257) LOG(INFO) Added: freq=1 size=5940 all=12124 active=995 piece=▁Dream
bpe_model_trainer.cc(257) LOG(INFO) Added: freq=1 size=5960 all=12113 active=984 piece=▁Prayer
bpe_model_trainer.cc(257) LOG(INFO) Added: freq=1 size=5980 all=12096 active=967 piece=▁Valley
bpe_model_trainer.cc(257) LOG(INFO) Added: freq=1 size=6000 all=12078 active=949 piece=▁dahulu
bpe_model_trainer.cc(166) LOG(INFO) Updating active symbols. max_freq=1 min_freq=1
bpe_model_trainer.cc(257) LOG(INFO) Added: freq=1 size=6020 all=12074 active=997 piece=▁Grad
bpe_model_trainer.cc(257) LOG(INFO) Added: freq=1 size=6040 all=12066 active=989 piece=▁Perju
bpe_model_trainer.cc(257) LOG(INFO) Added: freq=1 size=6060 all=12055 active=978 piece=▁dialok
bpe_model_trainer.cc(257) LOG(INFO) Added: freq=1 size=6080 all=12043 active=966 piece=▁kaisar
bpe_model_trainer.cc(257) LOG(INFO) Added: freq=1 size=6100 all=12029 active=952 piece=▁melamb
bpe_model_trainer.cc(166) LOG(INFO) Updating active symbols. max_freq=1 min_freq=1
bpe_model_trainer.cc(257) LOG(INFO) Added: freq=1 size=6120 all=12036 active=1007 piece=▁mey
bpe_model_trainer.cc(257) LOG(INFO) Added: freq=1 size=6140 all=12038 active=1009 piece=icture
bpe_model_trainer.cc(257) LOG(INFO) Added: freq=1 size=6160 all=12028 active=999 piece=emonstr
bpe_model_trainer.cc(257) LOG(INFO) Added: freq=1 size=6180 all=12023 active=994 piece=▁meletu
bpe_model_trainer.cc(257) LOG(INFO) Added: freq=1 size=6200 all=12012 active=983 piece=▁planet
bpe_model_trainer.cc(166) LOG(INFO) Updating active symbols. max_freq=1 min_freq=1
bpe_model_trainer.cc(257) LOG(INFO) Added: freq=1 size=6220 all=12010 active=998 piece=▁kebir
bpe_model_trainer.cc(257) LOG(INFO) Added: freq=1 size=6240 all=12006 active=994 piece=▁ribuan
bpe_model_trainer.cc(257) LOG(INFO) Added: freq=1 size=6260 all=11989 active=977 piece=▁verbal
bpe_model_trainer.cc(257) LOG(INFO) Added: freq=1 size=6280 all=11985 active=973 piece=ecualian
bpe_model_trainer.cc(257) LOG(INFO) Added: freq=1 size=6300 all=11985 active=973 piece=isensian
bpe_model_trainer.cc(166) LOG(INFO) Updating active symbols. max_freq=1 min_freq=1
bpe_model_trainer.cc(257) LOG(INFO) Added: freq=1 size=6320 all=11984 active=999 piece=▁Alja
bpe_model_trainer.cc(257) LOG(INFO) Added: freq=1 size=6340 all=11977 active=992 piece=▁Kemen
bpe_model_trainer.cc(257) LOG(INFO) Added: freq=1 size=6360 all=11963 active=978 piece=▁Terkub
bpe_model_trainer.cc(257) LOG(INFO) Added: freq=1 size=6380 all=11961 active=976 piece=rokoksig
bpe_model_trainer.cc(257) LOG(INFO) Added: freq=1 size=6400 all=11960 active=975 piece=▁(1918),
bpe_model_trainer.cc(166) LOG(INFO) Updating active symbols. max_freq=1 min_freq=1
bpe_model_trainer.cc(257) LOG(INFO) Added: freq=1 size=6420 all=11961 active=1002 piece=▁komp
bpe_model_trainer.cc(257) LOG(INFO) Added: freq=1 size=6440 all=11954 active=995 piece=ampingi
bpe_model_trainer.cc(257) LOG(INFO) Added: freq=1 size=6460 all=11946 active=987 piece=▁168.000
bpe_model_trainer.cc(257) LOG(INFO) Added: freq=1 size=6480 all=11931 active=972 piece=▁Company
bpe_model_trainer.cc(257) LOG(INFO) Added: freq=1 size=6500 all=11914 active=955 piece=▁Hepburn
bpe_model_trainer.cc(166) LOG(INFO) Updating active symbols. max_freq=1 min_freq=1
bpe_model_trainer.cc(257) LOG(INFO) Added: freq=1 size=6520 all=11912 active=999 piece=▁Marv
bpe_model_trainer.cc(257) LOG(INFO) Added: freq=1 size=6540 all=11902 active=989 piece=▁Rumah
bpe_model_trainer.cc(257) LOG(INFO) Added: freq=1 size=6560 all=11894 active=981 piece=▁format
bpe_model_trainer.cc(257) LOG(INFO) Added: freq=1 size=6580 all=11877 active=964 piece=▁Masalah
bpe_model_trainer.cc(257) LOG(INFO) Added: freq=1 size=6600 all=11862 active=949 piece=▁Samnium
bpe_model_trainer.cc(166) LOG(INFO) Updating active symbols. max_freq=1 min_freq=1
bpe_model_trainer.cc(257) LOG(INFO) Added: freq=1 size=6620 all=11867 active=1006 piece=estev
bpe_model_trainer.cc(257) LOG(INFO) Added: freq=1 size=6640 all=11863 active=1002 piece=ingkas
bpe_model_trainer.cc(257) LOG(INFO) Added: freq=1 size=6660 all=11855 active=994 piece=axactun
bpe_model_trainer.cc(257) LOG(INFO) Added: freq=1 size=6680 all=11844 active=983 piece=ingankan
bpe_model_trainer.cc(257) LOG(INFO) Added: freq=1 size=6700 all=11830 active=969 piece=▁Trudeau
bpe_model_trainer.cc(166) LOG(INFO) Updating active symbols. max_freq=1 min_freq=1
bpe_model_trainer.cc(257) LOG(INFO) Added: freq=1 size=6720 all=11831 active=1002 piece=embay
bpe_model_trainer.cc(257) LOG(INFO) Added: freq=1 size=6740 all=11827 active=998 piece=umayan
bpe_model_trainer.cc(257) LOG(INFO) Added: freq=1 size=6760 all=11816 active=987 piece=▁Memang
bpe_model_trainer.cc(257) LOG(INFO) Added: freq=1 size=6780 all=11802 active=973 piece=▁Wilayah
bpe_model_trainer.cc(257) LOG(INFO) Added: freq=1 size=6800 all=11784 active=955 piece=▁borough
bpe_model_trainer.cc(166) LOG(INFO) Updating active symbols. max_freq=1 min_freq=1
bpe_model_trainer.cc(257) LOG(INFO) Added: freq=1 size=6820 all=11779 active=996 piece=▁1987
bpe_model_trainer.cc(257) LOG(INFO) Added: freq=1 size=6840 all=11772 active=989 piece=▁melap
bpe_model_trainer.cc(257) LOG(INFO) Added: freq=1 size=6860 all=11764 active=981 piece=▁prosed
bpe_model_trainer.cc(257) LOG(INFO) Added: freq=1 size=6880 all=11753 active=970 piece=▁diklaim
bpe_model_trainer.cc(257) LOG(INFO) Added: freq=1 size=6900 all=11736 active=953 piece=▁ekstern
bpe_model_trainer.cc(166) LOG(INFO) Updating active symbols. max_freq=1 min_freq=1
bpe_model_trainer.cc(257) LOG(INFO) Added: freq=1 size=6920 all=11734 active=998 piece=jataan
bpe_model_trainer.cc(257) LOG(INFO) Added: freq=1 size=6940 all=11728 active=992 piece=▁Schenc
bpe_model_trainer.cc(257) LOG(INFO) Added: freq=1 size=6960 all=11717 active=981 piece=▁Schenck
bpe_model_trainer.cc(257) LOG(INFO) Added: freq=1 size=6980 all=11704 active=968 piece=▁kesaleh
bpe_model_trainer.cc(257) LOG(INFO) Added: freq=1 size=7000 all=11688 active=952 piece=▁memadai
bpe_model_trainer.cc(166) LOG(INFO) Updating active symbols. max_freq=1 min_freq=1
bpe_model_trainer.cc(257) LOG(INFO) Added: freq=1 size=7020 all=11686 active=999 piece=▁waj
bpe_model_trainer.cc(257) LOG(INFO) Added: freq=1 size=7040 all=11677 active=990 piece=▁irid
bpe_model_trainer.cc(257) LOG(INFO) Added: freq=1 size=7060 all=11671 active=984 piece=▁Abakum
bpe_model_trainer.cc(257) LOG(INFO) Added: freq=1 size=7080 all=11654 active=967 piece=▁memburu
bpe_model_trainer.cc(257) LOG(INFO) Added: freq=1 size=7100 all=11644 active=957 piece=▁nasihat
bpe_model_trainer.cc(166) LOG(INFO) Updating active symbols. max_freq=1 min_freq=1
bpe_model_trainer.cc(257) LOG(INFO) Added: freq=1 size=7120 all=11644 active=1001 piece=minya
bpe_model_trainer.cc(257) LOG(INFO) Added: freq=1 size=7140 all=11635 active=992 piece=▁March
bpe_model_trainer.cc(257) LOG(INFO) Added: freq=1 size=7160 all=11623 active=980 piece=▁jernih
bpe_model_trainer.cc(257) LOG(INFO) Added: freq=1 size=7180 all=11607 active=964 piece=▁pembeli
bpe_model_trainer.cc(257) LOG(INFO) Added: freq=1 size=7200 all=11591 active=948 piece=▁sandera
bpe_model_trainer.cc(166) LOG(INFO) Updating active symbols. max_freq=1 min_freq=1
bpe_model_trainer.cc(257) LOG(INFO) Added: freq=1 size=7220 all=11593 active=1003 piece=▁Tre
bpe_model_trainer.cc(257) LOG(INFO) Added: freq=1 size=7240 all=11586 active=996 piece=iberia
bpe_model_trainer.cc(257) LOG(INFO) Added: freq=1 size=7260 all=11575 active=985 piece=▁Morgan
bpe_model_trainer.cc(257) LOG(INFO) Added: freq=1 size=7280 all=11558 active=968 piece=▁sejajar
bpe_model_trainer.cc(257) LOG(INFO) Added: freq=1 size=7300 all=11540 active=950 piece=▁terpana
bpe_model_trainer.cc(166) LOG(INFO) Updating active symbols. max_freq=1 min_freq=1
bpe_model_trainer.cc(257) LOG(INFO) Added: freq=1 size=7320 all=11542 active=1003 piece=ypes
bpe_model_trainer.cc(257) LOG(INFO) Added: freq=1 size=7340 all=11534 active=995 piece=▁buah
bpe_model_trainer.cc(257) LOG(INFO) Added: freq=1 size=7360 all=11527 active=988 piece=▁10.000
bpe_model_trainer.cc(257) LOG(INFO) Added: freq=1 size=7380 all=11511 active=972 piece=▁tetangg
bpe_model_trainer.cc(257) LOG(INFO) Added: freq=1 size=7400 all=11497 active=958 piece=asikannya
bpe_model_trainer.cc(166) LOG(INFO) Updating active symbols. max_freq=1 min_freq=1
bpe_model_trainer.cc(257) LOG(INFO) Added: freq=1 size=7420 all=11499 active=1002 piece=ilahi
bpe_model_trainer.cc(257) LOG(INFO) Added: freq=1 size=7440 all=11492 active=995 piece=ikrofon
bpe_model_trainer.cc(257) LOG(INFO) Added: freq=1 size=7460 all=11479 active=982 piece=asnoyarsk
bpe_model_trainer.cc(257) LOG(INFO) Added: freq=1 size=7480 all=11476 active=979 piece=imbangkan
bpe_model_trainer.cc(257) LOG(INFO) Added: freq=1 size=7500 all=11470 active=973 piece=ubumbashi
bpe_model_trainer.cc(166) LOG(INFO) Updating active symbols. max_freq=1 min_freq=1
bpe_model_trainer.cc(257) LOG(INFO) Added: freq=1 size=7520 all=11469 active=999 piece=▁rel
bpe_model_trainer.cc(257) LOG(INFO) Added: freq=1 size=7540 all=11462 active=992 piece=▁Tangg
bpe_model_trainer.cc(257) LOG(INFO) Added: freq=1 size=7560 all=11451 active=981 piece=ingungan
bpe_model_trainer.cc(257) LOG(INFO) Added: freq=1 size=7580 all=11443 active=973 piece=▁(6.30-10
bpe_model_trainer.cc(257) LOG(INFO) Added: freq=1 size=7600 all=11425 active=955 piece=▁Canadian
bpe_model_trainer.cc(166) LOG(INFO) Updating active symbols. max_freq=1 min_freq=1
bpe_model_trainer.cc(257) LOG(INFO) Added: freq=1 size=7620 all=11420 active=996 piece=▁Amaz
bpe_model_trainer.cc(257) LOG(INFO) Added: freq=1 size=7640 all=11410 active=986 piece=▁Inilah
bpe_model_trainer.cc(257) LOG(INFO) Added: freq=1 size=7660 all=11394 active=970 piece=▁teknisi
bpe_model_trainer.cc(257) LOG(INFO) Added: freq=1 size=7680 all=11375 active=951 piece=▁Generasi
bpe_model_trainer.cc(257) LOG(INFO) Added: freq=1 size=7700 all=11355 active=931 piece=▁Landmark
bpe_model_trainer.cc(166) LOG(INFO) Updating active symbols. max_freq=1 min_freq=1
bpe_model_trainer.cc(257) LOG(INFO) Added: freq=1 size=7720 all=11358 active=1004 piece=visi
bpe_model_trainer.cc(257) LOG(INFO) Added: freq=1 size=7740 all=11350 active=996 piece=▁maan
bpe_model_trainer.cc(257) LOG(INFO) Added: freq=1 size=7760 all=11338 active=984 piece=▁divisi
bpe_model_trainer.cc(257) LOG(INFO) Added: freq=1 size=7780 all=11323 active=969 piece=▁Letakkan
bpe_model_trainer.cc(257) LOG(INFO) Added: freq=1 size=7800 all=11307 active=953 piece=▁Panglima
bpe_model_trainer.cc(166) LOG(INFO) Updating active symbols. max_freq=1 min_freq=1
bpe_model_trainer.cc(257) LOG(INFO) Added: freq=1 size=7820 all=11305 active=999 piece=▁GCH
bpe_model_trainer.cc(257) LOG(INFO) Added: freq=1 size=7840 all=11297 active=991 piece=▁Carib
bpe_model_trainer.cc(257) LOG(INFO) Added: freq=1 size=7860 all=11280 active=974 piece=oversial
bpe_model_trainer.cc(257) LOG(INFO) Added: freq=1 size=7880 all=11266 active=960 piece=▁Pluviose
bpe_model_trainer.cc(257) LOG(INFO) Added: freq=1 size=7900 all=11246 active=940 piece=▁Stealers
bpe_model_trainer.cc(166) LOG(INFO) Updating active symbols. max_freq=1 min_freq=1
bpe_model_trainer.cc(257) LOG(INFO) Added: freq=1 size=7920 all=11240 active=995 piece=▁mos
bpe_model_trainer.cc(257) LOG(INFO) Added: freq=1 size=7940 all=11232 active=987 piece=▁Lyvet
bpe_model_trainer.cc(257) LOG(INFO) Added: freq=1 size=7960 all=11218 active=973 piece=▁grosir
bpe_model_trainer.cc(257) LOG(INFO) Added: freq=1 size=7980 all=11203 active=958 piece=▁Tentunya
bpe_model_trainer.cc(257) LOG(INFO) Added: freq=1 size=8000 all=11186 active=941 piece=▁antologi
bpe_model_trainer.cc(166) LOG(INFO) Updating active symbols. max_freq=1 min_freq=1
bpe_model_trainer.cc(257) LOG(INFO) Added: freq=1 size=8020 all=11184 active=999 piece=▁USG
bpe_model_trainer.cc(257) LOG(INFO) Added: freq=1 size=8040 all=11176 active=991 piece=▁Bantu
bpe_model_trainer.cc(257) LOG(INFO) Added: freq=1 size=8060 all=11164 active=979 piece=▁inilah
bpe_model_trainer.cc(257) LOG(INFO) Added: freq=1 size=8080 all=11147 active=962 piece=▁sasaran
bpe_model_trainer.cc(257) LOG(INFO) Added: freq=1 size=8100 all=11128 active=943 piece=▁bujangan
bpe_model_trainer.cc(166) LOG(INFO) Updating active symbols. max_freq=1 min_freq=1
bpe_model_trainer.cc(257) LOG(INFO) Added: freq=1 size=8120 all=11128 active=1001 piece=▁Kuo
bpe_model_trainer.cc(257) LOG(INFO) Added: freq=1 size=8140 all=11121 active=994 piece=▁2006,
bpe_model_trainer.cc(257) LOG(INFO) Added: freq=1 size=8160 all=11109 active=982 piece=▁Darius
bpe_model_trainer.cc(257) LOG(INFO) Added: freq=1 size=8180 all=11093 active=966 piece=▁geologi
bpe_model_trainer.cc(257) LOG(INFO) Added: freq=1 size=8200 all=11074 active=947 piece=▁dikuasai
bpe_model_trainer.cc(166) LOG(INFO) Updating active symbols. max_freq=1 min_freq=1
bpe_model_trainer.cc(257) LOG(INFO) Added: freq=1 size=8220 all=11069 active=996 piece=asana
bpe_model_trainer.cc(257) LOG(INFO) Added: freq=1 size=8240 all=11059 active=986 piece=▁jahat
bpe_model_trainer.cc(257) LOG(INFO) Added: freq=1 size=8260 all=11043 active=970 piece=▁dituduh
bpe_model_trainer.cc(257) LOG(INFO) Added: freq=1 size=8280 all=11025 active=952 piece=▁gangguan
bpe_model_trainer.cc(257) LOG(INFO) Added: freq=1 size=8300 all=11006 active=933 piece=▁keyboard
bpe_model_trainer.cc(166) LOG(INFO) Updating active symbols. max_freq=1 min_freq=1
bpe_model_trainer.cc(257) LOG(INFO) Added: freq=1 size=8320 all=11001 active=996 piece=▁$1,4
bpe_model_trainer.cc(257) LOG(INFO) Added: freq=1 size=8340 all=10990 active=985 piece=unahan
bpe_model_trainer.cc(257) LOG(INFO) Added: freq=1 size=8360 all=10976 active=971 piece=▁ditend
bpe_model_trainer.cc(257) LOG(INFO) Added: freq=1 size=8380 all=10960 active=955 piece=▁geografi
bpe_model_trainer.cc(257) LOG(INFO) Added: freq=1 size=8400 all=10941 active=936 piece=▁melebihi
bpe_model_trainer.cc(166) LOG(INFO) Updating active symbols. max_freq=1 min_freq=1
bpe_model_trainer.cc(257) LOG(INFO) Added: freq=1 size=8420 all=10937 active=997 piece=▁ECB
bpe_model_trainer.cc(257) LOG(INFO) Added: freq=1 size=8440 all=10928 active=988 piece=udeten
bpe_model_trainer.cc(257) LOG(INFO) Added: freq=1 size=8460 all=10914 active=974 piece=▁berdur
bpe_model_trainer.cc(257) LOG(INFO) Added: freq=1 size=8480 all=10897 active=957 piece=▁Saratoga
bpe_model_trainer.cc(257) LOG(INFO) Added: freq=1 size=8500 all=10881 active=941 piece=▁mengadap
bpe_model_trainer.cc(166) LOG(INFO) Updating active symbols. max_freq=1 min_freq=1
bpe_model_trainer.cc(257) LOG(INFO) Added: freq=1 size=8520 all=10882 active=1001 piece=▁2017
bpe_model_trainer.cc(257) LOG(INFO) Added: freq=1 size=8540 all=10868 active=987 piece=▁mahir
bpe_model_trainer.cc(257) LOG(INFO) Added: freq=1 size=8560 all=10855 active=974 piece=▁Hillary
bpe_model_trainer.cc(257) LOG(INFO) Added: freq=1 size=8580 all=10838 active=957 piece=▁menonjol
bpe_model_trainer.cc(257) LOG(INFO) Added: freq=1 size=8600 all=10821 active=940 piece=▁pahlawan
bpe_model_trainer.cc(166) LOG(INFO) Updating active symbols. max_freq=1 min_freq=1
bpe_model_trainer.cc(257) LOG(INFO) Added: freq=1 size=8620 all=10812 active=992 piece=▁yan
bpe_model_trainer.cc(257) LOG(INFO) Added: freq=1 size=8640 all=10802 active=982 piece=▁kebak
bpe_model_trainer.cc(257) LOG(INFO) Added: freq=1 size=8660 all=10792 active=972 piece=▁Puluhan
bpe_model_trainer.cc(257) LOG(INFO) Added: freq=1 size=8680 all=10774 active=954 piece=▁penemuan
bpe_model_trainer.cc(257) LOG(INFO) Added: freq=1 size=8700 all=10758 active=938 piece=▁resolusi
bpe_model_trainer.cc(166) LOG(INFO) Updating active symbols. max_freq=1 min_freq=1
bpe_model_trainer.cc(257) LOG(INFO) Added: freq=1 size=8720 all=10750 active=993 piece=maine
bpe_model_trainer.cc(257) LOG(INFO) Added: freq=1 size=8740 all=10735 active=978 piece=emannya
bpe_model_trainer.cc(257) LOG(INFO) Added: freq=1 size=8760 all=10720 active=963 piece=▁paralel
bpe_model_trainer.cc(257) LOG(INFO) Added: freq=1 size=8780 all=10704 active=947 piece=▁sinoptik
bpe_model_trainer.cc(257) LOG(INFO) Added: freq=1 size=8800 all=10684 active=927 piece=▁terdepan
bpe_model_trainer.cc(166) LOG(INFO) Updating active symbols. max_freq=1 min_freq=1
bpe_model_trainer.cc(257) LOG(INFO) Added: freq=1 size=8820 all=10679 active=996 piece=▁Alam
bpe_model_trainer.cc(257) LOG(INFO) Added: freq=1 size=8840 all=10664 active=981 piece=▁unjuk
bpe_model_trainer.cc(257) LOG(INFO) Added: freq=1 size=8860 all=10651 active=968 piece=▁Viguier
bpe_model_trainer.cc(257) LOG(INFO) Added: freq=1 size=8880 all=10633 active=950 piece=▁terpapar
bpe_model_trainer.cc(257) LOG(INFO) Added: freq=1 size=8900 all=10613 active=930 piece=▁walikota
bpe_model_trainer.cc(166) LOG(INFO) Updating active symbols. max_freq=1 min_freq=1
bpe_model_trainer.cc(257) LOG(INFO) Added: freq=1 size=8920 all=10606 active=994 piece=▁sta
bpe_model_trainer.cc(257) LOG(INFO) Added: freq=1 size=8940 all=10595 active=983 piece=▁Uskup
bpe_model_trainer.cc(257) LOG(INFO) Added: freq=1 size=8960 all=10579 active=967 piece=▁semasa
bpe_model_trainer.cc(257) LOG(INFO) Added: freq=1 size=8980 all=10562 active=950 piece=▁menetang
bpe_model_trainer.cc(257) LOG(INFO) Added: freq=1 size=9000 all=10551 active=939 piece=ontvieille
bpe_model_trainer.cc(166) LOG(INFO) Updating active symbols. max_freq=1 min_freq=1
bpe_model_trainer.cc(257) LOG(INFO) Added: freq=1 size=9020 all=10541 active=990 piece=▁dag
bpe_model_trainer.cc(257) LOG(INFO) Added: freq=1 size=9040 all=10530 active=979 piece=▁merit
bpe_model_trainer.cc(257) LOG(INFO) Added: freq=1 size=9060 all=10512 active=961 piece=▁merdeka
bpe_model_trainer.cc(257) LOG(INFO) Added: freq=1 size=9080 all=10496 active=945 piece=▁Billboard
bpe_model_trainer.cc(257) LOG(INFO) Added: freq=1 size=9100 all=10477 active=926 piece=▁Guangzhou
bpe_model_trainer.cc(166) LOG(INFO) Updating active symbols. max_freq=1 min_freq=1
bpe_model_trainer.cc(257) LOG(INFO) Added: freq=1 size=9120 all=10471 active=995 piece=▁Rian
bpe_model_trainer.cc(257) LOG(INFO) Added: freq=1 size=9140 all=10455 active=979 piece=▁lelap
bpe_model_trainer.cc(257) LOG(INFO) Added: freq=1 size=9160 all=10437 active=961 piece=▁menekan
bpe_model_trainer.cc(257) LOG(INFO) Added: freq=1 size=9180 all=10418 active=942 piece=▁Kebiasaan
bpe_model_trainer.cc(257) LOG(INFO) Added: freq=1 size=9200 all=10399 active=923 piece=▁Pemanasan
bpe_model_trainer.cc(166) LOG(INFO) Updating active symbols. max_freq=1 min_freq=1
bpe_model_trainer.cc(257) LOG(INFO) Added: freq=1 size=9220 all=10388 active=990 piece=tives
bpe_model_trainer.cc(257) LOG(INFO) Added: freq=1 size=9240 all=10377 active=979 piece=▁Under
bpe_model_trainer.cc(257) LOG(INFO) Added: freq=1 size=9260 all=10360 active=962 piece=▁Nostrum
bpe_model_trainer.cc(257) LOG(INFO) Added: freq=1 size=9280 all=10341 active=943 piece=▁Pemberian
trainer_interface.cc(507) LOG(INFO) Saving model: models/id_bpe_9378_vocab.model
trainer_interface.cc(531) LOG(INFO) Saving vocabs: models/id_bpe_9378_vocab.vocab
