sentencepiece_trainer.cc(116) LOG(INFO) Running command: --input=models/id_bpe_4689_vocab_morph_norm.txt --model_prefix=models/id_bpe_4689_vocab_morph_norm --vocab_size=4689 --model_type=bpe --split_by_whitespace=0
sentencepiece_trainer.cc(49) LOG(INFO) Starts training with : 
TrainerSpec {
  input: models/id_bpe_4689_vocab_morph_norm.txt
  input_format: 
  model_prefix: models/id_bpe_4689_vocab_morph_norm
  model_type: BPE
  vocab_size: 4689
  self_test_sample_size: 0
  character_coverage: 0.9995
  input_sentence_size: 0
  shuffle_input_sentence: 1
  seed_sentencepiece_size: 1000000
  shrinking_factor: 0.75
  max_sentence_length: 4192
  num_threads: 16
  num_sub_iterations: 2
  max_sentencepiece_length: 16
  split_by_unicode_script: 1
  split_by_number: 1
  split_by_whitespace: 0
  treat_whitespace_as_suffix: 0
  hard_vocab_limit: 1
  use_all_vocab: 0
  unk_id: 0
  bos_id: 1
  eos_id: 2
  pad_id: -1
  unk_piece: <unk>
  bos_piece: <s>
  eos_piece: </s>
  pad_piece: <pad>
  unk_surface:  ⁇ 
}
NormalizerSpec {
  name: nmt_nfkc
  add_dummy_prefix: 1
  remove_extra_whitespaces: 1
  escape_whitespaces: 1
  normalization_rule_tsv: 
}

trainer_interface.cc(267) LOG(INFO) Loading corpus: models/id_bpe_4689_vocab_morph_norm.txt
trainer_interface.cc(315) LOG(INFO) Loaded all 1000 sentences
trainer_interface.cc(330) LOG(INFO) Adding meta_piece: <unk>
trainer_interface.cc(330) LOG(INFO) Adding meta_piece: <s>
trainer_interface.cc(330) LOG(INFO) Adding meta_piece: </s>
trainer_interface.cc(335) LOG(INFO) Normalizing sentences...
trainer_interface.cc(384) LOG(INFO) all chars count=121542
trainer_interface.cc(392) LOG(INFO) Done: 99.9564% characters are covered.
trainer_interface.cc(402) LOG(INFO) Alphabet size=57
trainer_interface.cc(403) LOG(INFO) Final character coverage=0.999564
trainer_interface.cc(435) LOG(INFO) Done! preprocessed 1000 sentences.
bpe_model_trainer.cc(166) LOG(INFO) Updating active symbols. max_freq=5119 min_freq=1
bpe_model_trainer.cc(257) LOG(INFO) Added: freq=937 size=20 all=1503 active=1445 piece=at
bpe_model_trainer.cc(257) LOG(INFO) Added: freq=365 size=40 all=2653 active=2595 piece=▁i
bpe_model_trainer.cc(257) LOG(INFO) Added: freq=282 size=60 all=3831 active=3773 piece=▁r
bpe_model_trainer.cc(257) LOG(INFO) Added: freq=210 size=80 all=5108 active=5050 piece=▁ini
bpe_model_trainer.cc(257) LOG(INFO) Added: freq=159 size=100 all=6226 active=6168 piece=▁g
bpe_model_trainer.cc(166) LOG(INFO) Updating active symbols. max_freq=158 min_freq=14
bpe_model_trainer.cc(257) LOG(INFO) Added: freq=124 size=120 all=7290 active=1990 piece=▁mer
bpe_model_trainer.cc(257) LOG(INFO) Added: freq=93 size=140 all=8194 active=2894 piece=▁mereka
bpe_model_trainer.cc(257) LOG(INFO) Added: freq=79 size=160 all=9135 active=3835 piece=▁telah
bpe_model_trainer.cc(257) LOG(INFO) Added: freq=70 size=180 all=9937 active=4637 piece=op
bpe_model_trainer.cc(257) LOG(INFO) Added: freq=65 size=200 all=10641 active=5341 piece=▁tent
bpe_model_trainer.cc(166) LOG(INFO) Updating active symbols. max_freq=64 min_freq=12
bpe_model_trainer.cc(257) LOG(INFO) Added: freq=56 size=220 all=11402 active=1721 piece=uah
bpe_model_trainer.cc(257) LOG(INFO) Added: freq=51 size=240 all=12092 active=2411 piece=▁setelah
bpe_model_trainer.cc(257) LOG(INFO) Added: freq=45 size=260 all=12730 active=3049 piece=▁al
bpe_model_trainer.cc(257) LOG(INFO) Added: freq=41 size=280 all=13388 active=3707 piece=ungk
bpe_model_trainer.cc(257) LOG(INFO) Added: freq=38 size=300 all=13942 active=4261 piece=▁ar
bpe_model_trainer.cc(166) LOG(INFO) Updating active symbols. max_freq=38 min_freq=10
bpe_model_trainer.cc(257) LOG(INFO) Added: freq=35 size=320 all=14517 active=1546 piece=▁)
bpe_model_trainer.cc(257) LOG(INFO) Added: freq=34 size=340 all=15087 active=2116 piece=▁lain
bpe_model_trainer.cc(257) LOG(INFO) Added: freq=31 size=360 all=15638 active=2667 piece=▁si
bpe_model_trainer.cc(257) LOG(INFO) Added: freq=29 size=380 all=16172 active=3201 piece=▁ma
bpe_model_trainer.cc(257) LOG(INFO) Added: freq=28 size=400 all=16671 active=3700 piece=▁baik
bpe_model_trainer.cc(166) LOG(INFO) Updating active symbols. max_freq=28 min_freq=9
bpe_model_trainer.cc(257) LOG(INFO) Added: freq=26 size=420 all=17148 active=1446 piece=ag
bpe_model_trainer.cc(257) LOG(INFO) Added: freq=25 size=440 all=17554 active=1852 piece=▁lu
bpe_model_trainer.cc(257) LOG(INFO) Added: freq=24 size=460 all=18007 active=2305 piece=▁ingg
bpe_model_trainer.cc(257) LOG(INFO) Added: freq=23 size=480 all=18408 active=2706 piece=▁di▁b
bpe_model_trainer.cc(257) LOG(INFO) Added: freq=22 size=500 all=18804 active=3102 piece=▁send
bpe_model_trainer.cc(166) LOG(INFO) Updating active symbols. max_freq=22 min_freq=8
bpe_model_trainer.cc(257) LOG(INFO) Added: freq=21 size=520 all=19216 active=1398 piece=▁peNd
bpe_model_trainer.cc(257) LOG(INFO) Added: freq=20 size=540 all=19603 active=1785 piece=▁sen
bpe_model_trainer.cc(257) LOG(INFO) Added: freq=19 size=560 all=19975 active=2157 piece=▁tak
bpe_model_trainer.cc(257) LOG(INFO) Added: freq=18 size=580 all=20314 active=2496 piece=iden
bpe_model_trainer.cc(257) LOG(INFO) Added: freq=17 size=600 all=20598 active=2780 piece=ers
bpe_model_trainer.cc(166) LOG(INFO) Updating active symbols. max_freq=17 min_freq=7
bpe_model_trainer.cc(257) LOG(INFO) Added: freq=17 size=620 all=20935 active=1347 piece=▁hidup
bpe_model_trainer.cc(257) LOG(INFO) Added: freq=16 size=640 all=21247 active=1659 piece=uta
bpe_model_trainer.cc(257) LOG(INFO) Added: freq=16 size=660 all=21503 active=1915 piece=istem
bpe_model_trainer.cc(257) LOG(INFO) Added: freq=16 size=680 all=21816 active=2228 piece=▁sebagian▁besar
bpe_model_trainer.cc(257) LOG(INFO) Added: freq=15 size=700 all=22075 active=2487 piece=ember
bpe_model_trainer.cc(166) LOG(INFO) Updating active symbols. max_freq=15 min_freq=6
bpe_model_trainer.cc(257) LOG(INFO) Added: freq=14 size=720 all=22409 active=1432 piece=ei
bpe_model_trainer.cc(257) LOG(INFO) Added: freq=14 size=740 all=22626 active=1649 piece=▁art
bpe_model_trainer.cc(257) LOG(INFO) Added: freq=14 size=760 all=22923 active=1946 piece=▁pada▁hari
bpe_model_trainer.cc(257) LOG(INFO) Added: freq=13 size=780 all=23134 active=2157 piece=unya
bpe_model_trainer.cc(257) LOG(INFO) Added: freq=13 size=800 all=23393 active=2416 piece=irikan
bpe_model_trainer.cc(166) LOG(INFO) Updating active symbols. max_freq=13 min_freq=5
bpe_model_trainer.cc(257) LOG(INFO) Added: freq=12 size=820 all=23679 active=1444 piece=ank
bpe_model_trainer.cc(257) LOG(INFO) Added: freq=12 size=840 all=23910 active=1675 piece=▁dem
bpe_model_trainer.cc(257) LOG(INFO) Added: freq=12 size=860 all=24146 active=1911 piece=▁tert
bpe_model_trainer.cc(257) LOG(INFO) Added: freq=12 size=880 all=24437 active=2202 piece=▁sejarah
bpe_model_trainer.cc(257) LOG(INFO) Added: freq=11 size=900 all=24703 active=2468 piece=asti
bpe_model_trainer.cc(166) LOG(INFO) Updating active symbols. max_freq=11 min_freq=5
bpe_model_trainer.cc(257) LOG(INFO) Added: freq=11 size=920 all=24935 active=1458 piece=▁perd
bpe_model_trainer.cc(257) LOG(INFO) Added: freq=11 size=940 all=25168 active=1691 piece=▁meNber
bpe_model_trainer.cc(257) LOG(INFO) Added: freq=11 size=960 all=25409 active=1932 piece=▁dalam▁sebuah
bpe_model_trainer.cc(257) LOG(INFO) Added: freq=10 size=980 all=25585 active=2108 piece=▁ad
bpe_model_trainer.cc(257) LOG(INFO) Added: freq=10 size=1000 all=25776 active=2299 piece=▁met
bpe_model_trainer.cc(166) LOG(INFO) Updating active symbols. max_freq=10 min_freq=4
bpe_model_trainer.cc(257) LOG(INFO) Added: freq=10 size=1020 all=25996 active=1498 piece=▁raja
bpe_model_trainer.cc(257) LOG(INFO) Added: freq=10 size=1040 all=26257 active=1759 piece=▁rendah
bpe_model_trainer.cc(257) LOG(INFO) Added: freq=10 size=1060 all=26488 active=1990 piece=▁negara▁bagian
bpe_model_trainer.cc(257) LOG(INFO) Added: freq=9 size=1080 all=26641 active=2143 piece=▁bl
bpe_model_trainer.cc(257) LOG(INFO) Added: freq=9 size=1100 all=26805 active=2307 piece=▁pel
bpe_model_trainer.cc(166) LOG(INFO) Updating active symbols. max_freq=9 min_freq=4
bpe_model_trainer.cc(257) LOG(INFO) Added: freq=9 size=1120 all=27017 active=1542 piece=▁serta
bpe_model_trainer.cc(257) LOG(INFO) Added: freq=9 size=1140 all=27215 active=1740 piece=▁terjadi
bpe_model_trainer.cc(257) LOG(INFO) Added: freq=8 size=1160 all=27380 active=1905 piece=de
bpe_model_trainer.cc(257) LOG(INFO) Added: freq=8 size=1180 all=27541 active=2066 piece=raf
bpe_model_trainer.cc(257) LOG(INFO) Added: freq=8 size=1200 all=27695 active=2220 piece=ungg
bpe_model_trainer.cc(166) LOG(INFO) Updating active symbols. max_freq=8 min_freq=4
bpe_model_trainer.cc(257) LOG(INFO) Added: freq=8 size=1220 all=27852 active=1533 piece=▁seh
bpe_model_trainer.cc(257) LOG(INFO) Added: freq=8 size=1240 all=28045 active=1726 piece=▁di▁l
bpe_model_trainer.cc(257) LOG(INFO) Added: freq=8 size=1260 all=28196 active=1877 piece=▁musik
bpe_model_trainer.cc(257) LOG(INFO) Added: freq=8 size=1280 all=28380 active=2061 piece=▁di▁bulan
bpe_model_trainer.cc(257) LOG(INFO) Added: freq=7 size=1300 all=28530 active=2211 piece=ji
bpe_model_trainer.cc(166) LOG(INFO) Updating active symbols. max_freq=7 min_freq=4
bpe_model_trainer.cc(257) LOG(INFO) Added: freq=7 size=1320 all=28645 active=1535 piece=▁ed
bpe_model_trainer.cc(257) LOG(INFO) Added: freq=7 size=1340 all=28793 active=1683 piece=tiga
bpe_model_trainer.cc(257) LOG(INFO) Added: freq=7 size=1360 all=28948 active=1838 piece=ampir
bpe_model_trainer.cc(257) LOG(INFO) Added: freq=7 size=1380 all=29100 active=1990 piece=▁naik
bpe_model_trainer.cc(257) LOG(INFO) Added: freq=7 size=1400 all=29284 active=2174 piece=intangi
bpe_model_trainer.cc(166) LOG(INFO) Updating active symbols. max_freq=7 min_freq=3
bpe_model_trainer.cc(257) LOG(INFO) Added: freq=7 size=1420 all=29442 active=1616 piece=▁januari
bpe_model_trainer.cc(257) LOG(INFO) Added: freq=7 size=1440 all=29609 active=1783 piece=▁pertahan
bpe_model_trainer.cc(257) LOG(INFO) Added: freq=6 size=1460 all=29722 active=1896 piece=ho
bpe_model_trainer.cc(257) LOG(INFO) Added: freq=6 size=1480 all=29846 active=2020 piece=pun
bpe_model_trainer.cc(257) LOG(INFO) Added: freq=6 size=1500 all=29969 active=2143 piece=iaya
bpe_model_trainer.cc(166) LOG(INFO) Updating active symbols. max_freq=6 min_freq=3
bpe_model_trainer.cc(257) LOG(INFO) Added: freq=6 size=1520 all=30093 active=1615 piece=▁kab
bpe_model_trainer.cc(257) LOG(INFO) Added: freq=6 size=1540 all=30214 active=1736 piece=istik
bpe_model_trainer.cc(257) LOG(INFO) Added: freq=6 size=1560 all=30361 active=1883 piece=▁real
bpe_model_trainer.cc(257) LOG(INFO) Added: freq=6 size=1580 all=30474 active=1996 piece=abiskan
bpe_model_trainer.cc(257) LOG(INFO) Added: freq=6 size=1600 all=30588 active=2110 piece=▁tenaga
bpe_model_trainer.cc(166) LOG(INFO) Updating active symbols. max_freq=6 min_freq=3
bpe_model_trainer.cc(257) LOG(INFO) Added: freq=6 size=1620 all=30712 active=1646 piece=▁peluang
bpe_model_trainer.cc(257) LOG(INFO) Added: freq=6 size=1640 all=30865 active=1799 piece=▁transisi
bpe_model_trainer.cc(257) LOG(INFO) Added: freq=6 size=1660 all=30960 active=1894 piece=▁tidak▁bisa
bpe_model_trainer.cc(257) LOG(INFO) Added: freq=5 size=1680 all=31022 active=1956 piece=ry
bpe_model_trainer.cc(257) LOG(INFO) Added: freq=5 size=1700 all=31117 active=2051 piece=irk
bpe_model_trainer.cc(166) LOG(INFO) Updating active symbols. max_freq=5 min_freq=3
bpe_model_trainer.cc(257) LOG(INFO) Added: freq=5 size=1720 all=31223 active=1658 piece=▁gu
bpe_model_trainer.cc(257) LOG(INFO) Added: freq=5 size=1740 all=31327 active=1762 piece=otal
bpe_model_trainer.cc(257) LOG(INFO) Added: freq=5 size=1760 all=31425 active=1860 piece=▁gan
bpe_model_trainer.cc(257) LOG(INFO) Added: freq=5 size=1780 all=31550 active=1985 piece=enter
bpe_model_trainer.cc(257) LOG(INFO) Added: freq=5 size=1800 all=31651 active=2086 piece=▁dana
bpe_model_trainer.cc(166) LOG(INFO) Updating active symbols. max_freq=5 min_freq=3
bpe_model_trainer.cc(257) LOG(INFO) Added: freq=5 size=1820 all=31757 active=1683 piece=▁pola
bpe_model_trainer.cc(257) LOG(INFO) Added: freq=5 size=1840 all=31858 active=1784 piece=▁dasar
bpe_model_trainer.cc(257) LOG(INFO) Added: freq=5 size=1860 all=31984 active=1910 piece=▁titik
bpe_model_trainer.cc(257) LOG(INFO) Added: freq=5 size=1880 all=32086 active=2012 piece=▁global
bpe_model_trainer.cc(257) LOG(INFO) Added: freq=5 size=1900 all=32206 active=2132 piece=ampilkan
bpe_model_trainer.cc(166) LOG(INFO) Updating active symbols. max_freq=5 min_freq=3
bpe_model_trainer.cc(257) LOG(INFO) Added: freq=5 size=1920 all=32317 active=1716 piece=▁melalui
bpe_model_trainer.cc(257) LOG(INFO) Added: freq=5 size=1940 all=32422 active=1821 piece=▁meNjalan
bpe_model_trainer.cc(257) LOG(INFO) Added: freq=5 size=1960 all=32523 active=1922 piece=▁peristiwa
bpe_model_trainer.cc(257) LOG(INFO) Added: freq=5 size=1980 all=32587 active=1986 piece=▁kemerdekaan
bpe_model_trainer.cc(257) LOG(INFO) Added: freq=4 size=2000 all=32605 active=2004 piece=vi
bpe_model_trainer.cc(166) LOG(INFO) Updating active symbols. max_freq=4 min_freq=2
bpe_model_trainer.cc(257) LOG(INFO) Added: freq=4 size=2020 all=32694 active=1712 piece=ley
bpe_model_trainer.cc(257) LOG(INFO) Added: freq=4 size=2040 all=32764 active=1782 piece=▁13
bpe_model_trainer.cc(257) LOG(INFO) Added: freq=4 size=2060 all=32848 active=1866 piece=disi
bpe_model_trainer.cc(257) LOG(INFO) Added: freq=4 size=2080 all=32932 active=1950 piece=jual
bpe_model_trainer.cc(257) LOG(INFO) Added: freq=4 size=2100 all=33008 active=2026 piece=▁3▁%
bpe_model_trainer.cc(166) LOG(INFO) Updating active symbols. max_freq=4 min_freq=2
bpe_model_trainer.cc(257) LOG(INFO) Added: freq=4 size=2120 all=33088 active=1730 piece=▁kin
bpe_model_trainer.cc(257) LOG(INFO) Added: freq=4 size=2140 all=33174 active=1816 piece=atian
bpe_model_trainer.cc(257) LOG(INFO) Added: freq=4 size=2160 all=33257 active=1899 piece=uasai
bpe_model_trainer.cc(257) LOG(INFO) Added: freq=4 size=2180 all=33337 active=1979 piece=▁imig
bpe_model_trainer.cc(257) LOG(INFO) Added: freq=4 size=2200 all=33427 active=2069 piece=amping
bpe_model_trainer.cc(166) LOG(INFO) Updating active symbols. max_freq=4 min_freq=2
bpe_model_trainer.cc(257) LOG(INFO) Added: freq=4 size=2220 all=33500 active=1737 piece=▁alpen
bpe_model_trainer.cc(257) LOG(INFO) Added: freq=4 size=2240 all=33591 active=1828 piece=▁kisah
bpe_model_trainer.cc(257) LOG(INFO) Added: freq=4 size=2260 all=33685 active=1922 piece=▁suatu
bpe_model_trainer.cc(257) LOG(INFO) Added: freq=4 size=2280 all=33768 active=2005 piece=indungi
bpe_model_trainer.cc(257) LOG(INFO) Added: freq=4 size=2300 all=33859 active=2096 piece=▁itulah
bpe_model_trainer.cc(166) LOG(INFO) Updating active symbols. max_freq=4 min_freq=2
bpe_model_trainer.cc(257) LOG(INFO) Added: freq=4 size=2320 all=33949 active=1779 piece=isi▁lain
bpe_model_trainer.cc(257) LOG(INFO) Added: freq=4 size=2340 all=34040 active=1870 piece=▁legisla
bpe_model_trainer.cc(257) LOG(INFO) Added: freq=4 size=2360 all=34130 active=1960 piece=▁untuk▁m
bpe_model_trainer.cc(257) LOG(INFO) Added: freq=4 size=2380 all=34202 active=2032 piece=▁karakter
bpe_model_trainer.cc(257) LOG(INFO) Added: freq=4 size=2400 all=34277 active=2107 piece=▁thailand
bpe_model_trainer.cc(166) LOG(INFO) Updating active symbols. max_freq=4 min_freq=2
bpe_model_trainer.cc(257) LOG(INFO) Added: freq=4 size=2420 all=34345 active=1776 piece=▁terbentuk
bpe_model_trainer.cc(257) LOG(INFO) Added: freq=4 size=2440 all=34401 active=1832 piece=▁meNtentang
bpe_model_trainer.cc(257) LOG(INFO) Added: freq=4 size=2460 all=34431 active=1862 piece=▁negara▁kota
bpe_model_trainer.cc(257) LOG(INFO) Added: freq=4 size=2480 all=34444 active=1875 piece=▁peNberontakan
bpe_model_trainer.cc(257) LOG(INFO) Added: freq=3 size=2500 all=34428 active=1859 piece=50
bpe_model_trainer.cc(166) LOG(INFO) Updating active symbols. max_freq=3 min_freq=2
bpe_model_trainer.cc(257) LOG(INFO) Added: freq=3 size=2520 all=34494 active=1784 piece=cap
bpe_model_trainer.cc(257) LOG(INFO) Added: freq=3 size=2540 all=34556 active=1846 piece=oks
bpe_model_trainer.cc(257) LOG(INFO) Added: freq=3 size=2560 all=34623 active=1913 piece=ver
bpe_model_trainer.cc(257) LOG(INFO) Added: freq=3 size=2580 all=34681 active=1971 piece=▁rh
bpe_model_trainer.cc(257) LOG(INFO) Added: freq=3 size=2600 all=34740 active=2030 piece=bane
bpe_model_trainer.cc(166) LOG(INFO) Updating active symbols. max_freq=3 min_freq=2
bpe_model_trainer.cc(257) LOG(INFO) Added: freq=3 size=2620 all=34799 active=1795 piece=ikel
bpe_model_trainer.cc(257) LOG(INFO) Added: freq=3 size=2640 all=34855 active=1851 piece=on▁b
bpe_model_trainer.cc(257) LOG(INFO) Added: freq=3 size=2660 all=34928 active=1924 piece=upuk
bpe_model_trainer.cc(257) LOG(INFO) Added: freq=3 size=2680 all=34968 active=1964 piece=▁bum
bpe_model_trainer.cc(257) LOG(INFO) Added: freq=3 size=2700 all=35043 active=2039 piece=▁lez
bpe_model_trainer.cc(166) LOG(INFO) Updating active symbols. max_freq=3 min_freq=2
bpe_model_trainer.cc(257) LOG(INFO) Added: freq=3 size=2720 all=35110 active=1816 piece=abnya
bpe_model_trainer.cc(257) LOG(INFO) Added: freq=3 size=2740 all=35173 active=1879 piece=etnis
bpe_model_trainer.cc(257) LOG(INFO) Added: freq=3 size=2760 all=35235 active=1941 piece=ompok
bpe_model_trainer.cc(257) LOG(INFO) Added: freq=3 size=2780 all=35282 active=1988 piece=▁aman
bpe_model_trainer.cc(257) LOG(INFO) Added: freq=3 size=2800 all=35360 active=2066 piece=▁mati
bpe_model_trainer.cc(166) LOG(INFO) Updating active symbols. max_freq=3 min_freq=2
bpe_model_trainer.cc(257) LOG(INFO) Added: freq=3 size=2820 all=35426 active=1832 piece=▁sisi
bpe_model_trainer.cc(257) LOG(INFO) Added: freq=3 size=2840 all=35486 active=1892 piece=angkau
bpe_model_trainer.cc(257) LOG(INFO) Added: freq=3 size=2860 all=35541 active=1947 piece=ombang
bpe_model_trainer.cc(257) LOG(INFO) Added: freq=3 size=2880 all=35603 active=2009 piece=▁chris
bpe_model_trainer.cc(257) LOG(INFO) Added: freq=3 size=2900 all=35671 active=2077 piece=▁jalan
bpe_model_trainer.cc(166) LOG(INFO) Updating active symbols. max_freq=3 min_freq=2
bpe_model_trainer.cc(257) LOG(INFO) Added: freq=3 size=2920 all=35742 active=1850 piece=▁perlu
bpe_model_trainer.cc(257) LOG(INFO) Added: freq=3 size=2940 all=35816 active=1924 piece=▁warna
bpe_model_trainer.cc(257) LOG(INFO) Added: freq=3 size=2960 all=35866 active=1974 piece=▁2010▁,
bpe_model_trainer.cc(257) LOG(INFO) Added: freq=3 size=2980 all=35908 active=2016 piece=▁kontam
bpe_model_trainer.cc(257) LOG(INFO) Added: freq=3 size=3000 all=35972 active=2080 piece=▁sayang
bpe_model_trainer.cc(166) LOG(INFO) Updating active symbols. max_freq=3 min_freq=2
bpe_model_trainer.cc(257) LOG(INFO) Added: freq=3 size=3020 all=36024 active=1849 piece=usatunya
bpe_model_trainer.cc(257) LOG(INFO) Added: freq=3 size=3040 all=36078 active=1903 piece=▁di▁roma
bpe_model_trainer.cc(257) LOG(INFO) Added: freq=3 size=3060 all=36141 active=1966 piece=▁meNubah
bpe_model_trainer.cc(257) LOG(INFO) Added: freq=3 size=3080 all=36196 active=2021 piece=olaborasi
bpe_model_trainer.cc(257) LOG(INFO) Added: freq=3 size=3100 all=36246 active=2071 piece=▁itu▁juga
bpe_model_trainer.cc(166) LOG(INFO) Updating active symbols. max_freq=3 min_freq=2
bpe_model_trainer.cc(257) LOG(INFO) Added: freq=3 size=3120 all=36303 active=1867 piece=▁menyerah
bpe_model_trainer.cc(257) LOG(INFO) Added: freq=3 size=3140 all=36353 active=1917 piece=▁bertindak
bpe_model_trainer.cc(257) LOG(INFO) Added: freq=3 size=3160 all=36399 active=1963 piece=▁keputusan
bpe_model_trainer.cc(257) LOG(INFO) Added: freq=3 size=3180 all=36445 active=2009 piece=▁seperti▁b
bpe_model_trainer.cc(257) LOG(INFO) Added: freq=3 size=3200 all=36475 active=2039 piece=▁diprediksi
bpe_model_trainer.cc(166) LOG(INFO) Updating active symbols. max_freq=3 min_freq=2
bpe_model_trainer.cc(257) LOG(INFO) Added: freq=3 size=3220 all=36497 active=1844 piece=▁meNumumkan
bpe_model_trainer.cc(257) LOG(INFO) Added: freq=3 size=3240 all=36524 active=1871 piece=▁dan▁meNjadi
bpe_model_trainer.cc(257) LOG(INFO) Added: freq=3 size=3260 all=36526 active=1873 piece=▁meNsebutnya
bpe_model_trainer.cc(257) LOG(INFO) Added: freq=3 size=3280 all=36524 active=1871 piece=▁dari▁prancis
bpe_model_trainer.cc(257) LOG(INFO) Added: freq=3 size=3300 all=36518 active=1865 piece=▁yang▁tinggal
bpe_model_trainer.cc(166) LOG(INFO) Updating active symbols. max_freq=3 min_freq=2
bpe_model_trainer.cc(257) LOG(INFO) Added: freq=3 size=3320 all=36503 active=1810 piece=▁sebagai▁akibat
bpe_model_trainer.cc(257) LOG(INFO) Added: freq=2 size=3340 all=36502 active=1809 piece=fi
bpe_model_trainer.cc(257) LOG(INFO) Added: freq=2 size=3360 all=36539 active=1846 piece=aro
bpe_model_trainer.cc(257) LOG(INFO) Added: freq=2 size=3380 all=36581 active=1888 piece=emy
bpe_model_trainer.cc(257) LOG(INFO) Added: freq=2 size=3400 all=36621 active=1928 piece=jek
bpe_model_trainer.cc(166) LOG(INFO) Updating active symbols. max_freq=2 min_freq=2
bpe_model_trainer.cc(257) LOG(INFO) Added: freq=2 size=3420 all=36657 active=1865 piece=ogl
bpe_model_trainer.cc(257) LOG(INFO) Added: freq=2 size=3440 all=36698 active=1906 piece=sit
bpe_model_trainer.cc(257) LOG(INFO) Added: freq=2 size=3460 all=36737 active=1945 piece=▁21
bpe_model_trainer.cc(257) LOG(INFO) Added: freq=2 size=3480 all=36763 active=1971 piece=▁ng
bpe_model_trainer.cc(257) LOG(INFO) Added: freq=2 size=3500 all=36793 active=2001 piece=ajam
bpe_model_trainer.cc(166) LOG(INFO) Updating active symbols. max_freq=2 min_freq=2
bpe_model_trainer.cc(257) LOG(INFO) Added: freq=2 size=3520 all=36835 active=1879 piece=arab
bpe_model_trainer.cc(257) LOG(INFO) Added: freq=2 size=3540 all=36876 active=1920 piece=cuan
bpe_model_trainer.cc(257) LOG(INFO) Added: freq=2 size=3560 all=36916 active=1960 piece=esse
bpe_model_trainer.cc(257) LOG(INFO) Added: freq=2 size=3580 all=36956 active=2000 piece=ilip
bpe_model_trainer.cc(257) LOG(INFO) Added: freq=2 size=3600 all=36997 active=2041 piece=olis
bpe_model_trainer.cc(166) LOG(INFO) Updating active symbols. max_freq=2 min_freq=1
bpe_model_trainer.cc(257) LOG(INFO) Added: freq=2 size=3620 all=37033 active=1883 piece=race
bpe_model_trainer.cc(257) LOG(INFO) Added: freq=2 size=3640 all=37070 active=1920 piece=vasi
bpe_model_trainer.cc(257) LOG(INFO) Added: freq=2 size=3660 all=37104 active=1954 piece=▁cak
bpe_model_trainer.cc(257) LOG(INFO) Added: freq=2 size=3680 all=37149 active=1999 piece=▁hat
bpe_model_trainer.cc(257) LOG(INFO) Added: freq=2 size=3700 all=37187 active=2037 piece=▁nil
bpe_model_trainer.cc(166) LOG(INFO) Updating active symbols. max_freq=2 min_freq=1
bpe_model_trainer.cc(257) LOG(INFO) Added: freq=2 size=3720 all=37236 active=1906 piece=▁waj
bpe_model_trainer.cc(257) LOG(INFO) Added: freq=2 size=3740 all=37273 active=1943 piece=anjir
bpe_model_trainer.cc(257) LOG(INFO) Added: freq=2 size=3760 all=37312 active=1982 piece=empur
bpe_model_trainer.cc(257) LOG(INFO) Added: freq=2 size=3780 all=37348 active=2018 piece=ileri
bpe_model_trainer.cc(257) LOG(INFO) Added: freq=2 size=3800 all=37386 active=2056 piece=okrat
bpe_model_trainer.cc(166) LOG(INFO) Updating active symbols. max_freq=2 min_freq=1
bpe_model_trainer.cc(257) LOG(INFO) Added: freq=2 size=3820 all=37422 active=1904 piece=turut
bpe_model_trainer.cc(257) LOG(INFO) Added: freq=2 size=3840 all=37445 active=1927 piece=▁arab
bpe_model_trainer.cc(257) LOG(INFO) Added: freq=2 size=3860 all=37491 active=1973 piece=▁di▁y
bpe_model_trainer.cc(257) LOG(INFO) Added: freq=2 size=3880 all=37533 active=2015 piece=▁lamp
bpe_model_trainer.cc(257) LOG(INFO) Added: freq=2 size=3900 all=37570 active=2052 piece=▁prov
bpe_model_trainer.cc(166) LOG(INFO) Updating active symbols. max_freq=2 min_freq=1
bpe_model_trainer.cc(257) LOG(INFO) Added: freq=2 size=3920 all=37612 active=1918 piece=▁tina
bpe_model_trainer.cc(257) LOG(INFO) Added: freq=2 size=3940 all=37652 active=1958 piece=asifik
bpe_model_trainer.cc(257) LOG(INFO) Added: freq=2 size=3960 all=37692 active=1998 piece=erhana
bpe_model_trainer.cc(257) LOG(INFO) Added: freq=2 size=3980 all=37733 active=2039 piece=oduser
bpe_model_trainer.cc(257) LOG(INFO) Added: freq=2 size=4000 all=37769 active=2075 piece=yboard
bpe_model_trainer.cc(166) LOG(INFO) Updating active symbols. max_freq=2 min_freq=1
bpe_model_trainer.cc(257) LOG(INFO) Added: freq=2 size=4020 all=37810 active=1928 piece=▁delta
bpe_model_trainer.cc(257) LOG(INFO) Added: freq=2 size=4040 all=37850 active=1968 piece=▁istri
bpe_model_trainer.cc(257) LOG(INFO) Added: freq=2 size=4060 all=37891 active=2009 piece=▁labor
bpe_model_trainer.cc(257) LOG(INFO) Added: freq=2 size=4080 all=37921 active=2039 piece=▁milik
bpe_model_trainer.cc(257) LOG(INFO) Added: freq=2 size=4100 all=37961 active=2079 piece=▁roman
bpe_model_trainer.cc(166) LOG(INFO) Updating active symbols. max_freq=2 min_freq=1
bpe_model_trainer.cc(257) LOG(INFO) Added: freq=2 size=4120 all=38001 active=1935 piece=▁wheel
bpe_model_trainer.cc(257) LOG(INFO) Added: freq=2 size=4140 all=38047 active=1981 piece=elahian
bpe_model_trainer.cc(257) LOG(INFO) Added: freq=2 size=4160 all=38081 active=2015 piece=operasi
bpe_model_trainer.cc(257) LOG(INFO) Added: freq=2 size=4180 all=38095 active=2029 piece=▁2012▁,
bpe_model_trainer.cc(257) LOG(INFO) Added: freq=2 size=4200 all=38127 active=2061 piece=▁caesar
bpe_model_trainer.cc(166) LOG(INFO) Updating active symbols. max_freq=2 min_freq=1
bpe_model_trainer.cc(257) LOG(INFO) Added: freq=2 size=4220 all=38167 active=1943 piece=▁energi
bpe_model_trainer.cc(257) LOG(INFO) Added: freq=2 size=4240 all=38207 active=1983 piece=▁karbon
bpe_model_trainer.cc(257) LOG(INFO) Added: freq=2 size=4260 all=38244 active=2020 piece=▁meNman
bpe_model_trainer.cc(257) LOG(INFO) Added: freq=2 size=4280 all=38277 active=2053 piece=▁puncak
bpe_model_trainer.cc(257) LOG(INFO) Added: freq=2 size=4300 all=38311 active=2087 piece=▁sukses
bpe_model_trainer.cc(166) LOG(INFO) Updating active symbols. max_freq=2 min_freq=1
bpe_model_trainer.cc(257) LOG(INFO) Added: freq=2 size=4320 all=38348 active=1950 piece=al▁namun
bpe_model_trainer.cc(257) LOG(INFO) Added: freq=2 size=4340 all=38384 active=1986 piece=nya▁akan
bpe_model_trainer.cc(257) LOG(INFO) Added: freq=2 size=4360 all=38421 active=2023 piece=▁balapan
bpe_model_trainer.cc(257) LOG(INFO) Added: freq=2 size=4380 all=38452 active=2054 piece=▁duke▁of
bpe_model_trainer.cc(257) LOG(INFO) Added: freq=2 size=4400 all=38479 active=2081 piece=▁kebiasa
bpe_model_trainer.cc(166) LOG(INFO) Updating active symbols. max_freq=2 min_freq=1
bpe_model_trainer.cc(257) LOG(INFO) Added: freq=2 size=4420 all=38509 active=1952 piece=▁michael
bpe_model_trainer.cc(257) LOG(INFO) Added: freq=2 size=4440 all=38542 active=1985 piece=▁rahasia
bpe_model_trainer.cc(257) LOG(INFO) Added: freq=2 size=4460 all=38576 active=2019 piece=▁tertawa
bpe_model_trainer.cc(257) LOG(INFO) Added: freq=2 size=4480 all=38604 active=2047 piece=tumbuhkan
bpe_model_trainer.cc(257) LOG(INFO) Added: freq=2 size=4500 all=38627 active=2070 piece=▁dan▁pers
bpe_model_trainer.cc(166) LOG(INFO) Updating active symbols. max_freq=2 min_freq=1
bpe_model_trainer.cc(257) LOG(INFO) Added: freq=2 size=4520 all=38650 active=1952 piece=▁facebook
bpe_model_trainer.cc(257) LOG(INFO) Added: freq=2 size=4540 all=38681 active=1983 piece=▁kali▁ini
bpe_model_trainer.cc(257) LOG(INFO) Added: freq=2 size=4560 all=38702 active=2004 piece=▁meNcinta
bpe_model_trainer.cc(257) LOG(INFO) Added: freq=2 size=4580 all=38729 active=2031 piece=▁pada▁apa
bpe_model_trainer.cc(257) LOG(INFO) Added: freq=2 size=4600 all=38742 active=2044 piece=▁setempat
bpe_model_trainer.cc(166) LOG(INFO) Updating active symbols. max_freq=2 min_freq=1
bpe_model_trainer.cc(257) LOG(INFO) Added: freq=2 size=4620 all=38766 active=1960 piece=antisipasi
trainer_interface.cc(507) LOG(INFO) Saving model: models/id_bpe_4689_vocab_morph_norm.model
trainer_interface.cc(531) LOG(INFO) Saving vocabs: models/id_bpe_4689_vocab_morph_norm.vocab
