sentencepiece_trainer.cc(116) LOG(INFO) Running command: --input=models/id_bpe_4689_vocab.txt --model_prefix=models/id_bpe_4689_vocab --vocab_size=4689 --model_type=bpe --split_by_whitespace=0
sentencepiece_trainer.cc(49) LOG(INFO) Starts training with : 
TrainerSpec {
  input: models/id_bpe_4689_vocab.txt
  input_format: 
  model_prefix: models/id_bpe_4689_vocab
  model_type: BPE
  vocab_size: 4689
  self_test_sample_size: 0
  character_coverage: 0.9995
  input_sentence_size: 0
  shuffle_input_sentence: 1
  seed_sentencepiece_size: 1000000
  shrinking_factor: 0.75
  max_sentence_length: 4192
  num_threads: 16
  num_sub_iterations: 2
  max_sentencepiece_length: 16
  split_by_unicode_script: 1
  split_by_number: 1
  split_by_whitespace: 0
  treat_whitespace_as_suffix: 0
  hard_vocab_limit: 1
  use_all_vocab: 0
  unk_id: 0
  bos_id: 1
  eos_id: 2
  pad_id: -1
  unk_piece: <unk>
  bos_piece: <s>
  eos_piece: </s>
  pad_piece: <pad>
  unk_surface:  ⁇ 
}
NormalizerSpec {
  name: nmt_nfkc
  add_dummy_prefix: 1
  remove_extra_whitespaces: 1
  escape_whitespaces: 1
  normalization_rule_tsv: 
}

trainer_interface.cc(267) LOG(INFO) Loading corpus: models/id_bpe_4689_vocab.txt
trainer_interface.cc(315) LOG(INFO) Loaded all 1000 sentences
trainer_interface.cc(330) LOG(INFO) Adding meta_piece: <unk>
trainer_interface.cc(330) LOG(INFO) Adding meta_piece: <s>
trainer_interface.cc(330) LOG(INFO) Adding meta_piece: </s>
trainer_interface.cc(335) LOG(INFO) Normalizing sentences...
trainer_interface.cc(384) LOG(INFO) all chars count=119747
trainer_interface.cc(392) LOG(INFO) Done: 99.9566% characters are covered.
trainer_interface.cc(402) LOG(INFO) Alphabet size=52
trainer_interface.cc(403) LOG(INFO) Final character coverage=0.999566
trainer_interface.cc(435) LOG(INFO) Done! preprocessed 1000 sentences.
bpe_model_trainer.cc(166) LOG(INFO) Updating active symbols. max_freq=5169 min_freq=1
bpe_model_trainer.cc(257) LOG(INFO) Added: freq=776 size=20 all=1660 active=1607 piece=ah
bpe_model_trainer.cc(257) LOG(INFO) Added: freq=358 size=40 all=2799 active=2746 piece=▁per
bpe_model_trainer.cc(257) LOG(INFO) Added: freq=276 size=60 all=3971 active=3918 piece=▁r
bpe_model_trainer.cc(257) LOG(INFO) Added: freq=202 size=80 all=5251 active=5198 piece=▁seb
bpe_model_trainer.cc(257) LOG(INFO) Added: freq=151 size=100 all=6436 active=6383 piece=▁g
bpe_model_trainer.cc(166) LOG(INFO) Updating active symbols. max_freq=150 min_freq=14
bpe_model_trainer.cc(257) LOG(INFO) Added: freq=123 size=120 all=7479 active=1965 piece=ta
bpe_model_trainer.cc(257) LOG(INFO) Added: freq=95 size=140 all=8357 active=2843 piece=oleh
bpe_model_trainer.cc(257) LOG(INFO) Added: freq=78 size=160 all=9247 active=3733 piece=▁akan
bpe_model_trainer.cc(257) LOG(INFO) Added: freq=70 size=180 all=10093 active=4579 piece=▁kon
bpe_model_trainer.cc(257) LOG(INFO) Added: freq=63 size=200 all=10759 active=5245 piece=amp
bpe_model_trainer.cc(166) LOG(INFO) Updating active symbols. max_freq=62 min_freq=12
bpe_model_trainer.cc(257) LOG(INFO) Added: freq=55 size=220 all=11481 active=1686 piece=ib
bpe_model_trainer.cc(257) LOG(INFO) Added: freq=50 size=240 all=12176 active=2381 piece=▁mengh
bpe_model_trainer.cc(257) LOG(INFO) Added: freq=45 size=260 all=12893 active=3098 piece=▁sang
bpe_model_trainer.cc(257) LOG(INFO) Added: freq=41 size=280 all=13573 active=3778 piece=ungk
bpe_model_trainer.cc(257) LOG(INFO) Added: freq=37 size=300 all=14124 active=4329 piece=▁bi
bpe_model_trainer.cc(166) LOG(INFO) Updating active symbols. max_freq=37 min_freq=10
bpe_model_trainer.cc(257) LOG(INFO) Added: freq=35 size=320 all=14667 active=1518 piece=▁di▁s
bpe_model_trainer.cc(257) LOG(INFO) Added: freq=32 size=340 all=15251 active=2102 piece=eri
bpe_model_trainer.cc(257) LOG(INFO) Added: freq=30 size=360 all=15813 active=2664 piece=og
bpe_model_trainer.cc(257) LOG(INFO) Added: freq=29 size=380 all=16308 active=3159 piece=▁membuat
bpe_model_trainer.cc(257) LOG(INFO) Added: freq=27 size=400 all=16802 active=3653 piece=itar
bpe_model_trainer.cc(166) LOG(INFO) Updating active symbols. max_freq=27 min_freq=9
bpe_model_trainer.cc(257) LOG(INFO) Added: freq=26 size=420 all=17249 active=1436 piece=▁pun
bpe_model_trainer.cc(257) LOG(INFO) Added: freq=24 size=440 all=17712 active=1899 piece=asil
bpe_model_trainer.cc(257) LOG(INFO) Added: freq=23 size=460 all=18133 active=2320 piece=unia
bpe_model_trainer.cc(257) LOG(INFO) Added: freq=22 size=480 all=18569 active=2756 piece=agian
bpe_model_trainer.cc(257) LOG(INFO) Added: freq=21 size=500 all=18972 active=3159 piece=▁is
bpe_model_trainer.cc(166) LOG(INFO) Updating active symbols. max_freq=21 min_freq=8
bpe_model_trainer.cc(257) LOG(INFO) Added: freq=20 size=520 all=19358 active=1368 piece=utus
bpe_model_trainer.cc(257) LOG(INFO) Added: freq=19 size=540 all=19765 active=1775 piece=▁of
bpe_model_trainer.cc(257) LOG(INFO) Added: freq=18 size=560 all=20129 active=2139 piece=enc
bpe_model_trainer.cc(257) LOG(INFO) Added: freq=18 size=580 all=20438 active=2448 piece=▁diper
bpe_model_trainer.cc(257) LOG(INFO) Added: freq=17 size=600 all=20751 active=2760 piece=ambil
bpe_model_trainer.cc(166) LOG(INFO) Updating active symbols. max_freq=17 min_freq=7
bpe_model_trainer.cc(257) LOG(INFO) Added: freq=16 size=620 all=21086 active=1360 piece=ug
bpe_model_trainer.cc(257) LOG(INFO) Added: freq=16 size=640 all=21341 active=1615 piece=▁did
bpe_model_trainer.cc(257) LOG(INFO) Added: freq=16 size=660 all=21659 active=1933 piece=▁khusus
bpe_model_trainer.cc(257) LOG(INFO) Added: freq=15 size=680 all=21937 active=2211 piece=ulau
bpe_model_trainer.cc(257) LOG(INFO) Added: freq=15 size=700 all=22242 active=2516 piece=▁mengambil
bpe_model_trainer.cc(166) LOG(INFO) Updating active symbols. max_freq=15 min_freq=6
bpe_model_trainer.cc(257) LOG(INFO) Added: freq=14 size=720 all=22513 active=1364 piece=form
bpe_model_trainer.cc(257) LOG(INFO) Added: freq=14 size=740 all=22765 active=1616 piece=▁yang▁ter
bpe_model_trainer.cc(257) LOG(INFO) Added: freq=13 size=760 all=23021 active=1872 piece=▁ob
bpe_model_trainer.cc(257) LOG(INFO) Added: freq=13 size=780 all=23292 active=2143 piece=▁pern
bpe_model_trainer.cc(257) LOG(INFO) Added: freq=13 size=800 all=23608 active=2459 piece=▁presiden
bpe_model_trainer.cc(166) LOG(INFO) Updating active symbols. max_freq=13 min_freq=5
bpe_model_trainer.cc(257) LOG(INFO) Added: freq=12 size=820 all=23861 active=1420 piece=asih
bpe_model_trainer.cc(257) LOG(INFO) Added: freq=12 size=840 all=24096 active=1655 piece=▁perk
bpe_model_trainer.cc(257) LOG(INFO) Added: freq=12 size=860 all=24385 active=1944 piece=▁memutus
bpe_model_trainer.cc(257) LOG(INFO) Added: freq=11 size=880 all=24589 active=2148 piece=▁wa
bpe_model_trainer.cc(257) LOG(INFO) Added: freq=11 size=900 all=24807 active=2366 piece=lukan
bpe_model_trainer.cc(166) LOG(INFO) Updating active symbols. max_freq=11 min_freq=5
bpe_model_trainer.cc(257) LOG(INFO) Added: freq=11 size=920 all=25035 active=1459 piece=▁ekonom
bpe_model_trainer.cc(257) LOG(INFO) Added: freq=11 size=940 all=25283 active=1707 piece=▁menunjukkan
bpe_model_trainer.cc(257) LOG(INFO) Added: freq=10 size=960 all=25464 active=1888 piece=aksi
bpe_model_trainer.cc(257) LOG(INFO) Added: freq=10 size=980 all=25671 active=2095 piece=▁tuj
bpe_model_trainer.cc(257) LOG(INFO) Added: freq=10 size=1000 all=25896 active=2320 piece=▁keras
bpe_model_trainer.cc(166) LOG(INFO) Updating active symbols. max_freq=10 min_freq=4
bpe_model_trainer.cc(257) LOG(INFO) Added: freq=10 size=1020 all=26141 active=1526 piece=▁di▁musim
bpe_model_trainer.cc(257) LOG(INFO) Added: freq=9 size=1040 all=26310 active=1695 piece=esa
bpe_model_trainer.cc(257) LOG(INFO) Added: freq=9 size=1060 all=26475 active=1860 piece=tudi
bpe_model_trainer.cc(257) LOG(INFO) Added: freq=9 size=1080 all=26666 active=2051 piece=jalan
bpe_model_trainer.cc(257) LOG(INFO) Added: freq=9 size=1100 all=26867 active=2252 piece=▁jawab
bpe_model_trainer.cc(166) LOG(INFO) Updating active symbols. max_freq=9 min_freq=4
bpe_model_trainer.cc(257) LOG(INFO) Added: freq=9 size=1120 all=27072 active=1539 piece=▁di▁dalam
bpe_model_trainer.cc(257) LOG(INFO) Added: freq=8 size=1140 all=27235 active=1702 piece=ha
bpe_model_trainer.cc(257) LOG(INFO) Added: freq=8 size=1160 all=27391 active=1858 piece=▁it
bpe_model_trainer.cc(257) LOG(INFO) Added: freq=8 size=1180 all=27541 active=2008 piece=▁leg
bpe_model_trainer.cc(257) LOG(INFO) Added: freq=8 size=1200 all=27715 active=2182 piece=▁alam
bpe_model_trainer.cc(166) LOG(INFO) Updating active symbols. max_freq=8 min_freq=4
bpe_model_trainer.cc(257) LOG(INFO) Added: freq=8 size=1220 all=27888 active=1546 piece=isaran
bpe_model_trainer.cc(257) LOG(INFO) Added: freq=8 size=1240 all=28059 active=1717 piece=▁ungkap
bpe_model_trainer.cc(257) LOG(INFO) Added: freq=8 size=1260 all=28240 active=1898 piece=▁luar▁biasa
bpe_model_trainer.cc(257) LOG(INFO) Added: freq=7 size=1280 all=28384 active=2042 piece=edi
bpe_model_trainer.cc(257) LOG(INFO) Added: freq=7 size=1300 all=28513 active=2171 piece=▁ir
bpe_model_trainer.cc(166) LOG(INFO) Updating active symbols. max_freq=7 min_freq=4
bpe_model_trainer.cc(257) LOG(INFO) Added: freq=7 size=1320 all=28665 active=1569 piece=unuh
bpe_model_trainer.cc(257) LOG(INFO) Added: freq=7 size=1340 all=28807 active=1711 piece=inkan
bpe_model_trainer.cc(257) LOG(INFO) Added: freq=7 size=1360 all=28966 active=1870 piece=ingkat
bpe_model_trainer.cc(257) LOG(INFO) Added: freq=7 size=1380 all=29148 active=2052 piece=atannya
bpe_model_trainer.cc(257) LOG(INFO) Added: freq=7 size=1400 all=29293 active=2197 piece=▁dinasti
bpe_model_trainer.cc(166) LOG(INFO) Updating active symbols. max_freq=7 min_freq=3
bpe_model_trainer.cc(257) LOG(INFO) Added: freq=7 size=1420 all=29476 active=1641 piece=▁jenderal
bpe_model_trainer.cc(257) LOG(INFO) Added: freq=6 size=1440 all=29602 active=1767 piece=ly
bpe_model_trainer.cc(257) LOG(INFO) Added: freq=6 size=1460 all=29719 active=1884 piece=ugh
bpe_model_trainer.cc(257) LOG(INFO) Added: freq=6 size=1480 all=29829 active=1994 piece=isme
bpe_model_trainer.cc(257) LOG(INFO) Added: freq=6 size=1500 all=29953 active=2118 piece=▁jos
bpe_model_trainer.cc(166) LOG(INFO) Updating active symbols. max_freq=6 min_freq=3
bpe_model_trainer.cc(257) LOG(INFO) Added: freq=6 size=1520 all=30082 active=1622 piece=enuhi
bpe_model_trainer.cc(257) LOG(INFO) Added: freq=6 size=1540 all=30213 active=1753 piece=▁prib
bpe_model_trainer.cc(257) LOG(INFO) Added: freq=6 size=1560 all=30330 active=1870 piece=▁tentu
bpe_model_trainer.cc(257) LOG(INFO) Added: freq=6 size=1580 all=30446 active=1986 piece=▁selalu
bpe_model_trainer.cc(257) LOG(INFO) Added: freq=6 size=1600 all=30559 active=2099 piece=▁keputus
bpe_model_trainer.cc(166) LOG(INFO) Updating active symbols. max_freq=6 min_freq=3
bpe_model_trainer.cc(257) LOG(INFO) Added: freq=6 size=1620 all=30710 active=1673 piece=▁berjalan
bpe_model_trainer.cc(257) LOG(INFO) Added: freq=6 size=1640 all=30822 active=1785 piece=▁mengandung
bpe_model_trainer.cc(257) LOG(INFO) Added: freq=5 size=1660 all=30876 active=1839 piece=5,
bpe_model_trainer.cc(257) LOG(INFO) Added: freq=5 size=1680 all=30985 active=1948 piece=fek
bpe_model_trainer.cc(257) LOG(INFO) Added: freq=5 size=1700 all=31089 active=2052 piece=▁be
bpe_model_trainer.cc(166) LOG(INFO) Updating active symbols. max_freq=5 min_freq=3
bpe_model_trainer.cc(257) LOG(INFO) Added: freq=5 size=1720 all=31201 active=1660 piece=erti
bpe_model_trainer.cc(257) LOG(INFO) Added: freq=5 size=1740 all=31304 active=1763 piece=▁deb
bpe_model_trainer.cc(257) LOG(INFO) Added: freq=5 size=1760 all=31421 active=1880 piece=egang
bpe_model_trainer.cc(257) LOG(INFO) Added: freq=5 size=1780 all=31529 active=1988 piece=▁cina
bpe_model_trainer.cc(257) LOG(INFO) Added: freq=5 size=1800 all=31639 active=2098 piece=▁qing
bpe_model_trainer.cc(166) LOG(INFO) Updating active symbols. max_freq=5 min_freq=3
bpe_model_trainer.cc(257) LOG(INFO) Added: freq=5 size=1820 all=31731 active=1673 piece=▁gelar
bpe_model_trainer.cc(257) LOG(INFO) Added: freq=5 size=1840 all=31849 active=1791 piece=▁total
bpe_model_trainer.cc(257) LOG(INFO) Added: freq=5 size=1860 all=31958 active=1900 piece=▁global
bpe_model_trainer.cc(257) LOG(INFO) Added: freq=5 size=1880 all=32084 active=2026 piece=ampilkan
bpe_model_trainer.cc(257) LOG(INFO) Added: freq=5 size=1900 all=32191 active=2133 piece=▁menolak
bpe_model_trainer.cc(166) LOG(INFO) Updating active symbols. max_freq=5 min_freq=3
bpe_model_trainer.cc(257) LOG(INFO) Added: freq=5 size=1920 all=32288 active=1699 piece=▁ke▁dalam
bpe_model_trainer.cc(257) LOG(INFO) Added: freq=5 size=1940 all=32391 active=1802 piece=▁mengganti
bpe_model_trainer.cc(257) LOG(INFO) Added: freq=5 size=1960 all=32470 active=1881 piece=▁tahun▁yang
bpe_model_trainer.cc(257) LOG(INFO) Added: freq=5 size=1980 all=32497 active=1908 piece=▁tidak▁memiliki
bpe_model_trainer.cc(257) LOG(INFO) Added: freq=4 size=2000 all=32570 active=1981 piece=aku
bpe_model_trainer.cc(166) LOG(INFO) Updating active symbols. max_freq=4 min_freq=2
bpe_model_trainer.cc(257) LOG(INFO) Added: freq=4 size=2020 all=32659 active=1713 piece=ley
bpe_model_trainer.cc(257) LOG(INFO) Added: freq=4 size=2040 all=32728 active=1782 piece=▁3%
bpe_model_trainer.cc(257) LOG(INFO) Added: freq=4 size=2060 all=32814 active=1868 piece=etis
bpe_model_trainer.cc(257) LOG(INFO) Added: freq=4 size=2080 all=32897 active=1951 piece=oris
bpe_model_trainer.cc(257) LOG(INFO) Added: freq=4 size=2100 all=32969 active=2023 piece=▁dig
bpe_model_trainer.cc(166) LOG(INFO) Updating active symbols. max_freq=4 min_freq=2
bpe_model_trainer.cc(257) LOG(INFO) Added: freq=4 size=2120 all=33057 active=1731 piece=amaan
bpe_model_trainer.cc(257) LOG(INFO) Added: freq=4 size=2140 all=33140 active=1814 piece=kan▁b
bpe_model_trainer.cc(257) LOG(INFO) Added: freq=4 size=2160 all=33223 active=1897 piece=▁ener
bpe_model_trainer.cc(257) LOG(INFO) Added: freq=4 size=2180 all=33310 active=1984 piece=▁unit
bpe_model_trainer.cc(257) LOG(INFO) Added: freq=4 size=2200 all=33386 active=2060 piece=uburan
bpe_model_trainer.cc(166) LOG(INFO) Updating active symbols. max_freq=4 min_freq=2
bpe_model_trainer.cc(257) LOG(INFO) Added: freq=4 size=2220 all=33477 active=1756 piece=▁kesha
bpe_model_trainer.cc(257) LOG(INFO) Added: freq=4 size=2240 all=33568 active=1847 piece=▁suatu
bpe_model_trainer.cc(257) LOG(INFO) Added: freq=4 size=2260 all=33653 active=1932 piece=urangan
bpe_model_trainer.cc(257) LOG(INFO) Added: freq=4 size=2280 all=33741 active=2020 piece=▁langka
bpe_model_trainer.cc(257) LOG(INFO) Added: freq=4 size=2300 all=33828 active=2107 piece=▁berlaku
bpe_model_trainer.cc(166) LOG(INFO) Updating active symbols. max_freq=4 min_freq=2
bpe_model_trainer.cc(257) LOG(INFO) Added: freq=4 size=2320 all=33930 active=1788 piece=▁pribadi
bpe_model_trainer.cc(257) LOG(INFO) Added: freq=4 size=2340 all=34002 active=1860 piece=▁ini▁juga
bpe_model_trainer.cc(257) LOG(INFO) Added: freq=4 size=2360 all=34079 active=1937 piece=▁tenggara
bpe_model_trainer.cc(257) LOG(INFO) Added: freq=4 size=2380 all=34146 active=2004 piece=▁pertanian
bpe_model_trainer.cc(257) LOG(INFO) Added: freq=4 size=2400 all=34199 active=2057 piece=▁perbatasan
bpe_model_trainer.cc(166) LOG(INFO) Updating active symbols. max_freq=4 min_freq=2
bpe_model_trainer.cc(257) LOG(INFO) Added: freq=4 size=2420 all=34231 active=1738 piece=▁semua▁orang
bpe_model_trainer.cc(257) LOG(INFO) Added: freq=4 size=2440 all=34234 active=1741 piece=▁penduduk▁asli
bpe_model_trainer.cc(257) LOG(INFO) Added: freq=3 size=2460 all=34227 active=1734 piece=16
bpe_model_trainer.cc(257) LOG(INFO) Added: freq=3 size=2480 all=34281 active=1788 piece=aki
bpe_model_trainer.cc(257) LOG(INFO) Added: freq=3 size=2500 all=34339 active=1846 piece=lar
bpe_model_trainer.cc(166) LOG(INFO) Updating active symbols. max_freq=3 min_freq=2
bpe_model_trainer.cc(257) LOG(INFO) Added: freq=3 size=2520 all=34400 active=1775 piece=tiv
bpe_model_trainer.cc(257) LOG(INFO) Added: freq=3 size=2540 all=34453 active=1828 piece=▁mp
bpe_model_trainer.cc(257) LOG(INFO) Added: freq=3 size=2560 all=34507 active=1882 piece=alir
bpe_model_trainer.cc(257) LOG(INFO) Added: freq=3 size=2580 all=34564 active=1939 piece=hari
bpe_model_trainer.cc(257) LOG(INFO) Added: freq=3 size=2600 all=34616 active=1991 piece=kira
bpe_model_trainer.cc(166) LOG(INFO) Updating active symbols. max_freq=3 min_freq=2
bpe_model_trainer.cc(257) LOG(INFO) Added: freq=3 size=2620 all=34673 active=1785 piece=sama
bpe_model_trainer.cc(257) LOG(INFO) Added: freq=3 size=2640 all=34728 active=1840 piece=▁arm
bpe_model_trainer.cc(257) LOG(INFO) Added: freq=3 size=2660 all=34805 active=1917 piece=▁kla
bpe_model_trainer.cc(257) LOG(INFO) Added: freq=3 size=2680 all=34865 active=1977 piece=abnya
bpe_model_trainer.cc(257) LOG(INFO) Added: freq=3 size=2700 all=34926 active=2038 piece=fabet
bpe_model_trainer.cc(166) LOG(INFO) Updating active symbols. max_freq=3 min_freq=2
bpe_model_trainer.cc(257) LOG(INFO) Added: freq=3 size=2720 all=34988 active=1805 piece=ocrat
bpe_model_trainer.cc(257) LOG(INFO) Added: freq=3 size=2740 all=35037 active=1854 piece=utasi
bpe_model_trainer.cc(257) LOG(INFO) Added: freq=3 size=2760 all=35112 active=1929 piece=▁mana
bpe_model_trainer.cc(257) LOG(INFO) Added: freq=3 size=2780 all=35172 active=1989 piece=▁seri
bpe_model_trainer.cc(257) LOG(INFO) Added: freq=3 size=2800 all=35234 active=2051 piece=angkah
bpe_model_trainer.cc(166) LOG(INFO) Updating active symbols. max_freq=3 min_freq=2
bpe_model_trainer.cc(257) LOG(INFO) Added: freq=3 size=2820 all=35287 active=1812 piece=ingkan
bpe_model_trainer.cc(257) LOG(INFO) Added: freq=3 size=2840 all=35330 active=1855 piece=▁aktif
bpe_model_trainer.cc(257) LOG(INFO) Added: freq=3 size=2860 all=35397 active=1922 piece=▁di▁as
bpe_model_trainer.cc(257) LOG(INFO) Added: freq=3 size=2880 all=35462 active=1987 piece=▁lawan
bpe_model_trainer.cc(257) LOG(INFO) Added: freq=3 size=2900 all=35531 active=2056 piece=▁puing
bpe_model_trainer.cc(166) LOG(INFO) Updating active symbols. max_freq=3 min_freq=2
bpe_model_trainer.cc(257) LOG(INFO) Added: freq=3 size=2920 all=35597 active=1841 piece=andmark
bpe_model_trainer.cc(257) LOG(INFO) Added: freq=3 size=2940 all=35650 active=1894 piece=▁dan▁ia
bpe_model_trainer.cc(257) LOG(INFO) Added: freq=3 size=2960 all=35708 active=1952 piece=▁nugini
bpe_model_trainer.cc(257) LOG(INFO) Added: freq=3 size=2980 all=35763 active=2007 piece=▁teater
bpe_model_trainer.cc(257) LOG(INFO) Added: freq=3 size=3000 all=35826 active=2070 piece=▁angkasa
bpe_model_trainer.cc(166) LOG(INFO) Updating active symbols. max_freq=3 min_freq=2
bpe_model_trainer.cc(257) LOG(INFO) Added: freq=3 size=3020 all=35877 active=1840 piece=▁hal▁ini
bpe_model_trainer.cc(257) LOG(INFO) Added: freq=3 size=3040 all=35947 active=1910 piece=▁merekam
bpe_model_trainer.cc(257) LOG(INFO) Added: freq=3 size=3060 all=36001 active=1964 piece=ekonomian
bpe_model_trainer.cc(257) LOG(INFO) Added: freq=3 size=3080 all=36048 active=2011 piece=▁kerajaan
bpe_model_trainer.cc(257) LOG(INFO) Added: freq=3 size=3100 all=36099 active=2062 piece=▁sebabnya
bpe_model_trainer.cc(166) LOG(INFO) Updating active symbols. max_freq=3 min_freq=2
bpe_model_trainer.cc(257) LOG(INFO) Added: freq=3 size=3120 all=36145 active=1847 piece=▁ekspedisi
bpe_model_trainer.cc(257) LOG(INFO) Added: freq=3 size=3140 all=36193 active=1895 piece=▁pekerjaan
bpe_model_trainer.cc(257) LOG(INFO) Added: freq=3 size=3160 all=36238 active=1940 piece=▁bogd▁khaan
bpe_model_trainer.cc(257) LOG(INFO) Added: freq=3 size=3180 all=36251 active=1953 piece=▁keuntungan
bpe_model_trainer.cc(257) LOG(INFO) Added: freq=3 size=3200 all=36273 active=1975 piece=▁telah▁meny
bpe_model_trainer.cc(166) LOG(INFO) Updating active symbols. max_freq=3 min_freq=2
bpe_model_trainer.cc(257) LOG(INFO) Added: freq=3 size=3220 all=36295 active=1831 piece=▁keluar▁dari
bpe_model_trainer.cc(257) LOG(INFO) Added: freq=3 size=3240 all=36305 active=1841 piece=▁persidangan
bpe_model_trainer.cc(257) LOG(INFO) Added: freq=3 size=3260 all=36301 active=1837 piece=▁masa▁jabatan
bpe_model_trainer.cc(257) LOG(INFO) Added: freq=3 size=3280 all=36292 active=1828 piece=▁makedonia▁dan
bpe_model_trainer.cc(257) LOG(INFO) Added: freq=3 size=3300 all=36276 active=1812 piece=▁dikenal▁sebagai
bpe_model_trainer.cc(166) LOG(INFO) Updating active symbols. max_freq=3 min_freq=2
bpe_model_trainer.cc(257) LOG(INFO) Added: freq=2 size=3320 all=36294 active=1832 piece=eu
bpe_model_trainer.cc(257) LOG(INFO) Added: freq=2 size=3340 all=36322 active=1860 piece=ack
bpe_model_trainer.cc(257) LOG(INFO) Added: freq=2 size=3360 all=36363 active=1901 piece=emy
bpe_model_trainer.cc(257) LOG(INFO) Added: freq=2 size=3380 all=36397 active=1935 piece=ilb
bpe_model_trainer.cc(257) LOG(INFO) Added: freq=2 size=3400 all=36434 active=1972 piece=lev
bpe_model_trainer.cc(166) LOG(INFO) Updating active symbols. max_freq=2 min_freq=2
bpe_model_trainer.cc(257) LOG(INFO) Added: freq=2 size=3420 all=36468 active=1853 piece=ouf
bpe_model_trainer.cc(257) LOG(INFO) Added: freq=2 size=3440 all=36511 active=1896 piece=sim
bpe_model_trainer.cc(257) LOG(INFO) Added: freq=2 size=3460 all=36551 active=1936 piece=uki
bpe_model_trainer.cc(257) LOG(INFO) Added: freq=2 size=3480 all=36571 active=1956 piece=▁fi
bpe_model_trainer.cc(257) LOG(INFO) Added: freq=2 size=3500 all=36613 active=1998 piece=aina
bpe_model_trainer.cc(166) LOG(INFO) Updating active symbols. max_freq=2 min_freq=2
bpe_model_trainer.cc(257) LOG(INFO) Added: freq=2 size=3520 all=36656 active=1872 piece=arab
bpe_model_trainer.cc(257) LOG(INFO) Added: freq=2 size=3540 all=36691 active=1907 piece=edah
bpe_model_trainer.cc(257) LOG(INFO) Added: freq=2 size=3560 all=36727 active=1943 piece=gesa
bpe_model_trainer.cc(257) LOG(INFO) Added: freq=2 size=3580 all=36770 active=1986 piece=ivid
bpe_model_trainer.cc(257) LOG(INFO) Added: freq=2 size=3600 all=36806 active=2022 piece=onds
bpe_model_trainer.cc(166) LOG(INFO) Updating active symbols. max_freq=2 min_freq=1
bpe_model_trainer.cc(257) LOG(INFO) Added: freq=2 size=3620 all=36844 active=1877 piece=ring
bpe_model_trainer.cc(257) LOG(INFO) Added: freq=2 size=3640 all=36880 active=1913 piece=vasi
bpe_model_trainer.cc(257) LOG(INFO) Added: freq=2 size=3660 all=36901 active=1934 piece=▁bob
bpe_model_trainer.cc(257) LOG(INFO) Added: freq=2 size=3680 all=36945 active=1978 piece=▁gez
bpe_model_trainer.cc(257) LOG(INFO) Added: freq=2 size=3700 all=36989 active=2022 piece=▁mps
bpe_model_trainer.cc(166) LOG(INFO) Updating active symbols. max_freq=2 min_freq=1
bpe_model_trainer.cc(257) LOG(INFO) Added: freq=2 size=3720 all=37039 active=1897 piece=▁tes
bpe_model_trainer.cc(257) LOG(INFO) Added: freq=2 size=3740 all=37083 active=1941 piece=aktif
bpe_model_trainer.cc(257) LOG(INFO) Added: freq=2 size=3760 all=37119 active=1977 piece=benda
bpe_model_trainer.cc(257) LOG(INFO) Added: freq=2 size=3780 all=37151 active=2009 piece=en▁di
bpe_model_trainer.cc(257) LOG(INFO) Added: freq=2 size=3800 all=37191 active=2049 piece=isang
bpe_model_trainer.cc(166) LOG(INFO) Updating active symbols. max_freq=2 min_freq=1
bpe_model_trainer.cc(257) LOG(INFO) Added: freq=2 size=3820 all=37230 active=1895 piece=ongan
bpe_model_trainer.cc(257) LOG(INFO) Added: freq=2 size=3840 all=37263 active=1928 piece=tutup
bpe_model_trainer.cc(257) LOG(INFO) Added: freq=2 size=3860 all=37290 active=1955 piece=▁arab
bpe_model_trainer.cc(257) LOG(INFO) Added: freq=2 size=3880 all=37337 active=2002 piece=▁di▁y
bpe_model_trainer.cc(257) LOG(INFO) Added: freq=2 size=3900 all=37379 active=2044 piece=▁ke▁m
bpe_model_trainer.cc(166) LOG(INFO) Updating active symbols. max_freq=2 min_freq=1
bpe_model_trainer.cc(257) LOG(INFO) Added: freq=2 size=3920 all=37424 active=1911 piece=▁poin
bpe_model_trainer.cc(257) LOG(INFO) Added: freq=2 size=3940 all=37469 active=1956 piece=▁tema
bpe_model_trainer.cc(257) LOG(INFO) Added: freq=2 size=3960 all=37506 active=1993 piece=alatan
bpe_model_trainer.cc(257) LOG(INFO) Added: freq=2 size=3980 all=37544 active=2031 piece=entasi
bpe_model_trainer.cc(257) LOG(INFO) Added: freq=2 size=4000 all=37585 active=2072 piece=ingham
bpe_model_trainer.cc(166) LOG(INFO) Updating active symbols. max_freq=2 min_freq=1
bpe_model_trainer.cc(257) LOG(INFO) Added: freq=2 size=4020 all=37623 active=1915 piece=truksi
bpe_model_trainer.cc(257) LOG(INFO) Added: freq=2 size=4040 all=37637 active=1929 piece=▁2003,
bpe_model_trainer.cc(257) LOG(INFO) Added: freq=2 size=4060 all=37665 active=1957 piece=▁busin
bpe_model_trainer.cc(257) LOG(INFO) Added: freq=2 size=4080 all=37709 active=2001 piece=▁gonzá
bpe_model_trainer.cc(257) LOG(INFO) Added: freq=2 size=4100 all=37747 active=2039 piece=▁keind
bpe_model_trainer.cc(166) LOG(INFO) Updating active symbols. max_freq=2 min_freq=1
bpe_model_trainer.cc(257) LOG(INFO) Added: freq=2 size=4120 all=37787 active=1924 piece=▁louis
bpe_model_trainer.cc(257) LOG(INFO) Added: freq=2 size=4140 all=37819 active=1956 piece=▁obama
bpe_model_trainer.cc(257) LOG(INFO) Added: freq=2 size=4160 all=37860 active=1997 piece=▁saham
bpe_model_trainer.cc(257) LOG(INFO) Added: freq=2 size=4180 all=37897 active=2034 piece=adangan
bpe_model_trainer.cc(257) LOG(INFO) Added: freq=2 size=4200 all=37933 active=2070 piece=enovasi
bpe_model_trainer.cc(166) LOG(INFO) Updating active symbols. max_freq=2 min_freq=1
bpe_model_trainer.cc(257) LOG(INFO) Added: freq=2 size=4220 all=37967 active=1927 piece=ormatan
bpe_model_trainer.cc(257) LOG(INFO) Added: freq=2 size=4240 all=38004 active=1964 piece=▁altern
bpe_model_trainer.cc(257) LOG(INFO) Added: freq=2 size=4260 all=38045 active=2005 piece=▁cumber
bpe_model_trainer.cc(257) LOG(INFO) Added: freq=2 size=4280 all=38085 active=2045 piece=▁hindia
bpe_model_trainer.cc(257) LOG(INFO) Added: freq=2 size=4300 all=38127 active=2087 piece=▁laguna
bpe_model_trainer.cc(166) LOG(INFO) Updating active symbols. max_freq=2 min_freq=1
bpe_model_trainer.cc(257) LOG(INFO) Added: freq=2 size=4320 all=38161 active=1937 piece=▁pascap
bpe_model_trainer.cc(257) LOG(INFO) Added: freq=2 size=4340 all=38195 active=1971 piece=▁school
bpe_model_trainer.cc(257) LOG(INFO) Added: freq=2 size=4360 all=38222 active=1998 piece=▁thrace
bpe_model_trainer.cc(257) LOG(INFO) Added: freq=2 size=4380 all=38262 active=2038 piece=eluarkan
bpe_model_trainer.cc(257) LOG(INFO) Added: freq=2 size=4400 all=38301 active=2077 piece=▁artikel
bpe_model_trainer.cc(166) LOG(INFO) Updating active symbols. max_freq=2 min_freq=1
bpe_model_trainer.cc(257) LOG(INFO) Added: freq=2 size=4420 all=38335 active=1947 piece=▁dipilih
bpe_model_trainer.cc(257) LOG(INFO) Added: freq=2 size=4440 all=38363 active=1975 piece=▁jawaban
bpe_model_trainer.cc(257) LOG(INFO) Added: freq=2 size=4460 all=38391 active=2003 piece=▁lincoln
bpe_model_trainer.cc(257) LOG(INFO) Added: freq=2 size=4480 all=38428 active=2040 piece=▁perkota
bpe_model_trainer.cc(257) LOG(INFO) Added: freq=2 size=4500 all=38461 active=2073 piece=▁spotify
bpe_model_trainer.cc(166) LOG(INFO) Updating active symbols. max_freq=2 min_freq=1
bpe_model_trainer.cc(257) LOG(INFO) Added: freq=2 size=4520 all=38494 active=1954 piece=an▁minggu
bpe_model_trainer.cc(257) LOG(INFO) Added: freq=2 size=4540 all=38523 active=1983 piece=▁augustus
bpe_model_trainer.cc(257) LOG(INFO) Added: freq=2 size=4560 all=38548 active=2008 piece=▁di▁kelas
bpe_model_trainer.cc(257) LOG(INFO) Added: freq=2 size=4580 all=38572 active=2032 piece=▁islandia
bpe_model_trainer.cc(257) LOG(INFO) Added: freq=2 size=4600 all=38595 active=2055 piece=▁melarang
bpe_model_trainer.cc(166) LOG(INFO) Updating active symbols. max_freq=2 min_freq=1
bpe_model_trainer.cc(257) LOG(INFO) Added: freq=2 size=4620 all=38627 active=1960 piece=▁olahraga
trainer_interface.cc(507) LOG(INFO) Saving model: models/id_bpe_4689_vocab.model
trainer_interface.cc(531) LOG(INFO) Saving vocabs: models/id_bpe_4689_vocab.vocab
